action,file,timestamp,runtime,lazy,blocksize,prefetch_storage
read_s3fs_nib,"['hydi-tractography/hydi_tracks.10_58_0.trk']",520414842249392,44.675401081000004,False,67108864,"[]"
read_mem_nib,"['/dev/shm/hydi_tracks.10_58_0.trk']",520472732441991,13.212638322,False,0,"[]"
read_mem_bytes,"['/dev/shm/hydi_tracks.10_58_0.trk']",520498149632275,0.50068409,False,0,"[]"
read_s3fs_bytes,"['hydi-tractography/hydi_tracks.10_58_0.trk']",520499025768658,12.092544442000001,False,67108864,"[]"
read_s3fs_bytes,"['hydi-tractography/hydi_tracks.10_58_0.trk', 'hydi-tractography/hydi_tracks.10_58_1.trk']",520511401615044,34.686091537,False,67108864,"[]"
read_mem_nib,"['/dev/shm/hydi_tracks.10_58_0.trk', '/dev/shm/hydi_tracks.10_58_1.trk']",520565651069202,27.247571646,False,0,"[]"
read_mem_bytes,"['/dev/shm/hydi_tracks.10_58_0.trk', '/dev/shm/hydi_tracks.10_58_1.trk']",520615291379569,0.9669582510000001,False,0,"[]"
read_s3fs_nib,"['hydi-tractography/hydi_tracks.10_58_0.trk', 'hydi-tractography/hydi_tracks.10_58_1.trk']",520616736654813,92.523279861,False,67108864,"[]"
read_s3fs_nib,"['hydi-tractography/hydi_tracks.10_58_0.trk', 'hydi-tractography/hydi_tracks.10_58_1.trk', 'hydi-tractography/hydi_tracks.10_58_2.trk']",520709547943748,158.40195111300002,False,67108864,"[]"
read_mem_bytes,"['/dev/shm/hydi_tracks.10_58_0.trk', '/dev/shm/hydi_tracks.10_58_1.trk', '/dev/shm/hydi_tracks.10_58_2.trk']",520900975815711,1.6046893420000001,False,0,"[]"
read_mem_nib,"['/dev/shm/hydi_tracks.10_58_0.trk', '/dev/shm/hydi_tracks.10_58_1.trk', '/dev/shm/hydi_tracks.10_58_2.trk']",520935547990370,40.575977299,False,0,"[]"
read_s3fs_bytes,"['hydi-tractography/hydi_tracks.10_58_0.trk', 'hydi-tractography/hydi_tracks.10_58_1.trk', 'hydi-tractography/hydi_tracks.10_58_2.trk']",520976737783405,39.671417392,False,67108864,"[]"
read_s3fs_bytes,"['hydi-tractography/hydi_tracks.10_58_0.trk', 'hydi-tractography/hydi_tracks.10_58_1.trk', 'hydi-tractography/hydi_tracks.10_58_2.trk', 'hydi-tractography/hydi_tracks.10_58_3.trk']",521016702175247,55.743280432000006,False,67108864,"[]"
read_mem_bytes,"['/dev/shm/hydi_tracks.10_58_0.trk', '/dev/shm/hydi_tracks.10_58_1.trk', '/dev/shm/hydi_tracks.10_58_2.trk', '/dev/shm/hydi_tracks.10_58_3.trk']",521111578205510,1.9691358620000001,False,0,"[]"
read_s3fs_nib,"['hydi-tractography/hydi_tracks.10_58_0.trk', 'hydi-tractography/hydi_tracks.10_58_1.trk', 'hydi-tractography/hydi_tracks.10_58_2.trk', 'hydi-tractography/hydi_tracks.10_58_3.trk']",521114235458765,191.03637972,False,67108864,"[]"
read_mem_nib,"['/dev/shm/hydi_tracks.10_58_0.trk', '/dev/shm/hydi_tracks.10_58_1.trk', '/dev/shm/hydi_tracks.10_58_2.trk', '/dev/shm/hydi_tracks.10_58_3.trk']",521344755502358,53.381015723000004,False,0,"[]"
read_s3fs_nib,"['hydi-tractography/hydi_tracks.10_58_0.trk', 'hydi-tractography/hydi_tracks.10_58_1.trk', 'hydi-tractography/hydi_tracks.10_58_2.trk', 'hydi-tractography/hydi_tracks.10_58_3.trk', 'hydi-tractography/hydi_tracks.10_58_4.trk']",521398819923361,261.595454936,False,67108864,"[]"
read_mem_nib,"['/dev/shm/hydi_tracks.10_58_0.trk', '/dev/shm/hydi_tracks.10_58_1.trk', '/dev/shm/hydi_tracks.10_58_2.trk', '/dev/shm/hydi_tracks.10_58_3.trk', '/dev/shm/hydi_tracks.10_58_4.trk']",521714876183824,67.661839392,False,0,"[]"
read_s3fs_bytes,"['hydi-tractography/hydi_tracks.10_58_0.trk', 'hydi-tractography/hydi_tracks.10_58_1.trk', 'hydi-tractography/hydi_tracks.10_58_2.trk', 'hydi-tractography/hydi_tracks.10_58_3.trk', 'hydi-tractography/hydi_tracks.10_58_4.trk']",521783362551437,76.17854963900001,False,67108864,"[]"
read_mem_bytes,"['/dev/shm/hydi_tracks.10_58_0.trk', '/dev/shm/hydi_tracks.10_58_1.trk', '/dev/shm/hydi_tracks.10_58_2.trk', '/dev/shm/hydi_tracks.10_58_3.trk', '/dev/shm/hydi_tracks.10_58_4.trk']",521912577082866,2.658486443,False,0,"[]"
read_s3fs_bytes,"['hydi-tractography/hydi_tracks.10_58_0.trk']",521916074517126,12.012593952000001,False,67108864,"[]"
read_s3fs_nib,"['hydi-tractography/hydi_tracks.10_58_0.trk']",521928373823420,43.543716033,False,67108864,"[]"
read_mem_nib,"['/dev/shm/hydi_tracks.10_58_0.trk']",521984473153058,13.233994234,False,0,"[]"
read_mem_bytes,"['/dev/shm/hydi_tracks.10_58_0.trk']",522010289506808,0.483030493,False,0,"[]"
read_s3fs_bytes,"['hydi-tractography/hydi_tracks.10_58_0.trk', 'hydi-tractography/hydi_tracks.10_58_1.trk']",522011157121504,25.862049003000003,False,67108864,"[]"
read_mem_nib,"['/dev/shm/hydi_tracks.10_58_0.trk', '/dev/shm/hydi_tracks.10_58_1.trk']",522056522590391,27.162808738000003,False,0,"[]"
read_mem_bytes,"['/dev/shm/hydi_tracks.10_58_0.trk', '/dev/shm/hydi_tracks.10_58_1.trk']",522104781801432,0.9652916610000001,False,0,"[]"
read_s3fs_nib,"['hydi-tractography/hydi_tracks.10_58_0.trk', 'hydi-tractography/hydi_tracks.10_58_1.trk']",522106228163481,85.982653373,False,67108864,"[]"
read_s3fs_nib,"['hydi-tractography/hydi_tracks.10_58_0.trk', 'hydi-tractography/hydi_tracks.10_58_1.trk', 'hydi-tractography/hydi_tracks.10_58_2.trk']",522192485931829,150.591447573,False,67108864,"[]"
read_mem_nib,"['/dev/shm/hydi_tracks.10_58_0.trk', '/dev/shm/hydi_tracks.10_58_1.trk', '/dev/shm/hydi_tracks.10_58_2.trk']",522375101615655,40.420002904,False,0,"[]"
read_mem_bytes,"['/dev/shm/hydi_tracks.10_58_0.trk', '/dev/shm/hydi_tracks.10_58_1.trk', '/dev/shm/hydi_tracks.10_58_2.trk']",522449668858805,1.6564872270000002,False,0,"[]"
read_s3fs_bytes,"['hydi-tractography/hydi_tracks.10_58_0.trk', 'hydi-tractography/hydi_tracks.10_58_1.trk', 'hydi-tractography/hydi_tracks.10_58_2.trk']",522451923510025,41.390483385,False,67108864,"[]"
read_s3fs_bytes,"['hydi-tractography/hydi_tracks.10_58_0.trk', 'hydi-tractography/hydi_tracks.10_58_1.trk', 'hydi-tractography/hydi_tracks.10_58_2.trk', 'hydi-tractography/hydi_tracks.10_58_3.trk']",522493591892773,55.959073563000004,False,67108864,"[]"
read_mem_nib,"['/dev/shm/hydi_tracks.10_58_0.trk', '/dev/shm/hydi_tracks.10_58_1.trk', '/dev/shm/hydi_tracks.10_58_2.trk', '/dev/shm/hydi_tracks.10_58_3.trk']",522589655419902,52.963420092,False,0,"[]"
read_mem_bytes,"['/dev/shm/hydi_tracks.10_58_0.trk', '/dev/shm/hydi_tracks.10_58_1.trk', '/dev/shm/hydi_tracks.10_58_2.trk', '/dev/shm/hydi_tracks.10_58_3.trk']",522682772882039,1.970603418,False,0,"[]"
read_s3fs_nib,"['hydi-tractography/hydi_tracks.10_58_0.trk', 'hydi-tractography/hydi_tracks.10_58_1.trk', 'hydi-tractography/hydi_tracks.10_58_2.trk', 'hydi-tractography/hydi_tracks.10_58_3.trk']",522685444077585,177.922273956,False,67108864,"[]"
read_s3fs_bytes,"['hydi-tractography/hydi_tracks.10_58_0.trk', 'hydi-tractography/hydi_tracks.10_58_1.trk', 'hydi-tractography/hydi_tracks.10_58_2.trk', 'hydi-tractography/hydi_tracks.10_58_3.trk', 'hydi-tractography/hydi_tracks.10_58_4.trk']",522863647269183,87.50057135,False,67108864,"[]"
read_mem_bytes,"['/dev/shm/hydi_tracks.10_58_0.trk', '/dev/shm/hydi_tracks.10_58_1.trk', '/dev/shm/hydi_tracks.10_58_2.trk', '/dev/shm/hydi_tracks.10_58_3.trk', '/dev/shm/hydi_tracks.10_58_4.trk']",523003923319941,2.6920222540000003,False,0,"[]"
read_s3fs_nib,"['hydi-tractography/hydi_tracks.10_58_0.trk', 'hydi-tractography/hydi_tracks.10_58_1.trk', 'hydi-tractography/hydi_tracks.10_58_2.trk', 'hydi-tractography/hydi_tracks.10_58_3.trk', 'hydi-tractography/hydi_tracks.10_58_4.trk']",523007452920621,253.93590060600002,False,67108864,"[]"
read_mem_nib,"['/dev/shm/hydi_tracks.10_58_0.trk', '/dev/shm/hydi_tracks.10_58_1.trk', '/dev/shm/hydi_tracks.10_58_2.trk', '/dev/shm/hydi_tracks.10_58_3.trk', '/dev/shm/hydi_tracks.10_58_4.trk']",523316228818136,67.579530057,False,0,"[]"
read_mem_bytes,"['/dev/shm/hydi_tracks.10_58_0.trk']",523397255750427,0.47865071400000003,False,0,"[]"
read_mem_nib,"['/dev/shm/hydi_tracks.10_58_0.trk']",523410996564483,13.191289259000001,False,0,"[]"
read_s3fs_bytes,"['hydi-tractography/hydi_tracks.10_58_0.trk']",523424561301119,12.183806703,False,67108864,"[]"
read_s3fs_nib,"['hydi-tractography/hydi_tracks.10_58_0.trk']",523437026666738,42.471687255000006,False,67108864,"[]"
read_mem_bytes,"['/dev/shm/hydi_tracks.10_58_0.trk', '/dev/shm/hydi_tracks.10_58_1.trk']",523499328889313,0.9689657140000001,False,0,"[]"
read_s3fs_bytes,"['hydi-tractography/hydi_tracks.10_58_0.trk', 'hydi-tractography/hydi_tracks.10_58_1.trk']",523500774008387,24.272075201,False,67108864,"[]"
read_s3fs_nib,"['hydi-tractography/hydi_tracks.10_58_0.trk', 'hydi-tractography/hydi_tracks.10_58_1.trk']",523525318658755,86.331781152,False,67108864,"[]"
read_mem_nib,"['/dev/shm/hydi_tracks.10_58_0.trk', '/dev/shm/hydi_tracks.10_58_1.trk']",523632653879936,27.324720258000003,False,0,"[]"
read_mem_bytes,"['/dev/shm/hydi_tracks.10_58_0.trk', '/dev/shm/hydi_tracks.10_58_1.trk', '/dev/shm/hydi_tracks.10_58_2.trk']",523693913500613,1.608890407,False,0,"[]"
read_s3fs_nib,"['hydi-tractography/hydi_tracks.10_58_0.trk', 'hydi-tractography/hydi_tracks.10_58_1.trk', 'hydi-tractography/hydi_tracks.10_58_2.trk']",523696125568278,150.08752951,False,67108864,"[]"
read_mem_nib,"['/dev/shm/hydi_tracks.10_58_0.trk', '/dev/shm/hydi_tracks.10_58_1.trk', '/dev/shm/hydi_tracks.10_58_2.trk']",523878562084872,40.665370004,False,0,"[]"
read_s3fs_bytes,"['hydi-tractography/hydi_tracks.10_58_0.trk', 'hydi-tractography/hydi_tracks.10_58_1.trk', 'hydi-tractography/hydi_tracks.10_58_2.trk']",523919848012039,41.473742527000006,False,67108864,"[]"
read_mem_bytes,"['/dev/shm/hydi_tracks.10_58_0.trk', '/dev/shm/hydi_tracks.10_58_1.trk', '/dev/shm/hydi_tracks.10_58_2.trk', '/dev/shm/hydi_tracks.10_58_3.trk']",524000694077542,1.955608221,False,0,"[]"
read_s3fs_bytes,"['hydi-tractography/hydi_tracks.10_58_0.trk', 'hydi-tractography/hydi_tracks.10_58_1.trk', 'hydi-tractography/hydi_tracks.10_58_2.trk', 'hydi-tractography/hydi_tracks.10_58_3.trk']",524003327885631,52.835920684,False,67108864,"[]"
read_s3fs_nib,"['hydi-tractography/hydi_tracks.10_58_0.trk', 'hydi-tractography/hydi_tracks.10_58_1.trk', 'hydi-tractography/hydi_tracks.10_58_2.trk', 'hydi-tractography/hydi_tracks.10_58_3.trk']",524056439825497,181.193504249,False,67108864,"[]"
read_mem_nib,"['/dev/shm/hydi_tracks.10_58_0.trk', '/dev/shm/hydi_tracks.10_58_1.trk', '/dev/shm/hydi_tracks.10_58_2.trk', '/dev/shm/hydi_tracks.10_58_3.trk']",524279001821863,53.684504149000006,False,0,"[]"
read_s3fs_nib,"['hydi-tractography/hydi_tracks.10_58_0.trk', 'hydi-tractography/hydi_tracks.10_58_1.trk', 'hydi-tractography/hydi_tracks.10_58_2.trk', 'hydi-tractography/hydi_tracks.10_58_3.trk', 'hydi-tractography/hydi_tracks.10_58_4.trk']",524333369186403,256.474218565,False,67108864,"[]"
read_mem_nib,"['/dev/shm/hydi_tracks.10_58_0.trk', '/dev/shm/hydi_tracks.10_58_1.trk', '/dev/shm/hydi_tracks.10_58_2.trk', '/dev/shm/hydi_tracks.10_58_3.trk', '/dev/shm/hydi_tracks.10_58_4.trk']",524644061766322,67.91493678100001,False,0,"[]"
read_s3fs_bytes,"['hydi-tractography/hydi_tracks.10_58_0.trk', 'hydi-tractography/hydi_tracks.10_58_1.trk', 'hydi-tractography/hydi_tracks.10_58_2.trk', 'hydi-tractography/hydi_tracks.10_58_3.trk', 'hydi-tractography/hydi_tracks.10_58_4.trk']",524712791852970,77.063225403,False,67108864,"[]"
read_mem_bytes,"['/dev/shm/hydi_tracks.10_58_0.trk', '/dev/shm/hydi_tracks.10_58_1.trk', '/dev/shm/hydi_tracks.10_58_2.trk', '/dev/shm/hydi_tracks.10_58_3.trk', '/dev/shm/hydi_tracks.10_58_4.trk']",524843105369501,2.690114807,False,0,"[]"
read_s3fs_bytes,"['hydi-tractography/hydi_tracks.10_58_0.trk']",524846639418213,12.015461995,False,67108864,"[]"
read_mem_nib,"['/dev/shm/hydi_tracks.10_58_0.trk']",524870779092338,13.160934093000002,False,0,"[]"
read_mem_bytes,"['/dev/shm/hydi_tracks.10_58_0.trk']",524896368946852,0.484006765,False,0,"[]"
read_s3fs_nib,"['hydi-tractography/hydi_tracks.10_58_0.trk']",524897226216285,45.490033186000005,False,67108864,"[]"
read_mem_bytes,"['/dev/shm/hydi_tracks.10_58_0.trk', '/dev/shm/hydi_tracks.10_58_1.trk']",524963323112009,1.007480128,False,0,"[]"
read_mem_nib,"['/dev/shm/hydi_tracks.10_58_0.trk', '/dev/shm/hydi_tracks.10_58_1.trk']",524985488389093,26.902637491,False,0,"[]"
read_s3fs_nib,"['hydi-tractography/hydi_tracks.10_58_0.trk', 'hydi-tractography/hydi_tracks.10_58_1.trk']",525012861938421,88.88445176200001,False,67108864,"[]"
read_s3fs_bytes,"['hydi-tractography/hydi_tracks.10_58_0.trk', 'hydi-tractography/hydi_tracks.10_58_1.trk']",525102026350936,24.805459939000002,False,67108864,"[]"
read_s3fs_nib,"['hydi-tractography/hydi_tracks.10_58_0.trk', 'hydi-tractography/hydi_tracks.10_58_1.trk', 'hydi-tractography/hydi_tracks.10_58_2.trk']",525127094961718,176.10826635,False,67108864,"[]"
read_mem_bytes,"['/dev/shm/hydi_tracks.10_58_0.trk', '/dev/shm/hydi_tracks.10_58_1.trk', '/dev/shm/hydi_tracks.10_58_2.trk']",525335630836912,1.6095784860000002,False,0,"[]"
read_mem_nib,"['/dev/shm/hydi_tracks.10_58_0.trk', '/dev/shm/hydi_tracks.10_58_1.trk', '/dev/shm/hydi_tracks.10_58_2.trk']",525370628563588,40.913422654,False,0,"[]"
read_s3fs_bytes,"['hydi-tractography/hydi_tracks.10_58_0.trk', 'hydi-tractography/hydi_tracks.10_58_1.trk', 'hydi-tractography/hydi_tracks.10_58_2.trk']",525412137935577,42.756442354,False,67108864,"[]"
read_mem_nib,"['/dev/shm/hydi_tracks.10_58_0.trk', '/dev/shm/hydi_tracks.10_58_1.trk', '/dev/shm/hydi_tracks.10_58_2.trk', '/dev/shm/hydi_tracks.10_58_3.trk']",525494610695505,53.283509448000004,False,0,"[]"
read_s3fs_bytes,"['hydi-tractography/hydi_tracks.10_58_0.trk', 'hydi-tractography/hydi_tracks.10_58_1.trk', 'hydi-tractography/hydi_tracks.10_58_2.trk', 'hydi-tractography/hydi_tracks.10_58_3.trk']",525548570208133,55.798659122000004,False,67108864,"[]"
read_s3fs_nib,"['hydi-tractography/hydi_tracks.10_58_0.trk', 'hydi-tractography/hydi_tracks.10_58_1.trk', 'hydi-tractography/hydi_tracks.10_58_2.trk', 'hydi-tractography/hydi_tracks.10_58_3.trk']",525604666823601,184.009115183,False,67108864,"[]"
read_mem_bytes,"['/dev/shm/hydi_tracks.10_58_0.trk', '/dev/shm/hydi_tracks.10_58_1.trk', '/dev/shm/hydi_tracks.10_58_2.trk', '/dev/shm/hydi_tracks.10_58_3.trk']",525828519127568,2.020364651,False,0,"[]"
read_s3fs_nib,"['hydi-tractography/hydi_tracks.10_58_0.trk', 'hydi-tractography/hydi_tracks.10_58_1.trk', 'hydi-tractography/hydi_tracks.10_58_2.trk', 'hydi-tractography/hydi_tracks.10_58_3.trk', 'hydi-tractography/hydi_tracks.10_58_4.trk']",525831222311447,262.694277376,False,67108864,"[]"
read_mem_nib,"['/dev/shm/hydi_tracks.10_58_0.trk', '/dev/shm/hydi_tracks.10_58_1.trk', '/dev/shm/hydi_tracks.10_58_2.trk', '/dev/shm/hydi_tracks.10_58_3.trk', '/dev/shm/hydi_tracks.10_58_4.trk']",526150032689424,67.604562082,False,0,"[]"
read_s3fs_bytes,"['hydi-tractography/hydi_tracks.10_58_0.trk', 'hydi-tractography/hydi_tracks.10_58_1.trk', 'hydi-tractography/hydi_tracks.10_58_2.trk', 'hydi-tractography/hydi_tracks.10_58_3.trk', 'hydi-tractography/hydi_tracks.10_58_4.trk']",526218491162379,77.18433916000001,False,67108864,"[]"
read_mem_bytes,"['/dev/shm/hydi_tracks.10_58_0.trk', '/dev/shm/hydi_tracks.10_58_1.trk', '/dev/shm/hydi_tracks.10_58_2.trk', '/dev/shm/hydi_tracks.10_58_3.trk', '/dev/shm/hydi_tracks.10_58_4.trk']",526348843005006,2.703808174,False,0,"[]"
read_s3fs_bytes,"['hydi-tractography/hydi_tracks.10_58_0.trk']",526352371895454,12.035689368,False,67108864,"[]"
read_s3fs_nib,"['hydi-tractography/hydi_tracks.10_58_0.trk']",526364686235439,42.408715013000005,False,67108864,"[]"
read_mem_nib,"['/dev/shm/hydi_tracks.10_58_0.trk']",526419235393168,13.202922947000001,False,0,"[]"
read_mem_bytes,"['/dev/shm/hydi_tracks.10_58_0.trk']",526452119068960,0.47906581600000003,False,0,"[]"
read_mem_bytes,"['/dev/shm/hydi_tracks.10_58_0.trk', '/dev/shm/hydi_tracks.10_58_1.trk']",526472452293756,1.004118429,False,0,"[]"
read_s3fs_nib,"['hydi-tractography/hydi_tracks.10_58_0.trk', 'hydi-tractography/hydi_tracks.10_58_1.trk']",526473931155804,89.74350291500001,False,67108864,"[]"
read_mem_nib,"['/dev/shm/hydi_tracks.10_58_0.trk', '/dev/shm/hydi_tracks.10_58_1.trk']",526583604398535,27.028708191000003,False,0,"[]"
read_s3fs_bytes,"['hydi-tractography/hydi_tracks.10_58_0.trk', 'hydi-tractography/hydi_tracks.10_58_1.trk']",526611093780445,24.289890509000003,False,67108864,"[]"
read_mem_bytes,"['/dev/shm/hydi_tracks.10_58_0.trk', '/dev/shm/hydi_tracks.10_58_1.trk', '/dev/shm/hydi_tracks.10_58_2.trk']",526667709505564,1.6315849980000001,False,0,"[]"
read_s3fs_nib,"['hydi-tractography/hydi_tracks.10_58_0.trk', 'hydi-tractography/hydi_tracks.10_58_1.trk', 'hydi-tractography/hydi_tracks.10_58_2.trk']",526669953422834,146.59695709500002,False,67108864,"[]"
read_mem_nib,"['/dev/shm/hydi_tracks.10_58_0.trk', '/dev/shm/hydi_tracks.10_58_1.trk', '/dev/shm/hydi_tracks.10_58_2.trk']",526848979507203,40.539207446000006,False,0,"[]"
read_s3fs_bytes,"['hydi-tractography/hydi_tracks.10_58_0.trk', 'hydi-tractography/hydi_tracks.10_58_1.trk', 'hydi-tractography/hydi_tracks.10_58_2.trk']",526890112190200,39.614625643000004,False,67108864,"[]"
read_mem_nib,"['/dev/shm/hydi_tracks.10_58_0.trk', '/dev/shm/hydi_tracks.10_58_1.trk', '/dev/shm/hydi_tracks.10_58_2.trk', '/dev/shm/hydi_tracks.10_58_3.trk']",526970003280690,53.144749098000005,False,0,"[]"
read_s3fs_bytes,"['hydi-tractography/hydi_tracks.10_58_0.trk', 'hydi-tractography/hydi_tracks.10_58_1.trk', 'hydi-tractography/hydi_tracks.10_58_2.trk', 'hydi-tractography/hydi_tracks.10_58_3.trk']",527023824895699,56.930718353,False,67108864,"[]"
read_s3fs_nib,"['hydi-tractography/hydi_tracks.10_58_0.trk', 'hydi-tractography/hydi_tracks.10_58_1.trk', 'hydi-tractography/hydi_tracks.10_58_2.trk', 'hydi-tractography/hydi_tracks.10_58_3.trk']",527081033087670,179.49568752800002,False,67108864,"[]"
read_mem_bytes,"['/dev/shm/hydi_tracks.10_58_0.trk', '/dev/shm/hydi_tracks.10_58_1.trk', '/dev/shm/hydi_tracks.10_58_2.trk', '/dev/shm/hydi_tracks.10_58_3.trk']",527300116144835,1.9662826480000002,False,0,"[]"
read_mem_bytes,"['/dev/shm/hydi_tracks.10_58_0.trk', '/dev/shm/hydi_tracks.10_58_1.trk', '/dev/shm/hydi_tracks.10_58_2.trk', '/dev/shm/hydi_tracks.10_58_3.trk', '/dev/shm/hydi_tracks.10_58_4.trk']",527359383237675,2.677403088,False,0,"[]"
read_s3fs_nib,"['hydi-tractography/hydi_tracks.10_58_0.trk', 'hydi-tractography/hydi_tracks.10_58_1.trk', 'hydi-tractography/hydi_tracks.10_58_2.trk', 'hydi-tractography/hydi_tracks.10_58_3.trk', 'hydi-tractography/hydi_tracks.10_58_4.trk']",527362875700418,254.93373996800003,False,67108864,"[]"
read_mem_nib,"['/dev/shm/hydi_tracks.10_58_0.trk', '/dev/shm/hydi_tracks.10_58_1.trk', '/dev/shm/hydi_tracks.10_58_2.trk', '/dev/shm/hydi_tracks.10_58_3.trk', '/dev/shm/hydi_tracks.10_58_4.trk']",527672785966769,68.046681769,False,0,"[]"
read_s3fs_bytes,"['hydi-tractography/hydi_tracks.10_58_0.trk', 'hydi-tractography/hydi_tracks.10_58_1.trk', 'hydi-tractography/hydi_tracks.10_58_2.trk', 'hydi-tractography/hydi_tracks.10_58_3.trk', 'hydi-tractography/hydi_tracks.10_58_4.trk']",527741630958881,66.29564439800001,False,67108864,"[]"
