action,file,timestamp,runtime,lazy,blocksize,prefetch_storage
read_trk,"<File-like object S3FileSystem, hydi-tractography/hydi_tracks.10_58_0.trk>",510250367441943,58.333720894,False,0,"[]"
read_trk,"<File-like object S3FileSystem, hydi-tractography/hydi_tracks.10_58_1.trk>",510308706505169,63.558646266000004,False,0,"[]"
read_trk,"<File-like object S3FileSystem, hydi-tractography/hydi_tracks.10_58_2.trk>",510372266453793,77.135558411,False,0,"[]"
read_trk,"<File-like object S3FileSystem, hydi-tractography/hydi_tracks.10_58_3.trk>",510449403399089,49.761167544,False,0,"[]"
read_trk,"<File-like object S3FileSystem, hydi-tractography/hydi_tracks.10_58_4.trk>",510499165873760,84.688981491,False,0,"[]"
read_s3fs,"['hydi-tractography/hydi_tracks.10_58_0.trk', 'hydi-tractography/hydi_tracks.10_58_1.trk', 'hydi-tractography/hydi_tracks.10_58_2.trk', 'hydi-tractography/hydi_tracks.10_58_3.trk', 'hydi-tractography/hydi_tracks.10_58_4.trk']",510250196982485,333.658507348,False,67108864,"[]"
read_trk,"<File-like object S3PrefetchFileSystem, hydi-tractography/hydi_tracks.10_58_4.trk>",510584444740762,221.091621836,False,0,"[]"
read_prefetched,"['vhs-bucket/hydi-header.trk', 'hydi-tractography/hydi_tracks.10_58_0.trk', 'hydi-tractography/hydi_tracks.10_58_1.trk', 'hydi-tractography/hydi_tracks.10_58_2.trk', 'hydi-tractography/hydi_tracks.10_58_3.trk', 'hydi-tractography/hydi_tracks.10_58_4.trk']",510583855596953,221.68460992,False,67108864,"[('/dev/shm', 1024)]"
read_trk,"<File-like object S3FileSystem, hydi-tractography/hydi_tracks.10_58_0.trk>",510805798511223,54.618816752,False,0,"[]"
read_trk,"<File-like object S3FileSystem, hydi-tractography/hydi_tracks.10_58_1.trk>",510860418703946,56.250719531,False,0,"[]"
read_trk,"<File-like object S3FileSystem, hydi-tractography/hydi_tracks.10_58_2.trk>",510916670744270,65.660523594,False,0,"[]"
read_trk,"<File-like object S3FileSystem, hydi-tractography/hydi_tracks.10_58_3.trk>",510982332743601,43.752453116000005,False,0,"[]"
read_trk,"<File-like object S3FileSystem, hydi-tractography/hydi_tracks.10_58_4.trk>",511026086464109,76.398244381,False,0,"[]"
read_s3fs,"['hydi-tractography/hydi_tracks.10_58_0.trk', 'hydi-tractography/hydi_tracks.10_58_1.trk', 'hydi-tractography/hydi_tracks.10_58_2.trk', 'hydi-tractography/hydi_tracks.10_58_3.trk', 'hydi-tractography/hydi_tracks.10_58_4.trk']",510805540355620,296.945045621,False,67108864,"[]"
read_trk,"<File-like object S3PrefetchFileSystem, hydi-tractography/hydi_tracks.10_58_4.trk>",511102860162993,218.454446388,False,0,"[]"
read_prefetched,"['vhs-bucket/hydi-header.trk', 'hydi-tractography/hydi_tracks.10_58_0.trk', 'hydi-tractography/hydi_tracks.10_58_1.trk', 'hydi-tractography/hydi_tracks.10_58_2.trk', 'hydi-tractography/hydi_tracks.10_58_3.trk', 'hydi-tractography/hydi_tracks.10_58_4.trk']",511102485506155,218.829428201,False,67108864,"[('/dev/shm', 1024)]"
read_trk,"<File-like object S3FileSystem, hydi-tractography/hydi_tracks.10_58_0.trk>",511321498249771,50.651155219,False,0,"[]"
read_trk,"<File-like object S3FileSystem, hydi-tractography/hydi_tracks.10_58_1.trk>",511372150787143,52.025347162,False,0,"[]"
read_trk,"<File-like object S3FileSystem, hydi-tractography/hydi_tracks.10_58_2.trk>",511424177472732,70.820043096,False,0,"[]"
read_trk,"<File-like object S3FileSystem, hydi-tractography/hydi_tracks.10_58_3.trk>",511494998894171,40.223569494,False,0,"[]"
read_trk,"<File-like object S3FileSystem, hydi-tractography/hydi_tracks.10_58_4.trk>",511535223773312,70.004650665,False,0,"[]"
read_s3fs,"['hydi-tractography/hydi_tracks.10_58_0.trk', 'hydi-tractography/hydi_tracks.10_58_1.trk', 'hydi-tractography/hydi_tracks.10_58_2.trk', 'hydi-tractography/hydi_tracks.10_58_3.trk', 'hydi-tractography/hydi_tracks.10_58_4.trk']",511321315091719,283.913923962,False,67108864,"[]"
read_trk,"<File-like object S3PrefetchFileSystem, hydi-tractography/hydi_tracks.10_58_4.trk>",511605712108060,219.685266,False,0,"[]"
read_prefetched,"['vhs-bucket/hydi-header.trk', 'hydi-tractography/hydi_tracks.10_58_0.trk', 'hydi-tractography/hydi_tracks.10_58_1.trk', 'hydi-tractography/hydi_tracks.10_58_2.trk', 'hydi-tractography/hydi_tracks.10_58_3.trk', 'hydi-tractography/hydi_tracks.10_58_4.trk']",511605229138058,220.172279094,False,67108864,"[('/dev/shm', 1024)]"
read_trk,"<File-like object S3FileSystem, hydi-tractography/hydi_tracks.10_58_0.trk>",511825644739445,49.954336675,False,0,"[]"
read_trk,"<File-like object S3FileSystem, hydi-tractography/hydi_tracks.10_58_1.trk>",511875604401700,48.543879179,False,0,"[]"
read_trk,"<File-like object S3FileSystem, hydi-tractography/hydi_tracks.10_58_2.trk>",511924149667472,58.795451931,False,0,"[]"
read_trk,"<File-like object S3FileSystem, hydi-tractography/hydi_tracks.10_58_3.trk>",511982946486771,38.808331704000004,False,0,"[]"
read_trk,"<File-like object S3FileSystem, hydi-tractography/hydi_tracks.10_58_4.trk>",512021756202470,61.552029517,False,0,"[]"
read_s3fs,"['hydi-tractography/hydi_tracks.10_58_0.trk', 'hydi-tractography/hydi_tracks.10_58_1.trk', 'hydi-tractography/hydi_tracks.10_58_2.trk', 'hydi-tractography/hydi_tracks.10_58_3.trk', 'hydi-tractography/hydi_tracks.10_58_4.trk']",511825401570212,257.90725239100004,False,67108864,"[]"
read_trk,"<File-like object S3PrefetchFileSystem, hydi-tractography/hydi_tracks.10_58_4.trk>",512083774764970,218.402379859,False,0,"[]"
read_prefetched,"['vhs-bucket/hydi-header.trk', 'hydi-tractography/hydi_tracks.10_58_0.trk', 'hydi-tractography/hydi_tracks.10_58_1.trk', 'hydi-tractography/hydi_tracks.10_58_2.trk', 'hydi-tractography/hydi_tracks.10_58_3.trk', 'hydi-tractography/hydi_tracks.10_58_4.trk']",512083308923238,218.87219212800002,False,67108864,"[('/dev/shm', 1024)]"
read_trk,"<File-like object S3FileSystem, hydi-tractography/hydi_tracks.10_58_0.trk>",512302451772736,48.532638125000005,False,0,"[]"
read_trk,"<File-like object S3FileSystem, hydi-tractography/hydi_tracks.10_58_1.trk>",512350989150187,49.722836831,False,0,"[]"
read_trk,"<File-like object S3FileSystem, hydi-tractography/hydi_tracks.10_58_2.trk>",512400713348132,60.935795816,False,0,"[]"
read_trk,"<File-like object S3FileSystem, hydi-tractography/hydi_tracks.10_58_3.trk>",512461650490325,38.401419721,False,0,"[]"
read_trk,"<File-like object S3FileSystem, hydi-tractography/hydi_tracks.10_58_4.trk>",512500053236664,63.303932273,False,0,"[]"
read_s3fs,"['hydi-tractography/hydi_tracks.10_58_0.trk', 'hydi-tractography/hydi_tracks.10_58_1.trk', 'hydi-tractography/hydi_tracks.10_58_2.trk', 'hydi-tractography/hydi_tracks.10_58_3.trk', 'hydi-tractography/hydi_tracks.10_58_4.trk']",512302181261584,261.176512141,False,67108864,"[]"
read_trk,"<File-like object S3PrefetchFileSystem, hydi-tractography/hydi_tracks.10_58_4.trk>",512563852016507,221.203918934,False,0,"[]"
read_prefetched,"['vhs-bucket/hydi-header.trk', 'hydi-tractography/hydi_tracks.10_58_0.trk', 'hydi-tractography/hydi_tracks.10_58_1.trk', 'hydi-tractography/hydi_tracks.10_58_2.trk', 'hydi-tractography/hydi_tracks.10_58_3.trk', 'hydi-tractography/hydi_tracks.10_58_4.trk']",512563357880843,221.702934736,False,67108864,"[('/dev/shm', 1024)]"
