action,file,timestamp,runtime,lazy,blocksize,prefetch_storage
read_trk,"<File-like object S3FileSystem, hydi-tractography/hydi_tracks.10_58_0.trk>",475324463740855,67.59820423400001,True,0,"[]"
read_trk,"<File-like object S3FileSystem, hydi-tractography/hydi_tracks.10_58_1.trk>",475392064208112,65.56798550100001,True,0,"[]"
read_trk,"<File-like object S3FileSystem, hydi-tractography/hydi_tracks.10_58_2.trk>",475457633553213,83.75779255200001,True,0,"[]"
read_trk,"<File-like object S3FileSystem, hydi-tractography/hydi_tracks.10_58_3.trk>",475541392763693,53.448060246000004,True,0,"[]"
read_trk,"<File-like object S3FileSystem, hydi-tractography/hydi_tracks.10_58_4.trk>",475594842322663,90.88324977100001,True,0,"[]"
read_trk,"<File-like object S3FileSystem, hydi-tractography/hydi_tracks.10_58_5.trk>",475685727104761,72.98921802400001,True,0,"[]"
read_trk,"<File-like object S3FileSystem, hydi-tractography/hydi_tracks.10_58_6.trk>",475758717646124,67.156380888,True,0,"[]"
read_trk,"<File-like object S3FileSystem, hydi-tractography/hydi_tracks.10_58_7.trk>",475825875456599,86.88608935,True,0,"[]"
read_trk,"<File-like object S3FileSystem, hydi-tractography/hydi_tracks.11_58_0.trk>",475912763030730,56.65420537200001,True,0,"[]"
read_trk,"<File-like object S3FileSystem, hydi-tractography/hydi_tracks.11_58_1.trk>",475969418866107,88.96169989100001,True,0,"[]"
read_trk,"<File-like object S3FileSystem, hydi-tractography/hydi_tracks.11_58_2.trk>",476058381808588,73.629151355,True,0,"[]"
read_trk,"<File-like object S3FileSystem, hydi-tractography/hydi_tracks.11_58_3.trk>",476132012493355,58.381202812000005,True,0,"[]"
read_trk,"<File-like object S3FileSystem, hydi-tractography/hydi_tracks.11_58_4.trk>",476190395100326,91.92953399800001,True,0,"[]"
read_trk,"<File-like object S3FileSystem, hydi-tractography/hydi_tracks.11_58_5.trk>",476282325957201,66.891054084,True,0,"[]"
read_trk,"<File-like object S3FileSystem, hydi-tractography/hydi_tracks.11_58_6.trk>",476349218636201,71.77545702100001,True,0,"[]"
read_trk,"<File-like object S3FileSystem, hydi-tractography/hydi_tracks.11_58_7.trk>",476420995688410,81.70777134000001,True,0,"[]"
read_trk,"<File-like object S3FileSystem, hydi-tractography/hydi_tracks.12_58_0.trk>",476502704783771,54.925081695,True,0,"[]"
read_trk,"<File-like object S3FileSystem, hydi-tractography/hydi_tracks.12_58_1.trk>",476557631430823,86.890419525,True,0,"[]"
read_trk,"<File-like object S3FileSystem, hydi-tractography/hydi_tracks.12_58_2.trk>",476644523331714,80.893883766,True,0,"[]"
read_trk,"<File-like object S3FileSystem, hydi-tractography/hydi_tracks.12_58_3.trk>",476725418679035,55.655389249,True,0,"[]"
read_trk,"<File-like object S3FileSystem, hydi-tractography/hydi_tracks.12_58_4.trk>",476781075486792,101.372535751,True,0,"[]"
read_trk,"<File-like object S3FileSystem, hydi-tractography/hydi_tracks.12_58_5.trk>",476882449585081,79.44117220300001,True,0,"[]"
read_trk,"<File-like object S3FileSystem, hydi-tractography/hydi_tracks.12_58_6.trk>",476961892199275,67.236692262,True,0,"[]"
read_trk,"<File-like object S3FileSystem, hydi-tractography/hydi_tracks.12_58_7.trk>",477029130366712,96.77950271,True,0,"[]"
read_trk,"<File-like object S3FileSystem, hydi-tractography/hydi_tracks.13_58_0.trk>",477125911529488,74.54969521700001,True,0,"[]"
read_trk,"<File-like object S3FileSystem, hydi-tractography/hydi_tracks.13_58_1.trk>",477200462745787,78.55398887700001,True,0,"[]"
read_trk,"<File-like object S3FileSystem, hydi-tractography/hydi_tracks.13_58_2.trk>",477279018251993,92.186355316,True,0,"[]"
read_trk,"<File-like object S3FileSystem, hydi-tractography/hydi_tracks.13_58_3.trk>",477371206003120,60.573794202,True,0,"[]"
read_trk,"<File-like object S3FileSystem, hydi-tractography/hydi_tracks.13_58_4.trk>",477431781322102,89.69878525300001,True,0,"[]"
read_trk,"<File-like object S3FileSystem, hydi-tractography/hydi_tracks.13_58_5.trk>",477521481562450,91.219673021,True,0,"[]"
read_trk,"<File-like object S3FileSystem, hydi-tractography/hydi_tracks.13_58_6.trk>",477612702646271,58.280797242000006,True,0,"[]"
read_trk,"<File-like object S3FileSystem, hydi-tractography/hydi_tracks.13_58_7.trk>",477670984719137,90.98823269500001,True,0,"[]"
read_trk,"<File-like object S3FileSystem, hydi-tractography/hydi_tracks.14_58_0.trk>",477761974419623,89.724717626,True,0,"[]"
read_trk,"<File-like object S3FileSystem, hydi-tractography/hydi_tracks.14_58_1.trk>",477851700646131,60.541594146,True,0,"[]"
read_trk,"<File-like object S3FileSystem, hydi-tractography/hydi_tracks.14_58_2.trk>",477912243772399,103.447820804,True,0,"[]"
read_trk,"<File-like object S3FileSystem, hydi-tractography/hydi_tracks.14_58_3.trk>",478015693122559,92.93465673600001,True,0,"[]"
read_trk,"<File-like object S3FileSystem, hydi-tractography/hydi_tracks.14_58_4.trk>",478108629275306,72.76426345,True,0,"[]"
read_trk,"<File-like object S3FileSystem, hydi-tractography/hydi_tracks.14_58_5.trk>",478181395072836,104.022549889,True,0,"[]"
read_trk,"<File-like object S3FileSystem, hydi-tractography/hydi_tracks.14_58_6.trk>",478285419128482,91.75637455600001,True,0,"[]"
read_trk,"<File-like object S3FileSystem, hydi-tractography/hydi_tracks.14_58_7.trk>",478377177024162,77.156288363,True,0,"[]"
read_trk,"<File-like object S3FileSystem, hydi-tractography/hydi_tracks.15_58_0.trk>",478454334697831,95.72616852,True,0,"[]"
read_trk,"<File-like object S3FileSystem, hydi-tractography/hydi_tracks.15_58_1.trk>",478550062321140,93.88437763,True,0,"[]"
read_trk,"<File-like object S3FileSystem, hydi-tractography/hydi_tracks.15_58_2.trk>",478643948240825,82.252246252,True,0,"[]"
read_trk,"<File-like object S3FileSystem, hydi-tractography/hydi_tracks.15_58_3.trk>",478726201866624,102.429607755,True,0,"[]"
read_trk,"<File-like object S3FileSystem, hydi-tractography/hydi_tracks.15_58_4.trk>",478828632983911,91.42341657,True,0,"[]"
read_trk,"<File-like object S3FileSystem, hydi-tractography/hydi_tracks.15_58_5.trk>",478920058009359,81.22409813,True,0,"[]"
read_trk,"<File-like object S3FileSystem, hydi-tractography/hydi_tracks.15_58_6.trk>",479001283712626,102.40702567400001,True,0,"[]"
read_trk,"<File-like object S3FileSystem, hydi-tractography/hydi_tracks.15_58_7.trk>",479103692248574,90.110155871,True,0,"[]"
read_trk,"<File-like object S3FileSystem, hydi-tractography/hydi_tracks.16_58_0.trk>",479193803894758,86.99959782900001,True,0,"[]"
read_trk,"<File-like object S3FileSystem, hydi-tractography/hydi_tracks.16_58_1.trk>",479280805200760,98.298167371,True,0,"[]"
read_s3fs,"['hydi-tractography/hydi_tracks.10_58_0.trk', 'hydi-tractography/hydi_tracks.10_58_1.trk', 'hydi-tractography/hydi_tracks.10_58_2.trk', 'hydi-tractography/hydi_tracks.10_58_3.trk', 'hydi-tractography/hydi_tracks.10_58_4.trk', 'hydi-tractography/hydi_tracks.10_58_5.trk', 'hydi-tractography/hydi_tracks.10_58_6.trk', 'hydi-tractography/hydi_tracks.10_58_7.trk', 'hydi-tractography/hydi_tracks.11_58_0.trk', 'hydi-tractography/hydi_tracks.11_58_1.trk', 'hydi-tractography/hydi_tracks.11_58_2.trk', 'hydi-tractography/hydi_tracks.11_58_3.trk', 'hydi-tractography/hydi_tracks.11_58_4.trk', 'hydi-tractography/hydi_tracks.11_58_5.trk', 'hydi-tractography/hydi_tracks.11_58_6.trk', 'hydi-tractography/hydi_tracks.11_58_7.trk', 'hydi-tractography/hydi_tracks.12_58_0.trk', 'hydi-tractography/hydi_tracks.12_58_1.trk', 'hydi-tractography/hydi_tracks.12_58_2.trk', 'hydi-tractography/hydi_tracks.12_58_3.trk', 'hydi-tractography/hydi_tracks.12_58_4.trk', 'hydi-tractography/hydi_tracks.12_58_5.trk', 'hydi-tractography/hydi_tracks.12_58_6.trk', 'hydi-tractography/hydi_tracks.12_58_7.trk', 'hydi-tractography/hydi_tracks.13_58_0.trk', 'hydi-tractography/hydi_tracks.13_58_1.trk', 'hydi-tractography/hydi_tracks.13_58_2.trk', 'hydi-tractography/hydi_tracks.13_58_3.trk', 'hydi-tractography/hydi_tracks.13_58_4.trk', 'hydi-tractography/hydi_tracks.13_58_5.trk', 'hydi-tractography/hydi_tracks.13_58_6.trk', 'hydi-tractography/hydi_tracks.13_58_7.trk', 'hydi-tractography/hydi_tracks.14_58_0.trk', 'hydi-tractography/hydi_tracks.14_58_1.trk', 'hydi-tractography/hydi_tracks.14_58_2.trk', 'hydi-tractography/hydi_tracks.14_58_3.trk', 'hydi-tractography/hydi_tracks.14_58_4.trk', 'hydi-tractography/hydi_tracks.14_58_5.trk', 'hydi-tractography/hydi_tracks.14_58_6.trk', 'hydi-tractography/hydi_tracks.14_58_7.trk', 'hydi-tractography/hydi_tracks.15_58_0.trk', 'hydi-tractography/hydi_tracks.15_58_1.trk', 'hydi-tractography/hydi_tracks.15_58_2.trk', 'hydi-tractography/hydi_tracks.15_58_3.trk', 'hydi-tractography/hydi_tracks.15_58_4.trk', 'hydi-tractography/hydi_tracks.15_58_5.trk', 'hydi-tractography/hydi_tracks.15_58_6.trk', 'hydi-tractography/hydi_tracks.15_58_7.trk', 'hydi-tractography/hydi_tracks.16_58_0.trk', 'hydi-tractography/hydi_tracks.16_58_1.trk']",475324337646697,4054.766403133,True,67108864,"[]"
read_trk,"<File-like object S3PrefetchFileSystem, hydi-tractography/hydi_tracks.16_58_1.trk>",479381174154708,2431.470866016,True,0,"[]"
read_prefetched,"['vhs-bucket/hydi-header.trk', 'hydi-tractography/hydi_tracks.10_58_0.trk', 'hydi-tractography/hydi_tracks.10_58_1.trk', 'hydi-tractography/hydi_tracks.10_58_2.trk', 'hydi-tractography/hydi_tracks.10_58_3.trk', 'hydi-tractography/hydi_tracks.10_58_4.trk', 'hydi-tractography/hydi_tracks.10_58_5.trk', 'hydi-tractography/hydi_tracks.10_58_6.trk', 'hydi-tractography/hydi_tracks.10_58_7.trk', 'hydi-tractography/hydi_tracks.11_58_0.trk', 'hydi-tractography/hydi_tracks.11_58_1.trk', 'hydi-tractography/hydi_tracks.11_58_2.trk', 'hydi-tractography/hydi_tracks.11_58_3.trk', 'hydi-tractography/hydi_tracks.11_58_4.trk', 'hydi-tractography/hydi_tracks.11_58_5.trk', 'hydi-tractography/hydi_tracks.11_58_6.trk', 'hydi-tractography/hydi_tracks.11_58_7.trk', 'hydi-tractography/hydi_tracks.12_58_0.trk', 'hydi-tractography/hydi_tracks.12_58_1.trk', 'hydi-tractography/hydi_tracks.12_58_2.trk', 'hydi-tractography/hydi_tracks.12_58_3.trk', 'hydi-tractography/hydi_tracks.12_58_4.trk', 'hydi-tractography/hydi_tracks.12_58_5.trk', 'hydi-tractography/hydi_tracks.12_58_6.trk', 'hydi-tractography/hydi_tracks.12_58_7.trk', 'hydi-tractography/hydi_tracks.13_58_0.trk', 'hydi-tractography/hydi_tracks.13_58_1.trk', 'hydi-tractography/hydi_tracks.13_58_2.trk', 'hydi-tractography/hydi_tracks.13_58_3.trk', 'hydi-tractography/hydi_tracks.13_58_4.trk', 'hydi-tractography/hydi_tracks.13_58_5.trk', 'hydi-tractography/hydi_tracks.13_58_6.trk', 'hydi-tractography/hydi_tracks.13_58_7.trk', 'hydi-tractography/hydi_tracks.14_58_0.trk', 'hydi-tractography/hydi_tracks.14_58_1.trk', 'hydi-tractography/hydi_tracks.14_58_2.trk', 'hydi-tractography/hydi_tracks.14_58_3.trk', 'hydi-tractography/hydi_tracks.14_58_4.trk', 'hydi-tractography/hydi_tracks.14_58_5.trk', 'hydi-tractography/hydi_tracks.14_58_6.trk', 'hydi-tractography/hydi_tracks.14_58_7.trk', 'hydi-tractography/hydi_tracks.15_58_0.trk', 'hydi-tractography/hydi_tracks.15_58_1.trk', 'hydi-tractography/hydi_tracks.15_58_2.trk', 'hydi-tractography/hydi_tracks.15_58_3.trk', 'hydi-tractography/hydi_tracks.15_58_4.trk', 'hydi-tractography/hydi_tracks.15_58_5.trk', 'hydi-tractography/hydi_tracks.15_58_6.trk', 'hydi-tractography/hydi_tracks.15_58_7.trk', 'hydi-tractography/hydi_tracks.16_58_0.trk', 'hydi-tractography/hydi_tracks.16_58_1.trk']",479379104230568,2433.542107566,True,67108864,"[('/dev/shm', 1024)]"
read_trk,"<File-like object S3FileSystem, hydi-tractography/hydi_tracks.10_58_0.trk>",481812803482053,68.221269064,True,0,"[]"
read_trk,"<File-like object S3FileSystem, hydi-tractography/hydi_tracks.10_58_1.trk>",481881027766520,68.091419505,True,0,"[]"
read_trk,"<File-like object S3FileSystem, hydi-tractography/hydi_tracks.10_58_2.trk>",481949120507680,80.795995346,True,0,"[]"
read_trk,"<File-like object S3FileSystem, hydi-tractography/hydi_tracks.10_58_3.trk>",482029917801677,53.996427943,True,0,"[]"
read_trk,"<File-like object S3FileSystem, hydi-tractography/hydi_tracks.10_58_4.trk>",482083915665504,90.227234585,True,0,"[]"
read_trk,"<File-like object S3FileSystem, hydi-tractography/hydi_tracks.10_58_5.trk>",482174144262418,73.213613995,True,0,"[]"
read_trk,"<File-like object S3FileSystem, hydi-tractography/hydi_tracks.10_58_6.trk>",482247359235731,68.853453511,True,0,"[]"
read_trk,"<File-like object S3FileSystem, hydi-tractography/hydi_tracks.10_58_7.trk>",482316214155384,81.75328618200001,True,0,"[]"
read_trk,"<File-like object S3FileSystem, hydi-tractography/hydi_tracks.11_58_0.trk>",482397968879511,59.514384802,True,0,"[]"
read_trk,"<File-like object S3FileSystem, hydi-tractography/hydi_tracks.11_58_1.trk>",482457484886659,95.25620396500001,True,0,"[]"
read_trk,"<File-like object S3FileSystem, hydi-tractography/hydi_tracks.11_58_2.trk>",482552742337062,80.536402088,True,0,"[]"
read_trk,"<File-like object S3FileSystem, hydi-tractography/hydi_tracks.11_58_3.trk>",482633280294788,64.705836437,True,0,"[]"
read_trk,"<File-like object S3FileSystem, hydi-tractography/hydi_tracks.11_58_4.trk>",482697987342301,103.92388721500001,True,0,"[]"
read_trk,"<File-like object S3FileSystem, hydi-tractography/hydi_tracks.11_58_5.trk>",482801912513730,66.986898804,True,0,"[]"
read_trk,"<File-like object S3FileSystem, hydi-tractography/hydi_tracks.11_58_6.trk>",482868901010243,72.353900673,True,0,"[]"
read_trk,"<File-like object S3FileSystem, hydi-tractography/hydi_tracks.11_58_7.trk>",482941256369865,82.71794884,True,0,"[]"
read_trk,"<File-like object S3FileSystem, hydi-tractography/hydi_tracks.12_58_0.trk>",483023975768119,55.76275978300001,True,0,"[]"
read_trk,"<File-like object S3FileSystem, hydi-tractography/hydi_tracks.12_58_1.trk>",483079740048509,91.317763987,True,0,"[]"
read_trk,"<File-like object S3FileSystem, hydi-tractography/hydi_tracks.12_58_2.trk>",483171059151833,86.31298143900001,True,0,"[]"
read_trk,"<File-like object S3FileSystem, hydi-tractography/hydi_tracks.12_58_3.trk>",483257373460149,58.938951538000005,True,0,"[]"
read_trk,"<File-like object S3FileSystem, hydi-tractography/hydi_tracks.12_58_4.trk>",483316313838896,102.570253065,True,0,"[]"
read_trk,"<File-like object S3FileSystem, hydi-tractography/hydi_tracks.12_58_5.trk>",483418885566005,84.02350183,True,0,"[]"
read_trk,"<File-like object S3FileSystem, hydi-tractography/hydi_tracks.12_58_6.trk>",483502910434981,72.432218283,True,0,"[]"
read_trk,"<File-like object S3FileSystem, hydi-tractography/hydi_tracks.12_58_7.trk>",483575344116737,99.63426065,True,0,"[]"
read_trk,"<File-like object S3FileSystem, hydi-tractography/hydi_tracks.13_58_0.trk>",483674979930600,72.564023898,True,0,"[]"
read_trk,"<File-like object S3FileSystem, hydi-tractography/hydi_tracks.13_58_1.trk>",483747545495871,79.096768166,True,0,"[]"
read_trk,"<File-like object S3FileSystem, hydi-tractography/hydi_tracks.13_58_2.trk>",483826643735014,98.80900913900001,True,0,"[]"
read_trk,"<File-like object S3FileSystem, hydi-tractography/hydi_tracks.13_58_3.trk>",483925454254405,63.85698287500001,True,0,"[]"
read_trk,"<File-like object S3FileSystem, hydi-tractography/hydi_tracks.13_58_4.trk>",483989312615654,94.37284775100001,True,0,"[]"
read_trk,"<File-like object S3FileSystem, hydi-tractography/hydi_tracks.13_58_5.trk>",484083686793997,94.740886457,True,0,"[]"
read_trk,"<File-like object S3FileSystem, hydi-tractography/hydi_tracks.13_58_6.trk>",484178428998216,62.658934632000005,True,0,"[]"
read_trk,"<File-like object S3FileSystem, hydi-tractography/hydi_tracks.13_58_7.trk>",484241089314835,97.37395225300001,True,0,"[]"
read_trk,"<File-like object S3FileSystem, hydi-tractography/hydi_tracks.14_58_0.trk>",484338464710351,91.489835329,True,0,"[]"
read_trk,"<File-like object S3FileSystem, hydi-tractography/hydi_tracks.14_58_1.trk>",484429955998708,59.770491029000006,True,0,"[]"
read_trk,"<File-like object S3FileSystem, hydi-tractography/hydi_tracks.14_58_2.trk>",484489727868825,95.61658340400001,True,0,"[]"
read_trk,"<File-like object S3FileSystem, hydi-tractography/hydi_tracks.14_58_3.trk>",484585345890040,85.746851221,True,0,"[]"
read_trk,"<File-like object S3FileSystem, hydi-tractography/hydi_tracks.14_58_4.trk>",484671094216341,65.396512849,True,0,"[]"
read_trk,"<File-like object S3FileSystem, hydi-tractography/hydi_tracks.14_58_5.trk>",484736492316538,92.008503922,True,0,"[]"
read_trk,"<File-like object S3FileSystem, hydi-tractography/hydi_tracks.14_58_6.trk>",484828502217570,86.97459018100001,True,0,"[]"
read_trk,"<File-like object S3FileSystem, hydi-tractography/hydi_tracks.14_58_7.trk>",484915478318618,66.44245075900001,True,0,"[]"
read_trk,"<File-like object S3FileSystem, hydi-tractography/hydi_tracks.15_58_0.trk>",484981922123734,93.223429064,True,0,"[]"
read_trk,"<File-like object S3FileSystem, hydi-tractography/hydi_tracks.15_58_1.trk>",485075147003447,93.04407553300001,True,0,"[]"
read_trk,"<File-like object S3FileSystem, hydi-tractography/hydi_tracks.15_58_2.trk>",485168192444602,79.26968931600001,True,0,"[]"
read_trk,"<File-like object S3FileSystem, hydi-tractography/hydi_tracks.15_58_3.trk>",485247463435074,104.666097887,True,0,"[]"
read_trk,"<File-like object S3FileSystem, hydi-tractography/hydi_tracks.15_58_4.trk>",485352130904722,96.788033209,True,0,"[]"
read_trk,"<File-like object S3FileSystem, hydi-tractography/hydi_tracks.15_58_5.trk>",485448920432500,84.050829613,True,0,"[]"
read_trk,"<File-like object S3FileSystem, hydi-tractography/hydi_tracks.15_58_6.trk>",485532972721665,101.359213721,True,0,"[]"
read_trk,"<File-like object S3FileSystem, hydi-tractography/hydi_tracks.15_58_7.trk>",485634333513041,87.80571386000001,True,0,"[]"
read_trk,"<File-like object S3FileSystem, hydi-tractography/hydi_tracks.16_58_0.trk>",485722140658783,89.145230397,True,0,"[]"
read_trk,"<File-like object S3FileSystem, hydi-tractography/hydi_tracks.16_58_1.trk>",485811287427594,100.980595244,True,0,"[]"
read_s3fs,"['hydi-tractography/hydi_tracks.10_58_0.trk', 'hydi-tractography/hydi_tracks.10_58_1.trk', 'hydi-tractography/hydi_tracks.10_58_2.trk', 'hydi-tractography/hydi_tracks.10_58_3.trk', 'hydi-tractography/hydi_tracks.10_58_4.trk', 'hydi-tractography/hydi_tracks.10_58_5.trk', 'hydi-tractography/hydi_tracks.10_58_6.trk', 'hydi-tractography/hydi_tracks.10_58_7.trk', 'hydi-tractography/hydi_tracks.11_58_0.trk', 'hydi-tractography/hydi_tracks.11_58_1.trk', 'hydi-tractography/hydi_tracks.11_58_2.trk', 'hydi-tractography/hydi_tracks.11_58_3.trk', 'hydi-tractography/hydi_tracks.11_58_4.trk', 'hydi-tractography/hydi_tracks.11_58_5.trk', 'hydi-tractography/hydi_tracks.11_58_6.trk', 'hydi-tractography/hydi_tracks.11_58_7.trk', 'hydi-tractography/hydi_tracks.12_58_0.trk', 'hydi-tractography/hydi_tracks.12_58_1.trk', 'hydi-tractography/hydi_tracks.12_58_2.trk', 'hydi-tractography/hydi_tracks.12_58_3.trk', 'hydi-tractography/hydi_tracks.12_58_4.trk', 'hydi-tractography/hydi_tracks.12_58_5.trk', 'hydi-tractography/hydi_tracks.12_58_6.trk', 'hydi-tractography/hydi_tracks.12_58_7.trk', 'hydi-tractography/hydi_tracks.13_58_0.trk', 'hydi-tractography/hydi_tracks.13_58_1.trk', 'hydi-tractography/hydi_tracks.13_58_2.trk', 'hydi-tractography/hydi_tracks.13_58_3.trk', 'hydi-tractography/hydi_tracks.13_58_4.trk', 'hydi-tractography/hydi_tracks.13_58_5.trk', 'hydi-tractography/hydi_tracks.13_58_6.trk', 'hydi-tractography/hydi_tracks.13_58_7.trk', 'hydi-tractography/hydi_tracks.14_58_0.trk', 'hydi-tractography/hydi_tracks.14_58_1.trk', 'hydi-tractography/hydi_tracks.14_58_2.trk', 'hydi-tractography/hydi_tracks.14_58_3.trk', 'hydi-tractography/hydi_tracks.14_58_4.trk', 'hydi-tractography/hydi_tracks.14_58_5.trk', 'hydi-tractography/hydi_tracks.14_58_6.trk', 'hydi-tractography/hydi_tracks.14_58_7.trk', 'hydi-tractography/hydi_tracks.15_58_0.trk', 'hydi-tractography/hydi_tracks.15_58_1.trk', 'hydi-tractography/hydi_tracks.15_58_2.trk', 'hydi-tractography/hydi_tracks.15_58_3.trk', 'hydi-tractography/hydi_tracks.15_58_4.trk', 'hydi-tractography/hydi_tracks.15_58_5.trk', 'hydi-tractography/hydi_tracks.15_58_6.trk', 'hydi-tractography/hydi_tracks.15_58_7.trk', 'hydi-tractography/hydi_tracks.16_58_0.trk', 'hydi-tractography/hydi_tracks.16_58_1.trk']",481812646474166,4099.622223796,True,67108864,"[]"
read_trk,"<File-like object S3PrefetchFileSystem, hydi-tractography/hydi_tracks.16_58_1.trk>",485914304426664,2432.783050385,True,0,"[]"
read_prefetched,"['vhs-bucket/hydi-header.trk', 'hydi-tractography/hydi_tracks.10_58_0.trk', 'hydi-tractography/hydi_tracks.10_58_1.trk', 'hydi-tractography/hydi_tracks.10_58_2.trk', 'hydi-tractography/hydi_tracks.10_58_3.trk', 'hydi-tractography/hydi_tracks.10_58_4.trk', 'hydi-tractography/hydi_tracks.10_58_5.trk', 'hydi-tractography/hydi_tracks.10_58_6.trk', 'hydi-tractography/hydi_tracks.10_58_7.trk', 'hydi-tractography/hydi_tracks.11_58_0.trk', 'hydi-tractography/hydi_tracks.11_58_1.trk', 'hydi-tractography/hydi_tracks.11_58_2.trk', 'hydi-tractography/hydi_tracks.11_58_3.trk', 'hydi-tractography/hydi_tracks.11_58_4.trk', 'hydi-tractography/hydi_tracks.11_58_5.trk', 'hydi-tractography/hydi_tracks.11_58_6.trk', 'hydi-tractography/hydi_tracks.11_58_7.trk', 'hydi-tractography/hydi_tracks.12_58_0.trk', 'hydi-tractography/hydi_tracks.12_58_1.trk', 'hydi-tractography/hydi_tracks.12_58_2.trk', 'hydi-tractography/hydi_tracks.12_58_3.trk', 'hydi-tractography/hydi_tracks.12_58_4.trk', 'hydi-tractography/hydi_tracks.12_58_5.trk', 'hydi-tractography/hydi_tracks.12_58_6.trk', 'hydi-tractography/hydi_tracks.12_58_7.trk', 'hydi-tractography/hydi_tracks.13_58_0.trk', 'hydi-tractography/hydi_tracks.13_58_1.trk', 'hydi-tractography/hydi_tracks.13_58_2.trk', 'hydi-tractography/hydi_tracks.13_58_3.trk', 'hydi-tractography/hydi_tracks.13_58_4.trk', 'hydi-tractography/hydi_tracks.13_58_5.trk', 'hydi-tractography/hydi_tracks.13_58_6.trk', 'hydi-tractography/hydi_tracks.13_58_7.trk', 'hydi-tractography/hydi_tracks.14_58_0.trk', 'hydi-tractography/hydi_tracks.14_58_1.trk', 'hydi-tractography/hydi_tracks.14_58_2.trk', 'hydi-tractography/hydi_tracks.14_58_3.trk', 'hydi-tractography/hydi_tracks.14_58_4.trk', 'hydi-tractography/hydi_tracks.14_58_5.trk', 'hydi-tractography/hydi_tracks.14_58_6.trk', 'hydi-tractography/hydi_tracks.14_58_7.trk', 'hydi-tractography/hydi_tracks.15_58_0.trk', 'hydi-tractography/hydi_tracks.15_58_1.trk', 'hydi-tractography/hydi_tracks.15_58_2.trk', 'hydi-tractography/hydi_tracks.15_58_3.trk', 'hydi-tractography/hydi_tracks.15_58_4.trk', 'hydi-tractography/hydi_tracks.15_58_5.trk', 'hydi-tractography/hydi_tracks.15_58_6.trk', 'hydi-tractography/hydi_tracks.15_58_7.trk', 'hydi-tractography/hydi_tracks.16_58_0.trk', 'hydi-tractography/hydi_tracks.16_58_1.trk']",485912268824165,2434.820711278,True,67108864,"[('/dev/shm', 1024)]"
read_trk,"<File-like object S3FileSystem, hydi-tractography/hydi_tracks.10_58_0.trk>",488347255242192,63.730342851,True,0,"[]"
read_trk,"<File-like object S3FileSystem, hydi-tractography/hydi_tracks.10_58_1.trk>",488410987862724,64.185062677,True,0,"[]"
read_trk,"<File-like object S3FileSystem, hydi-tractography/hydi_tracks.10_58_2.trk>",488475174324170,78.121856448,True,0,"[]"
read_trk,"<File-like object S3FileSystem, hydi-tractography/hydi_tracks.10_58_3.trk>",488553297519723,51.111229174,True,0,"[]"
read_trk,"<File-like object S3FileSystem, hydi-tractography/hydi_tracks.10_58_4.trk>",488604410193180,84.846391267,True,0,"[]"
read_trk,"<File-like object S3FileSystem, hydi-tractography/hydi_tracks.10_58_5.trk>",488689258113237,75.352109873,True,0,"[]"
read_trk,"<File-like object S3FileSystem, hydi-tractography/hydi_tracks.10_58_6.trk>",488764611569610,70.100013956,True,0,"[]"
read_trk,"<File-like object S3FileSystem, hydi-tractography/hydi_tracks.10_58_7.trk>",488834713104120,91.657930471,True,0,"[]"
read_trk,"<File-like object S3FileSystem, hydi-tractography/hydi_tracks.11_58_0.trk>",488926372454105,61.412140615000006,True,0,"[]"
read_trk,"<File-like object S3FileSystem, hydi-tractography/hydi_tracks.11_58_1.trk>",488987786167431,96.557594924,True,0,"[]"
read_trk,"<File-like object S3FileSystem, hydi-tractography/hydi_tracks.11_58_2.trk>",489084344924765,84.05601150700001,True,0,"[]"
read_trk,"<File-like object S3FileSystem, hydi-tractography/hydi_tracks.11_58_3.trk>",489168402423501,63.741484919,True,0,"[]"
read_trk,"<File-like object S3FileSystem, hydi-tractography/hydi_tracks.11_58_4.trk>",489232145199815,99.862371799,True,0,"[]"
read_trk,"<File-like object S3FileSystem, hydi-tractography/hydi_tracks.11_58_5.trk>",489332008905441,76.126508148,True,0,"[]"
read_trk,"<File-like object S3FileSystem, hydi-tractography/hydi_tracks.11_58_6.trk>",489408136876037,81.212402964,True,0,"[]"
read_trk,"<File-like object S3FileSystem, hydi-tractography/hydi_tracks.11_58_7.trk>",489489350768930,92.84730578,True,0,"[]"
read_trk,"<File-like object S3FileSystem, hydi-tractography/hydi_tracks.12_58_0.trk>",489582199420162,61.816818819000005,True,0,"[]"
read_trk,"<File-like object S3FileSystem, hydi-tractography/hydi_tracks.12_58_1.trk>",489644017779746,92.379254238,True,0,"[]"
read_trk,"<File-like object S3FileSystem, hydi-tractography/hydi_tracks.12_58_2.trk>",489736398367239,92.51932776800001,True,0,"[]"
read_trk,"<File-like object S3FileSystem, hydi-tractography/hydi_tracks.12_58_3.trk>",489828918930990,60.96926691,True,0,"[]"
read_trk,"<File-like object S3FileSystem, hydi-tractography/hydi_tracks.12_58_4.trk>",489889889534959,106.03545616000001,True,0,"[]"
read_trk,"<File-like object S3FileSystem, hydi-tractography/hydi_tracks.12_58_5.trk>",489995926499954,84.56440024400001,True,0,"[]"
read_trk,"<File-like object S3FileSystem, hydi-tractography/hydi_tracks.12_58_6.trk>",490080492290172,76.821246407,True,0,"[]"
read_trk,"<File-like object S3FileSystem, hydi-tractography/hydi_tracks.12_58_7.trk>",490157314961880,114.907427032,True,0,"[]"
read_trk,"<File-like object S3FileSystem, hydi-tractography/hydi_tracks.13_58_0.trk>",490272223895642,77.012054413,True,0,"[]"
read_trk,"<File-like object S3FileSystem, hydi-tractography/hydi_tracks.13_58_1.trk>",490349237433296,84.56215913700001,True,0,"[]"
read_trk,"<File-like object S3FileSystem, hydi-tractography/hydi_tracks.13_58_2.trk>",490433800876790,108.85704326700001,True,0,"[]"
read_trk,"<File-like object S3FileSystem, hydi-tractography/hydi_tracks.13_58_3.trk>",490542659358473,67.01388295400001,True,0,"[]"
read_trk,"<File-like object S3FileSystem, hydi-tractography/hydi_tracks.13_58_4.trk>",490609674670030,99.983279378,True,0,"[]"
read_trk,"<File-like object S3FileSystem, hydi-tractography/hydi_tracks.13_58_5.trk>",490709659391850,100.584304118,True,0,"[]"
read_trk,"<File-like object S3FileSystem, hydi-tractography/hydi_tracks.13_58_6.trk>",490810245028170,61.619961213,True,0,"[]"
read_trk,"<File-like object S3FileSystem, hydi-tractography/hydi_tracks.13_58_7.trk>",490871866267835,98.56005125200001,True,0,"[]"
read_trk,"<File-like object S3FileSystem, hydi-tractography/hydi_tracks.14_58_0.trk>",490970427736386,91.88738268200001,True,0,"[]"
read_trk,"<File-like object S3FileSystem, hydi-tractography/hydi_tracks.14_58_1.trk>",491062316587111,60.841565208000006,True,0,"[]"
read_trk,"<File-like object S3FileSystem, hydi-tractography/hydi_tracks.14_58_2.trk>",491123159553213,100.52731633100001,True,0,"[]"
read_trk,"<File-like object S3FileSystem, hydi-tractography/hydi_tracks.14_58_3.trk>",491223688416609,88.430350116,True,0,"[]"
read_trk,"<File-like object S3FileSystem, hydi-tractography/hydi_tracks.14_58_4.trk>",491312120169214,68.827538856,True,0,"[]"
read_trk,"<File-like object S3FileSystem, hydi-tractography/hydi_tracks.14_58_5.trk>",491380949189280,101.114781117,True,0,"[]"
read_trk,"<File-like object S3FileSystem, hydi-tractography/hydi_tracks.14_58_6.trk>",491482065329908,94.983872272,True,0,"[]"
read_trk,"<File-like object S3FileSystem, hydi-tractography/hydi_tracks.14_58_7.trk>",491577050689225,77.64466157000001,True,0,"[]"
read_trk,"<File-like object S3FileSystem, hydi-tractography/hydi_tracks.15_58_0.trk>",491654696681716,99.927308947,True,0,"[]"
read_trk,"<File-like object S3FileSystem, hydi-tractography/hydi_tracks.15_58_1.trk>",491754625442076,89.992273721,True,0,"[]"
read_trk,"<File-like object S3FileSystem, hydi-tractography/hydi_tracks.15_58_2.trk>",491844619121485,73.901083504,True,0,"[]"
read_trk,"<File-like object S3FileSystem, hydi-tractography/hydi_tracks.15_58_3.trk>",491918521526547,91.710847658,True,0,"[]"
read_trk,"<File-like object S3FileSystem, hydi-tractography/hydi_tracks.15_58_4.trk>",492010233856814,84.85184144200001,True,0,"[]"
read_trk,"<File-like object S3FileSystem, hydi-tractography/hydi_tracks.15_58_5.trk>",492095087117265,77.126588717,True,0,"[]"
read_trk,"<File-like object S3FileSystem, hydi-tractography/hydi_tracks.15_58_6.trk>",492172215242440,89.05393901800001,True,0,"[]"
read_trk,"<File-like object S3FileSystem, hydi-tractography/hydi_tracks.15_58_7.trk>",492261270659226,85.52589494700001,True,0,"[]"
read_trk,"<File-like object S3FileSystem, hydi-tractography/hydi_tracks.16_58_0.trk>",492346798001584,86.81717647800001,True,0,"[]"
read_trk,"<File-like object S3FileSystem, hydi-tractography/hydi_tracks.16_58_1.trk>",492433616646050,106.10097670100001,True,0,"[]"
read_s3fs,"['hydi-tractography/hydi_tracks.10_58_0.trk', 'hydi-tractography/hydi_tracks.10_58_1.trk', 'hydi-tractography/hydi_tracks.10_58_2.trk', 'hydi-tractography/hydi_tracks.10_58_3.trk', 'hydi-tractography/hydi_tracks.10_58_4.trk', 'hydi-tractography/hydi_tracks.10_58_5.trk', 'hydi-tractography/hydi_tracks.10_58_6.trk', 'hydi-tractography/hydi_tracks.10_58_7.trk', 'hydi-tractography/hydi_tracks.11_58_0.trk', 'hydi-tractography/hydi_tracks.11_58_1.trk', 'hydi-tractography/hydi_tracks.11_58_2.trk', 'hydi-tractography/hydi_tracks.11_58_3.trk', 'hydi-tractography/hydi_tracks.11_58_4.trk', 'hydi-tractography/hydi_tracks.11_58_5.trk', 'hydi-tractography/hydi_tracks.11_58_6.trk', 'hydi-tractography/hydi_tracks.11_58_7.trk', 'hydi-tractography/hydi_tracks.12_58_0.trk', 'hydi-tractography/hydi_tracks.12_58_1.trk', 'hydi-tractography/hydi_tracks.12_58_2.trk', 'hydi-tractography/hydi_tracks.12_58_3.trk', 'hydi-tractography/hydi_tracks.12_58_4.trk', 'hydi-tractography/hydi_tracks.12_58_5.trk', 'hydi-tractography/hydi_tracks.12_58_6.trk', 'hydi-tractography/hydi_tracks.12_58_7.trk', 'hydi-tractography/hydi_tracks.13_58_0.trk', 'hydi-tractography/hydi_tracks.13_58_1.trk', 'hydi-tractography/hydi_tracks.13_58_2.trk', 'hydi-tractography/hydi_tracks.13_58_3.trk', 'hydi-tractography/hydi_tracks.13_58_4.trk', 'hydi-tractography/hydi_tracks.13_58_5.trk', 'hydi-tractography/hydi_tracks.13_58_6.trk', 'hydi-tractography/hydi_tracks.13_58_7.trk', 'hydi-tractography/hydi_tracks.14_58_0.trk', 'hydi-tractography/hydi_tracks.14_58_1.trk', 'hydi-tractography/hydi_tracks.14_58_2.trk', 'hydi-tractography/hydi_tracks.14_58_3.trk', 'hydi-tractography/hydi_tracks.14_58_4.trk', 'hydi-tractography/hydi_tracks.14_58_5.trk', 'hydi-tractography/hydi_tracks.14_58_6.trk', 'hydi-tractography/hydi_tracks.14_58_7.trk', 'hydi-tractography/hydi_tracks.15_58_0.trk', 'hydi-tractography/hydi_tracks.15_58_1.trk', 'hydi-tractography/hydi_tracks.15_58_2.trk', 'hydi-tractography/hydi_tracks.15_58_3.trk', 'hydi-tractography/hydi_tracks.15_58_4.trk', 'hydi-tractography/hydi_tracks.15_58_5.trk', 'hydi-tractography/hydi_tracks.15_58_6.trk', 'hydi-tractography/hydi_tracks.15_58_7.trk', 'hydi-tractography/hydi_tracks.16_58_0.trk', 'hydi-tractography/hydi_tracks.16_58_1.trk']",488347089683431,4192.628567322,True,67108864,"[]"
read_trk,"<File-like object S3PrefetchFileSystem, hydi-tractography/hydi_tracks.16_58_1.trk>",492541286253718,2509.375263927,True,0,"[]"
read_prefetched,"['vhs-bucket/hydi-header.trk', 'hydi-tractography/hydi_tracks.10_58_0.trk', 'hydi-tractography/hydi_tracks.10_58_1.trk', 'hydi-tractography/hydi_tracks.10_58_2.trk', 'hydi-tractography/hydi_tracks.10_58_3.trk', 'hydi-tractography/hydi_tracks.10_58_4.trk', 'hydi-tractography/hydi_tracks.10_58_5.trk', 'hydi-tractography/hydi_tracks.10_58_6.trk', 'hydi-tractography/hydi_tracks.10_58_7.trk', 'hydi-tractography/hydi_tracks.11_58_0.trk', 'hydi-tractography/hydi_tracks.11_58_1.trk', 'hydi-tractography/hydi_tracks.11_58_2.trk', 'hydi-tractography/hydi_tracks.11_58_3.trk', 'hydi-tractography/hydi_tracks.11_58_4.trk', 'hydi-tractography/hydi_tracks.11_58_5.trk', 'hydi-tractography/hydi_tracks.11_58_6.trk', 'hydi-tractography/hydi_tracks.11_58_7.trk', 'hydi-tractography/hydi_tracks.12_58_0.trk', 'hydi-tractography/hydi_tracks.12_58_1.trk', 'hydi-tractography/hydi_tracks.12_58_2.trk', 'hydi-tractography/hydi_tracks.12_58_3.trk', 'hydi-tractography/hydi_tracks.12_58_4.trk', 'hydi-tractography/hydi_tracks.12_58_5.trk', 'hydi-tractography/hydi_tracks.12_58_6.trk', 'hydi-tractography/hydi_tracks.12_58_7.trk', 'hydi-tractography/hydi_tracks.13_58_0.trk', 'hydi-tractography/hydi_tracks.13_58_1.trk', 'hydi-tractography/hydi_tracks.13_58_2.trk', 'hydi-tractography/hydi_tracks.13_58_3.trk', 'hydi-tractography/hydi_tracks.13_58_4.trk', 'hydi-tractography/hydi_tracks.13_58_5.trk', 'hydi-tractography/hydi_tracks.13_58_6.trk', 'hydi-tractography/hydi_tracks.13_58_7.trk', 'hydi-tractography/hydi_tracks.14_58_0.trk', 'hydi-tractography/hydi_tracks.14_58_1.trk', 'hydi-tractography/hydi_tracks.14_58_2.trk', 'hydi-tractography/hydi_tracks.14_58_3.trk', 'hydi-tractography/hydi_tracks.14_58_4.trk', 'hydi-tractography/hydi_tracks.14_58_5.trk', 'hydi-tractography/hydi_tracks.14_58_6.trk', 'hydi-tractography/hydi_tracks.14_58_7.trk', 'hydi-tractography/hydi_tracks.15_58_0.trk', 'hydi-tractography/hydi_tracks.15_58_1.trk', 'hydi-tractography/hydi_tracks.15_58_2.trk', 'hydi-tractography/hydi_tracks.15_58_3.trk', 'hydi-tractography/hydi_tracks.15_58_4.trk', 'hydi-tractography/hydi_tracks.15_58_5.trk', 'hydi-tractography/hydi_tracks.15_58_6.trk', 'hydi-tractography/hydi_tracks.15_58_7.trk', 'hydi-tractography/hydi_tracks.16_58_0.trk', 'hydi-tractography/hydi_tracks.16_58_1.trk']",492539718383187,2510.944381711,True,67108864,"[('/dev/shm', 1024)]"
read_trk,"<File-like object S3PrefetchFileSystem, hydi-tractography/hydi_tracks.16_58_1.trk>",495052344940241,2504.884522117,True,0,"[]"
read_prefetched,"['vhs-bucket/hydi-header.trk', 'hydi-tractography/hydi_tracks.10_58_0.trk', 'hydi-tractography/hydi_tracks.10_58_1.trk', 'hydi-tractography/hydi_tracks.10_58_2.trk', 'hydi-tractography/hydi_tracks.10_58_3.trk', 'hydi-tractography/hydi_tracks.10_58_4.trk', 'hydi-tractography/hydi_tracks.10_58_5.trk', 'hydi-tractography/hydi_tracks.10_58_6.trk', 'hydi-tractography/hydi_tracks.10_58_7.trk', 'hydi-tractography/hydi_tracks.11_58_0.trk', 'hydi-tractography/hydi_tracks.11_58_1.trk', 'hydi-tractography/hydi_tracks.11_58_2.trk', 'hydi-tractography/hydi_tracks.11_58_3.trk', 'hydi-tractography/hydi_tracks.11_58_4.trk', 'hydi-tractography/hydi_tracks.11_58_5.trk', 'hydi-tractography/hydi_tracks.11_58_6.trk', 'hydi-tractography/hydi_tracks.11_58_7.trk', 'hydi-tractography/hydi_tracks.12_58_0.trk', 'hydi-tractography/hydi_tracks.12_58_1.trk', 'hydi-tractography/hydi_tracks.12_58_2.trk', 'hydi-tractography/hydi_tracks.12_58_3.trk', 'hydi-tractography/hydi_tracks.12_58_4.trk', 'hydi-tractography/hydi_tracks.12_58_5.trk', 'hydi-tractography/hydi_tracks.12_58_6.trk', 'hydi-tractography/hydi_tracks.12_58_7.trk', 'hydi-tractography/hydi_tracks.13_58_0.trk', 'hydi-tractography/hydi_tracks.13_58_1.trk', 'hydi-tractography/hydi_tracks.13_58_2.trk', 'hydi-tractography/hydi_tracks.13_58_3.trk', 'hydi-tractography/hydi_tracks.13_58_4.trk', 'hydi-tractography/hydi_tracks.13_58_5.trk', 'hydi-tractography/hydi_tracks.13_58_6.trk', 'hydi-tractography/hydi_tracks.13_58_7.trk', 'hydi-tractography/hydi_tracks.14_58_0.trk', 'hydi-tractography/hydi_tracks.14_58_1.trk', 'hydi-tractography/hydi_tracks.14_58_2.trk', 'hydi-tractography/hydi_tracks.14_58_3.trk', 'hydi-tractography/hydi_tracks.14_58_4.trk', 'hydi-tractography/hydi_tracks.14_58_5.trk', 'hydi-tractography/hydi_tracks.14_58_6.trk', 'hydi-tractography/hydi_tracks.14_58_7.trk', 'hydi-tractography/hydi_tracks.15_58_0.trk', 'hydi-tractography/hydi_tracks.15_58_1.trk', 'hydi-tractography/hydi_tracks.15_58_2.trk', 'hydi-tractography/hydi_tracks.15_58_3.trk', 'hydi-tractography/hydi_tracks.15_58_4.trk', 'hydi-tractography/hydi_tracks.15_58_5.trk', 'hydi-tractography/hydi_tracks.15_58_6.trk', 'hydi-tractography/hydi_tracks.15_58_7.trk', 'hydi-tractography/hydi_tracks.16_58_0.trk', 'hydi-tractography/hydi_tracks.16_58_1.trk']",495050662913082,2506.567989271,True,67108864,"[('/dev/shm', 1024)]"
read_trk,"<File-like object S3FileSystem, hydi-tractography/hydi_tracks.10_58_0.trk>",497557388428547,72.186547957,True,0,"[]"
read_trk,"<File-like object S3FileSystem, hydi-tractography/hydi_tracks.10_58_1.trk>",497629577561863,67.23017744500001,True,0,"[]"
read_trk,"<File-like object S3FileSystem, hydi-tractography/hydi_tracks.10_58_2.trk>",497696809137230,86.411497036,True,0,"[]"
read_trk,"<File-like object S3FileSystem, hydi-tractography/hydi_tracks.10_58_3.trk>",497783221882691,53.658796387,True,0,"[]"
read_trk,"<File-like object S3FileSystem, hydi-tractography/hydi_tracks.10_58_4.trk>",497836882103701,93.375764419,True,0,"[]"
read_trk,"<File-like object S3FileSystem, hydi-tractography/hydi_tracks.10_58_5.trk>",497930259355536,71.908982427,True,0,"[]"
read_trk,"<File-like object S3FileSystem, hydi-tractography/hydi_tracks.10_58_6.trk>",498002169650167,67.890799531,True,0,"[]"
read_trk,"<File-like object S3FileSystem, hydi-tractography/hydi_tracks.10_58_7.trk>",498070062005175,87.201837829,True,0,"[]"
read_trk,"<File-like object S3FileSystem, hydi-tractography/hydi_tracks.11_58_0.trk>",498157265375047,59.947523145000005,True,0,"[]"
read_trk,"<File-like object S3FileSystem, hydi-tractography/hydi_tracks.11_58_1.trk>",498217214422719,91.090516291,True,0,"[]"
read_trk,"<File-like object S3FileSystem, hydi-tractography/hydi_tracks.11_58_2.trk>",498308306143496,78.341767347,True,0,"[]"
read_trk,"<File-like object S3FileSystem, hydi-tractography/hydi_tracks.11_58_3.trk>",498386649492552,61.076542656,True,0,"[]"
read_trk,"<File-like object S3FileSystem, hydi-tractography/hydi_tracks.11_58_4.trk>",498447727355544,92.33902504400001,True,0,"[]"
read_trk,"<File-like object S3FileSystem, hydi-tractography/hydi_tracks.11_58_5.trk>",498540067637704,69.220609111,True,0,"[]"
read_trk,"<File-like object S3FileSystem, hydi-tractography/hydi_tracks.11_58_6.trk>",498609289896696,73.781619897,True,0,"[]"
read_trk,"<File-like object S3FileSystem, hydi-tractography/hydi_tracks.11_58_7.trk>",498683072981794,83.979455454,True,0,"[]"
read_trk,"<File-like object S3FileSystem, hydi-tractography/hydi_tracks.12_58_0.trk>",498767053867149,55.014361120000004,True,0,"[]"
read_trk,"<File-like object S3FileSystem, hydi-tractography/hydi_tracks.12_58_1.trk>",498822069722179,87.911472168,True,0,"[]"
read_trk,"<File-like object S3FileSystem, hydi-tractography/hydi_tracks.12_58_2.trk>",498909982526668,82.82401596000001,True,0,"[]"
read_trk,"<File-like object S3FileSystem, hydi-tractography/hydi_tracks.12_58_3.trk>",498992807837325,56.032888420000006,True,0,"[]"
read_trk,"<File-like object S3FileSystem, hydi-tractography/hydi_tracks.12_58_4.trk>",499048842191829,97.105234154,True,0,"[]"
read_trk,"<File-like object S3FileSystem, hydi-tractography/hydi_tracks.12_58_5.trk>",499145948861112,75.207310723,True,0,"[]"
read_trk,"<File-like object S3FileSystem, hydi-tractography/hydi_tracks.12_58_6.trk>",499221157593355,65.419144043,True,0,"[]"
read_trk,"<File-like object S3FileSystem, hydi-tractography/hydi_tracks.12_58_7.trk>",499286578249321,92.655423779,True,0,"[]"
read_trk,"<File-like object S3FileSystem, hydi-tractography/hydi_tracks.13_58_0.trk>",499379235260110,68.97734968900001,True,0,"[]"
read_trk,"<File-like object S3FileSystem, hydi-tractography/hydi_tracks.13_58_1.trk>",499448214219612,79.091104701,True,0,"[]"
read_trk,"<File-like object S3FileSystem, hydi-tractography/hydi_tracks.13_58_2.trk>",499527306829952,101.18767051600001,True,0,"[]"
read_trk,"<File-like object S3FileSystem, hydi-tractography/hydi_tracks.13_58_3.trk>",499628495931920,66.743887595,True,0,"[]"
read_trk,"<File-like object S3FileSystem, hydi-tractography/hydi_tracks.13_58_4.trk>",499695241252074,102.28961172300001,True,0,"[]"
read_trk,"<File-like object S3FileSystem, hydi-tractography/hydi_tracks.13_58_5.trk>",499797532293670,99.1565868,True,0,"[]"
read_trk,"<File-like object S3FileSystem, hydi-tractography/hydi_tracks.13_58_6.trk>",499896690285187,65.198843357,True,0,"[]"
read_trk,"<File-like object S3FileSystem, hydi-tractography/hydi_tracks.13_58_7.trk>",499961890435421,101.37702556500001,True,0,"[]"
read_trk,"<File-like object S3FileSystem, hydi-tractography/hydi_tracks.14_58_0.trk>",500063268854481,98.64326942000001,True,0,"[]"
read_trk,"<File-like object S3FileSystem, hydi-tractography/hydi_tracks.14_58_1.trk>",500161913737820,64.23312692900001,True,0,"[]"
read_trk,"<File-like object S3FileSystem, hydi-tractography/hydi_tracks.14_58_2.trk>",500226148317697,102.531445996,True,0,"[]"
read_trk,"<File-like object S3FileSystem, hydi-tractography/hydi_tracks.14_58_3.trk>",500328681235422,87.427857958,True,0,"[]"
read_trk,"<File-like object S3FileSystem, hydi-tractography/hydi_tracks.14_58_4.trk>",500416110475050,66.123823687,True,0,"[]"
read_trk,"<File-like object S3FileSystem, hydi-tractography/hydi_tracks.14_58_5.trk>",500482235886377,98.084418708,True,0,"[]"
read_trk,"<File-like object S3FileSystem, hydi-tractography/hydi_tracks.14_58_6.trk>",500580321740847,89.837219743,True,0,"[]"
read_trk,"<File-like object S3FileSystem, hydi-tractography/hydi_tracks.14_58_7.trk>",500670160442890,73.586507533,True,0,"[]"
read_trk,"<File-like object S3FileSystem, hydi-tractography/hydi_tracks.15_58_0.trk>",500743748250048,100.231649531,True,0,"[]"
read_trk,"<File-like object S3FileSystem, hydi-tractography/hydi_tracks.15_58_1.trk>",500843981310949,87.08321321700001,True,0,"[]"
read_trk,"<File-like object S3FileSystem, hydi-tractography/hydi_tracks.15_58_2.trk>",500931065833791,70.27725050400001,True,0,"[]"
read_trk,"<File-like object S3FileSystem, hydi-tractography/hydi_tracks.15_58_3.trk>",501001344366276,89.543210156,True,0,"[]"
read_trk,"<File-like object S3FileSystem, hydi-tractography/hydi_tracks.15_58_4.trk>",501090889007974,83.704029464,True,0,"[]"
read_trk,"<File-like object S3FileSystem, hydi-tractography/hydi_tracks.15_58_5.trk>",501174594455559,76.934529935,True,0,"[]"
read_trk,"<File-like object S3FileSystem, hydi-tractography/hydi_tracks.15_58_6.trk>",501251530396219,89.741529778,True,0,"[]"
read_trk,"<File-like object S3FileSystem, hydi-tractography/hydi_tracks.15_58_7.trk>",501341273421562,79.50219115600001,True,0,"[]"
read_trk,"<File-like object S3FileSystem, hydi-tractography/hydi_tracks.16_58_0.trk>",501420777106164,81.19879422000001,True,0,"[]"
read_trk,"<File-like object S3FileSystem, hydi-tractography/hydi_tracks.16_58_1.trk>",501501977546045,94.738186962,True,0,"[]"
read_s3fs,"['hydi-tractography/hydi_tracks.10_58_0.trk', 'hydi-tractography/hydi_tracks.10_58_1.trk', 'hydi-tractography/hydi_tracks.10_58_2.trk', 'hydi-tractography/hydi_tracks.10_58_3.trk', 'hydi-tractography/hydi_tracks.10_58_4.trk', 'hydi-tractography/hydi_tracks.10_58_5.trk', 'hydi-tractography/hydi_tracks.10_58_6.trk', 'hydi-tractography/hydi_tracks.10_58_7.trk', 'hydi-tractography/hydi_tracks.11_58_0.trk', 'hydi-tractography/hydi_tracks.11_58_1.trk', 'hydi-tractography/hydi_tracks.11_58_2.trk', 'hydi-tractography/hydi_tracks.11_58_3.trk', 'hydi-tractography/hydi_tracks.11_58_4.trk', 'hydi-tractography/hydi_tracks.11_58_5.trk', 'hydi-tractography/hydi_tracks.11_58_6.trk', 'hydi-tractography/hydi_tracks.11_58_7.trk', 'hydi-tractography/hydi_tracks.12_58_0.trk', 'hydi-tractography/hydi_tracks.12_58_1.trk', 'hydi-tractography/hydi_tracks.12_58_2.trk', 'hydi-tractography/hydi_tracks.12_58_3.trk', 'hydi-tractography/hydi_tracks.12_58_4.trk', 'hydi-tractography/hydi_tracks.12_58_5.trk', 'hydi-tractography/hydi_tracks.12_58_6.trk', 'hydi-tractography/hydi_tracks.12_58_7.trk', 'hydi-tractography/hydi_tracks.13_58_0.trk', 'hydi-tractography/hydi_tracks.13_58_1.trk', 'hydi-tractography/hydi_tracks.13_58_2.trk', 'hydi-tractography/hydi_tracks.13_58_3.trk', 'hydi-tractography/hydi_tracks.13_58_4.trk', 'hydi-tractography/hydi_tracks.13_58_5.trk', 'hydi-tractography/hydi_tracks.13_58_6.trk', 'hydi-tractography/hydi_tracks.13_58_7.trk', 'hydi-tractography/hydi_tracks.14_58_0.trk', 'hydi-tractography/hydi_tracks.14_58_1.trk', 'hydi-tractography/hydi_tracks.14_58_2.trk', 'hydi-tractography/hydi_tracks.14_58_3.trk', 'hydi-tractography/hydi_tracks.14_58_4.trk', 'hydi-tractography/hydi_tracks.14_58_5.trk', 'hydi-tractography/hydi_tracks.14_58_6.trk', 'hydi-tractography/hydi_tracks.14_58_7.trk', 'hydi-tractography/hydi_tracks.15_58_0.trk', 'hydi-tractography/hydi_tracks.15_58_1.trk', 'hydi-tractography/hydi_tracks.15_58_2.trk', 'hydi-tractography/hydi_tracks.15_58_3.trk', 'hydi-tractography/hydi_tracks.15_58_4.trk', 'hydi-tractography/hydi_tracks.15_58_5.trk', 'hydi-tractography/hydi_tracks.15_58_6.trk', 'hydi-tractography/hydi_tracks.15_58_7.trk', 'hydi-tractography/hydi_tracks.16_58_0.trk', 'hydi-tractography/hydi_tracks.16_58_1.trk']",497557231016138,4039.4854496810003,True,67108864,"[]"
read_trk,"<File-like object S3PrefetchFileSystem, hydi-tractography/hydi_tracks.16_58_1.trk>",501598333910551,2430.0991087770003,True,0,"[]"
read_prefetched,"['vhs-bucket/hydi-header.trk', 'hydi-tractography/hydi_tracks.10_58_0.trk', 'hydi-tractography/hydi_tracks.10_58_1.trk', 'hydi-tractography/hydi_tracks.10_58_2.trk', 'hydi-tractography/hydi_tracks.10_58_3.trk', 'hydi-tractography/hydi_tracks.10_58_4.trk', 'hydi-tractography/hydi_tracks.10_58_5.trk', 'hydi-tractography/hydi_tracks.10_58_6.trk', 'hydi-tractography/hydi_tracks.10_58_7.trk', 'hydi-tractography/hydi_tracks.11_58_0.trk', 'hydi-tractography/hydi_tracks.11_58_1.trk', 'hydi-tractography/hydi_tracks.11_58_2.trk', 'hydi-tractography/hydi_tracks.11_58_3.trk', 'hydi-tractography/hydi_tracks.11_58_4.trk', 'hydi-tractography/hydi_tracks.11_58_5.trk', 'hydi-tractography/hydi_tracks.11_58_6.trk', 'hydi-tractography/hydi_tracks.11_58_7.trk', 'hydi-tractography/hydi_tracks.12_58_0.trk', 'hydi-tractography/hydi_tracks.12_58_1.trk', 'hydi-tractography/hydi_tracks.12_58_2.trk', 'hydi-tractography/hydi_tracks.12_58_3.trk', 'hydi-tractography/hydi_tracks.12_58_4.trk', 'hydi-tractography/hydi_tracks.12_58_5.trk', 'hydi-tractography/hydi_tracks.12_58_6.trk', 'hydi-tractography/hydi_tracks.12_58_7.trk', 'hydi-tractography/hydi_tracks.13_58_0.trk', 'hydi-tractography/hydi_tracks.13_58_1.trk', 'hydi-tractography/hydi_tracks.13_58_2.trk', 'hydi-tractography/hydi_tracks.13_58_3.trk', 'hydi-tractography/hydi_tracks.13_58_4.trk', 'hydi-tractography/hydi_tracks.13_58_5.trk', 'hydi-tractography/hydi_tracks.13_58_6.trk', 'hydi-tractography/hydi_tracks.13_58_7.trk', 'hydi-tractography/hydi_tracks.14_58_0.trk', 'hydi-tractography/hydi_tracks.14_58_1.trk', 'hydi-tractography/hydi_tracks.14_58_2.trk', 'hydi-tractography/hydi_tracks.14_58_3.trk', 'hydi-tractography/hydi_tracks.14_58_4.trk', 'hydi-tractography/hydi_tracks.14_58_5.trk', 'hydi-tractography/hydi_tracks.14_58_6.trk', 'hydi-tractography/hydi_tracks.14_58_7.trk', 'hydi-tractography/hydi_tracks.15_58_0.trk', 'hydi-tractography/hydi_tracks.15_58_1.trk', 'hydi-tractography/hydi_tracks.15_58_2.trk', 'hydi-tractography/hydi_tracks.15_58_3.trk', 'hydi-tractography/hydi_tracks.15_58_4.trk', 'hydi-tractography/hydi_tracks.15_58_5.trk', 'hydi-tractography/hydi_tracks.15_58_6.trk', 'hydi-tractography/hydi_tracks.15_58_7.trk', 'hydi-tractography/hydi_tracks.16_58_0.trk', 'hydi-tractography/hydi_tracks.16_58_1.trk']",501596716636630,2431.7177135680004,True,67108864,"[('/dev/shm', 1024)]"
read_trk,"<File-like object S3FileSystem, hydi-tractography/hydi_tracks.10_58_0.trk>",504028594762580,64.17287961000001,True,0,"[]"
read_trk,"<File-like object S3FileSystem, hydi-tractography/hydi_tracks.10_58_1.trk>",504092770024587,66.534632391,True,0,"[]"
read_trk,"<File-like object S3FileSystem, hydi-tractography/hydi_tracks.10_58_2.trk>",504159305994366,81.995833843,True,0,"[]"
read_trk,"<File-like object S3FileSystem, hydi-tractography/hydi_tracks.10_58_3.trk>",504241303144868,50.703070713,True,0,"[]"
read_trk,"<File-like object S3FileSystem, hydi-tractography/hydi_tracks.10_58_4.trk>",504292007560619,86.23691401900001,True,0,"[]"
read_trk,"<File-like object S3FileSystem, hydi-tractography/hydi_tracks.10_58_5.trk>",504378245915457,71.98989835100001,True,0,"[]"
read_trk,"<File-like object S3FileSystem, hydi-tractography/hydi_tracks.10_58_6.trk>",504450237253810,69.928959594,True,0,"[]"
read_trk,"<File-like object S3FileSystem, hydi-tractography/hydi_tracks.10_58_7.trk>",504520167741337,79.685788864,True,0,"[]"
read_trk,"<File-like object S3FileSystem, hydi-tractography/hydi_tracks.11_58_0.trk>",504599855028279,56.631479246000005,True,0,"[]"
read_trk,"<File-like object S3FileSystem, hydi-tractography/hydi_tracks.11_58_1.trk>",504656488207204,86.261133129,True,0,"[]"
read_trk,"<File-like object S3FileSystem, hydi-tractography/hydi_tracks.11_58_2.trk>",504742750590098,76.91260243500001,True,0,"[]"
read_trk,"<File-like object S3FileSystem, hydi-tractography/hydi_tracks.11_58_3.trk>",504819664700135,59.535978636,True,0,"[]"
read_trk,"<File-like object S3FileSystem, hydi-tractography/hydi_tracks.11_58_4.trk>",504879201987326,91.138758409,True,0,"[]"
read_trk,"<File-like object S3FileSystem, hydi-tractography/hydi_tracks.11_58_5.trk>",504970341957701,69.180459561,True,0,"[]"
read_trk,"<File-like object S3FileSystem, hydi-tractography/hydi_tracks.11_58_6.trk>",505039523940524,72.583668175,True,0,"[]"
read_trk,"<File-like object S3FileSystem, hydi-tractography/hydi_tracks.11_58_7.trk>",505112109097348,84.805212417,True,0,"[]"
read_trk,"<File-like object S3FileSystem, hydi-tractography/hydi_tracks.12_58_0.trk>",505196915778928,53.723416028,True,0,"[]"
read_trk,"<File-like object S3FileSystem, hydi-tractography/hydi_tracks.12_58_1.trk>",505250640721591,88.774898648,True,0,"[]"
read_trk,"<File-like object S3FileSystem, hydi-tractography/hydi_tracks.12_58_2.trk>",505339417047814,82.469589411,True,0,"[]"
read_trk,"<File-like object S3FileSystem, hydi-tractography/hydi_tracks.12_58_3.trk>",505421887880957,57.773737549,True,0,"[]"
read_trk,"<File-like object S3FileSystem, hydi-tractography/hydi_tracks.12_58_4.trk>",505479663002831,95.639141745,True,0,"[]"
read_trk,"<File-like object S3FileSystem, hydi-tractography/hydi_tracks.12_58_5.trk>",505575303550637,73.614800173,True,0,"[]"
read_trk,"<File-like object S3FileSystem, hydi-tractography/hydi_tracks.12_58_6.trk>",505648919710381,64.84512228700001,True,0,"[]"
read_trk,"<File-like object S3FileSystem, hydi-tractography/hydi_tracks.12_58_7.trk>",505713766292585,95.323295793,True,0,"[]"
read_trk,"<File-like object S3FileSystem, hydi-tractography/hydi_tracks.13_58_0.trk>",505809091207404,67.635330732,True,0,"[]"
read_trk,"<File-like object S3FileSystem, hydi-tractography/hydi_tracks.13_58_1.trk>",505876728183243,78.369981103,True,0,"[]"
read_trk,"<File-like object S3FileSystem, hydi-tractography/hydi_tracks.13_58_2.trk>",505955099554404,93.268783674,True,0,"[]"
read_trk,"<File-like object S3FileSystem, hydi-tractography/hydi_tracks.13_58_3.trk>",506048369773721,58.945036259000005,True,0,"[]"
read_trk,"<File-like object S3FileSystem, hydi-tractography/hydi_tracks.13_58_4.trk>",506107316271055,88.845034502,True,0,"[]"
read_trk,"<File-like object S3FileSystem, hydi-tractography/hydi_tracks.13_58_5.trk>",506196162654839,89.364118863,True,0,"[]"
read_trk,"<File-like object S3FileSystem, hydi-tractography/hydi_tracks.13_58_6.trk>",506285528214362,54.475574779000006,True,0,"[]"
read_trk,"<File-like object S3FileSystem, hydi-tractography/hydi_tracks.13_58_7.trk>",506340005174524,86.24152062600001,True,0,"[]"
read_trk,"<File-like object S3FileSystem, hydi-tractography/hydi_tracks.14_58_0.trk>",506426248165079,82.483223509,True,0,"[]"
read_trk,"<File-like object S3FileSystem, hydi-tractography/hydi_tracks.14_58_1.trk>",506508732872997,57.471830719,True,0,"[]"
read_trk,"<File-like object S3FileSystem, hydi-tractography/hydi_tracks.14_58_2.trk>",506566206144182,88.081086428,True,0,"[]"
read_trk,"<File-like object S3FileSystem, hydi-tractography/hydi_tracks.14_58_3.trk>",506654288677986,77.654910814,True,0,"[]"
read_trk,"<File-like object S3FileSystem, hydi-tractography/hydi_tracks.14_58_4.trk>",506731945046357,60.938750588000005,True,0,"[]"
read_trk,"<File-like object S3FileSystem, hydi-tractography/hydi_tracks.14_58_5.trk>",506792885435727,94.987034249,True,0,"[]"
read_trk,"<File-like object S3FileSystem, hydi-tractography/hydi_tracks.14_58_6.trk>",506887873828249,88.72498212,True,0,"[]"
read_trk,"<File-like object S3FileSystem, hydi-tractography/hydi_tracks.14_58_7.trk>",506976600274179,71.85734084900001,True,0,"[]"
read_trk,"<File-like object S3FileSystem, hydi-tractography/hydi_tracks.15_58_0.trk>",507048458986306,96.968333314,True,0,"[]"
read_trk,"<File-like object S3FileSystem, hydi-tractography/hydi_tracks.15_58_1.trk>",507145428826779,88.27095532,True,0,"[]"
read_trk,"<File-like object S3FileSystem, hydi-tractography/hydi_tracks.15_58_2.trk>",507233701154800,73.00322796900001,True,0,"[]"
read_trk,"<File-like object S3FileSystem, hydi-tractography/hydi_tracks.15_58_3.trk>",507306705655987,91.860924138,True,0,"[]"
read_trk,"<File-like object S3FileSystem, hydi-tractography/hydi_tracks.15_58_4.trk>",507398567923864,84.621503172,True,0,"[]"
read_trk,"<File-like object S3FileSystem, hydi-tractography/hydi_tracks.15_58_5.trk>",507483190759562,76.08150690000001,True,0,"[]"
read_trk,"<File-like object S3FileSystem, hydi-tractography/hydi_tracks.15_58_6.trk>",507559273790293,91.154188147,True,0,"[]"
read_trk,"<File-like object S3FileSystem, hydi-tractography/hydi_tracks.15_58_7.trk>",507650429547867,79.75349216500001,True,0,"[]"
read_trk,"<File-like object S3FileSystem, hydi-tractography/hydi_tracks.16_58_0.trk>",507730184436051,82.81678516400001,True,0,"[]"
read_trk,"<File-like object S3FileSystem, hydi-tractography/hydi_tracks.16_58_1.trk>",507813002698818,94.15178851600001,True,0,"[]"
read_s3fs,"['hydi-tractography/hydi_tracks.10_58_0.trk', 'hydi-tractography/hydi_tracks.10_58_1.trk', 'hydi-tractography/hydi_tracks.10_58_2.trk', 'hydi-tractography/hydi_tracks.10_58_3.trk', 'hydi-tractography/hydi_tracks.10_58_4.trk', 'hydi-tractography/hydi_tracks.10_58_5.trk', 'hydi-tractography/hydi_tracks.10_58_6.trk', 'hydi-tractography/hydi_tracks.10_58_7.trk', 'hydi-tractography/hydi_tracks.11_58_0.trk', 'hydi-tractography/hydi_tracks.11_58_1.trk', 'hydi-tractography/hydi_tracks.11_58_2.trk', 'hydi-tractography/hydi_tracks.11_58_3.trk', 'hydi-tractography/hydi_tracks.11_58_4.trk', 'hydi-tractography/hydi_tracks.11_58_5.trk', 'hydi-tractography/hydi_tracks.11_58_6.trk', 'hydi-tractography/hydi_tracks.11_58_7.trk', 'hydi-tractography/hydi_tracks.12_58_0.trk', 'hydi-tractography/hydi_tracks.12_58_1.trk', 'hydi-tractography/hydi_tracks.12_58_2.trk', 'hydi-tractography/hydi_tracks.12_58_3.trk', 'hydi-tractography/hydi_tracks.12_58_4.trk', 'hydi-tractography/hydi_tracks.12_58_5.trk', 'hydi-tractography/hydi_tracks.12_58_6.trk', 'hydi-tractography/hydi_tracks.12_58_7.trk', 'hydi-tractography/hydi_tracks.13_58_0.trk', 'hydi-tractography/hydi_tracks.13_58_1.trk', 'hydi-tractography/hydi_tracks.13_58_2.trk', 'hydi-tractography/hydi_tracks.13_58_3.trk', 'hydi-tractography/hydi_tracks.13_58_4.trk', 'hydi-tractography/hydi_tracks.13_58_5.trk', 'hydi-tractography/hydi_tracks.13_58_6.trk', 'hydi-tractography/hydi_tracks.13_58_7.trk', 'hydi-tractography/hydi_tracks.14_58_0.trk', 'hydi-tractography/hydi_tracks.14_58_1.trk', 'hydi-tractography/hydi_tracks.14_58_2.trk', 'hydi-tractography/hydi_tracks.14_58_3.trk', 'hydi-tractography/hydi_tracks.14_58_4.trk', 'hydi-tractography/hydi_tracks.14_58_5.trk', 'hydi-tractography/hydi_tracks.14_58_6.trk', 'hydi-tractography/hydi_tracks.14_58_7.trk', 'hydi-tractography/hydi_tracks.15_58_0.trk', 'hydi-tractography/hydi_tracks.15_58_1.trk', 'hydi-tractography/hydi_tracks.15_58_2.trk', 'hydi-tractography/hydi_tracks.15_58_3.trk', 'hydi-tractography/hydi_tracks.15_58_4.trk', 'hydi-tractography/hydi_tracks.15_58_5.trk', 'hydi-tractography/hydi_tracks.15_58_6.trk', 'hydi-tractography/hydi_tracks.15_58_7.trk', 'hydi-tractography/hydi_tracks.16_58_0.trk', 'hydi-tractography/hydi_tracks.16_58_1.trk']",504028434473708,3878.720727575,True,67108864,"[]"t 
