action,file,timestamp,runtime,lazy,blocksize,prefetch_storage
read_nib,"['/dev/shm/hydi_tracks.10_58_0.trk']",469477593372365,13.560764103,False,0,"[]"
read_mem,"['/dev/shm/hydi_tracks.10_58_0.trk']",469491158772320,0.697348642,False,0,"[]"
read_mem,"[/dev/shm/hydi_tracks.10_58_0.trk, /dev/shm/hydi_tracks.10_58_1.trk]",469514681049512,1.24572236,False,0,"[]"
read_nib,"['/dev/shm/hydi_tracks.10_58_0.trk', '/dev/shm/hydi_tracks.10_58_1.trk']",469515931343885,27.622578352,False,0,"[]"
read_nib,"['/dev/shm/hydi_tracks.10_58_0.trk', '/dev/shm/hydi_tracks.10_58_1.trk', '/dev/shm/hydi_tracks.10_58_2.trk']",469579559230895,41.22633324,False,0,"[]"
read_mem,"['/dev/shm/hydi_tracks.10_58_0.trk', '/dev/shm/hydi_tracks.10_58_1.trk', '/dev/shm/hydi_tracks.10_58_2.trk']",469620791817068,1.922065444,False,0,"[]"
read_mem,"['/dev/shm/hydi_tracks.10_58_0.trk', '/dev/shm/hydi_tracks.10_58_1.trk', '/dev/shm/hydi_tracks.10_58_2.trk', '/dev/shm/hydi_tracks.10_58_3.trk']",469664402365523,2.3859692860000004,False,0,"[]"
read_nib,"['/dev/shm/hydi_tracks.10_58_0.trk', '/dev/shm/hydi_tracks.10_58_1.trk', '/dev/shm/hydi_tracks.10_58_2.trk', '/dev/shm/hydi_tracks.10_58_3.trk']",469666793404596,54.904625012000004,False,0,"[]"
read_nib,"['/dev/shm/hydi_tracks.10_58_0.trk', '/dev/shm/hydi_tracks.10_58_1.trk', '/dev/shm/hydi_tracks.10_58_2.trk', '/dev/shm/hydi_tracks.10_58_3.trk', '/dev/shm/hydi_tracks.10_58_4.trk']",469774157183115,69.27772073,False,0,"[]"
read_mem,"['/dev/shm/hydi_tracks.10_58_0.trk', '/dev/shm/hydi_tracks.10_58_1.trk', '/dev/shm/hydi_tracks.10_58_2.trk', '/dev/shm/hydi_tracks.10_58_3.trk', '/dev/shm/hydi_tracks.10_58_4.trk']",469843435136622,3.0865419910000003,False,0,"[]"
read_mem,"['/dev/shm/hydi_tracks.10_58_0.trk']",469858615838231,0.694708117,False,0,"[]"
read_nib,"['/dev/shm/hydi_tracks.10_58_0.trk']",469859310776653,13.524977931,False,0,"[]"
read_nib,"['/dev/shm/hydi_tracks.10_58_0.trk', '/dev/shm/hydi_tracks.10_58_1.trk']",469892149722619,27.395823776,False,0,"[]"
read_mem,"['/dev/shm/hydi_tracks.10_58_0.trk', '/dev/shm/hydi_tracks.10_58_1.trk']",469919546397520,1.276956973,False,0,"[]"
read_nib,"['/dev/shm/hydi_tracks.10_58_0.trk', '/dev/shm/hydi_tracks.10_58_1.trk', '/dev/shm/hydi_tracks.10_58_2.trk']",469955410564718,41.386193004000006,False,0,"[]"
read_mem,"['/dev/shm/hydi_tracks.10_58_0.trk', '/dev/shm/hydi_tracks.10_58_1.trk', '/dev/shm/hydi_tracks.10_58_2.trk']",469996798014639,2.03831039,False,0,"[]"
read_mem,"['/dev/shm/hydi_tracks.10_58_0.trk', '/dev/shm/hydi_tracks.10_58_1.trk', '/dev/shm/hydi_tracks.10_58_2.trk', '/dev/shm/hydi_tracks.10_58_3.trk']",470037695445768,2.387535911,False,0,"[]"
read_nib,"['/dev/shm/hydi_tracks.10_58_0.trk', '/dev/shm/hydi_tracks.10_58_1.trk', '/dev/shm/hydi_tracks.10_58_2.trk', '/dev/shm/hydi_tracks.10_58_3.trk']",470040084362591,54.389213803000004,False,0,"[]"
read_nib,"['/dev/shm/hydi_tracks.10_58_0.trk', '/dev/shm/hydi_tracks.10_58_1.trk', '/dev/shm/hydi_tracks.10_58_2.trk', '/dev/shm/hydi_tracks.10_58_3.trk', '/dev/shm/hydi_tracks.10_58_4.trk']",470147700163905,69.149382957,False,0,"[]"
read_mem,"['/dev/shm/hydi_tracks.10_58_0.trk', '/dev/shm/hydi_tracks.10_58_1.trk', '/dev/shm/hydi_tracks.10_58_2.trk', '/dev/shm/hydi_tracks.10_58_3.trk', '/dev/shm/hydi_tracks.10_58_4.trk']",470216851447709,3.179376405,False,0,"[]"
read_nib,"['/dev/shm/hydi_tracks.10_58_0.trk']",470234729345472,13.553056776,False,0,"[]"
read_mem,"['/dev/shm/hydi_tracks.10_58_0.trk']",470248282622255,0.761456773,False,0,"[]"
read_nib,"['/dev/shm/hydi_tracks.10_58_0.trk', '/dev/shm/hydi_tracks.10_58_1.trk']",470268341387979,27.657399024,False,0,"[]"
read_mem,"['/dev/shm/hydi_tracks.10_58_0.trk', '/dev/shm/hydi_tracks.10_58_1.trk']",470295999007949,1.26359412,False,0,"[]"
read_nib,"['/dev/shm/hydi_tracks.10_58_0.trk', '/dev/shm/hydi_tracks.10_58_1.trk', '/dev/shm/hydi_tracks.10_58_2.trk']",470329473400440,41.279231164,False,0,"[]"
read_mem,"['/dev/shm/hydi_tracks.10_58_0.trk', '/dev/shm/hydi_tracks.10_58_1.trk', '/dev/shm/hydi_tracks.10_58_2.trk']",470370754197329,1.9522305990000002,False,0,"[]"
read_mem,"['/dev/shm/hydi_tracks.10_58_0.trk', '/dev/shm/hydi_tracks.10_58_1.trk', '/dev/shm/hydi_tracks.10_58_2.trk', '/dev/shm/hydi_tracks.10_58_3.trk']",470411951376724,2.3706580290000003,False,0,"[]"
read_nib,"['/dev/shm/hydi_tracks.10_58_0.trk', '/dev/shm/hydi_tracks.10_58_1.trk', '/dev/shm/hydi_tracks.10_58_2.trk', '/dev/shm/hydi_tracks.10_58_3.trk']",470414323112129,54.670901972,False,0,"[]"
read_nib,"['/dev/shm/hydi_tracks.10_58_0.trk', '/dev/shm/hydi_tracks.10_58_1.trk', '/dev/shm/hydi_tracks.10_58_2.trk', '/dev/shm/hydi_tracks.10_58_3.trk', '/dev/shm/hydi_tracks.10_58_4.trk']",470521724038313,69.17714930300001,False,0,"[]"
read_mem,"['/dev/shm/hydi_tracks.10_58_0.trk', '/dev/shm/hydi_tracks.10_58_1.trk', '/dev/shm/hydi_tracks.10_58_2.trk', '/dev/shm/hydi_tracks.10_58_3.trk', '/dev/shm/hydi_tracks.10_58_4.trk']",470590901424375,3.136248842,False,0,"[]"
read_mem,"['/dev/shm/hydi_tracks.10_58_0.trk']",470606197709318,0.7657891280000001,False,0,"[]"
read_nib,"['/dev/shm/hydi_tracks.10_58_0.trk']",470606963739424,13.57477167,False,0,"[]"
read_nib,"['/dev/shm/hydi_tracks.10_58_0.trk', '/dev/shm/hydi_tracks.10_58_1.trk']",470641745872213,27.59572834,False,0,"[]"
read_mem,"['/dev/shm/hydi_tracks.10_58_0.trk', '/dev/shm/hydi_tracks.10_58_1.trk']",470669342839883,1.2693447610000002,False,0,"[]"
read_mem,"['/dev/shm/hydi_tracks.10_58_0.trk', '/dev/shm/hydi_tracks.10_58_1.trk', '/dev/shm/hydi_tracks.10_58_2.trk']",470702400495947,1.946042293,False,0,"[]"
read_nib,"['/dev/shm/hydi_tracks.10_58_0.trk', '/dev/shm/hydi_tracks.10_58_1.trk', '/dev/shm/hydi_tracks.10_58_2.trk']",470704346774187,41.637584103,False,0,"[]"
read_mem,"['/dev/shm/hydi_tracks.10_58_0.trk', '/dev/shm/hydi_tracks.10_58_1.trk', '/dev/shm/hydi_tracks.10_58_2.trk', '/dev/shm/hydi_tracks.10_58_3.trk']",470785407214755,2.417053634,False,0,"[]"
read_nib,"['/dev/shm/hydi_tracks.10_58_0.trk', '/dev/shm/hydi_tracks.10_58_1.trk', '/dev/shm/hydi_tracks.10_58_2.trk', '/dev/shm/hydi_tracks.10_58_3.trk']",470787825261896,54.817769626,False,0,"[]"
read_nib,"['/dev/shm/hydi_tracks.10_58_0.trk', '/dev/shm/hydi_tracks.10_58_1.trk', '/dev/shm/hydi_tracks.10_58_2.trk', '/dev/shm/hydi_tracks.10_58_3.trk', '/dev/shm/hydi_tracks.10_58_4.trk']",470901783691425,69.14919271400001,False,0,"[]"
read_mem,"['/dev/shm/hydi_tracks.10_58_0.trk', '/dev/shm/hydi_tracks.10_58_1.trk', '/dev/shm/hydi_tracks.10_58_2.trk', '/dev/shm/hydi_tracks.10_58_3.trk', '/dev/shm/hydi_tracks.10_58_4.trk']",470970933898103,3.067666274,False,0,"[]"
read_mem,"['/dev/shm/hydi_tracks.10_58_0.trk']",470987309839508,0.736353008,False,0,"[]"
read_nib,"['/dev/shm/hydi_tracks.10_58_0.trk']",470988046444949,13.649067164000002,False,0,"[]"
read_mem,"['/dev/shm/hydi_tracks.10_58_0.trk', '/dev/shm/hydi_tracks.10_58_1.trk']",471025929901827,1.323359532,False,0,"[]"
read_nib,"['/dev/shm/hydi_tracks.10_58_0.trk', '/dev/shm/hydi_tracks.10_58_1.trk']",471027253514223,27.638454308,False,0,"[]"
read_nib,"['/dev/shm/hydi_tracks.10_58_0.trk', '/dev/shm/hydi_tracks.10_58_1.trk', '/dev/shm/hydi_tracks.10_58_2.trk']",471086755101440,41.801589221,False,0,"[]"
read_mem,"['/dev/shm/hydi_tracks.10_58_0.trk', '/dev/shm/hydi_tracks.10_58_1.trk', '/dev/shm/hydi_tracks.10_58_2.trk']",471128556915673,1.975054657,False,0,"[]"
read_nib,"['/dev/shm/hydi_tracks.10_58_0.trk', '/dev/shm/hydi_tracks.10_58_1.trk', '/dev/shm/hydi_tracks.10_58_2.trk', '/dev/shm/hydi_tracks.10_58_3.trk']",471169521652939,55.151037593000005,False,0,"[]"
read_mem,"['/dev/shm/hydi_tracks.10_58_0.trk', '/dev/shm/hydi_tracks.10_58_1.trk', '/dev/shm/hydi_tracks.10_58_2.trk', '/dev/shm/hydi_tracks.10_58_3.trk']",471224673639018,2.350806574,False,0,"[]"
read_nib,"['/dev/shm/hydi_tracks.10_58_0.trk', '/dev/shm/hydi_tracks.10_58_1.trk', '/dev/shm/hydi_tracks.10_58_2.trk', '/dev/shm/hydi_tracks.10_58_3.trk', '/dev/shm/hydi_tracks.10_58_4.trk']",471280101525191,69.47217825,False,0,"[]"
read_mem,"['/dev/shm/hydi_tracks.10_58_0.trk', '/dev/shm/hydi_tracks.10_58_1.trk', '/dev/shm/hydi_tracks.10_58_2.trk', '/dev/shm/hydi_tracks.10_58_3.trk', '/dev/shm/hydi_tracks.10_58_4.trk']",471349575139381,3.1603495620000004,False,0,"[]"
