action,file,timestamp,runtime,lazy,blocksize,prefetch_storage
read_trk,<File-like object S3FileSystem, hydi-tractography/hydi_tracks.10_58_0.trk>,456634209485650,62.638942724,True,0,[]
read_trk,<File-like object S3FileSystem, hydi-tractography/hydi_tracks.10_58_1.trk>,456696853051457,66.299016574,True,0,[]
read_trk,<File-like object S3FileSystem, hydi-tractography/hydi_tracks.10_58_2.trk>,456763153460316,79.92804553100001,True,0,[]
read_trk,<File-like object S3FileSystem, hydi-tractography/hydi_tracks.10_58_3.trk>,456843082976677,51.580420023,True,0,[]
read_trk,<File-like object S3FileSystem, hydi-tractography/hydi_tracks.10_58_4.trk>,456894664879788,87.797744081,True,0,[]
read_trk,<File-like object S3FileSystem, hydi-tractography/hydi_tracks.10_58_5.trk>,456982464024468,67.24413712100001,True,0,[]
read_trk,<File-like object S3FileSystem, hydi-tractography/hydi_tracks.10_58_6.trk>,457049709591441,63.140654231000006,True,0,[]
read_trk,<File-like object S3FileSystem, hydi-tractography/hydi_tracks.10_58_7.trk>,457112851699094,80.27780143000001,True,0,[]
read_trk,<File-like object S3FileSystem, hydi-tractography/hydi_tracks.11_58_0.trk>,457193130998748,53.917563566000005,True,0,[]
read_trk,<File-like object S3FileSystem, hydi-tractography/hydi_tracks.11_58_1.trk>,457247050186341,80.998559381,True,0,[]
read_trk,<File-like object S3FileSystem, hydi-tractography/hydi_tracks.11_58_2.trk>,457328049943915,70.098121022,True,0,[]
read_trk,<File-like object S3FileSystem, hydi-tractography/hydi_tracks.11_58_3.trk>,457398149453209,53.629814331000006,True,0,[]
read_trk,<File-like object S3FileSystem, hydi-tractography/hydi_tracks.11_58_4.trk>,457451780676943,82.953136317,True,0,[]
read_trk,<File-like object S3FileSystem, hydi-tractography/hydi_tracks.11_58_5.trk>,457534735268075,64.962112268,True,0,[]
read_trk,<File-like object S3FileSystem, hydi-tractography/hydi_tracks.11_58_6.trk>,457599698969425,72.25061088800001,True,0,[]
read_trk,<File-like object S3FileSystem, hydi-tractography/hydi_tracks.11_58_7.trk>,457671951020612,80.19571645500001,True,0,[]
read_trk,<File-like object S3FileSystem, hydi-tractography/hydi_tracks.12_58_0.trk>,457752148196873,50.279078152000004,True,0,[]
read_trk,<File-like object S3FileSystem, hydi-tractography/hydi_tracks.12_58_1.trk>,457802428828590,79.670789782,True,0,[]
read_trk,<File-like object S3FileSystem, hydi-tractography/hydi_tracks.12_58_2.trk>,457882101145991,76.914217104,True,0,[]
read_trk,<File-like object S3FileSystem, hydi-tractography/hydi_tracks.12_58_3.trk>,457959016758036,56.856814242000006,True,0,[]
read_s3fs,['hydi-tractography/hydi_tracks.10_58_0.trk', 'hydi-tractography/hydi_tracks.10_58_1.trk', 'hydi-tractography/hydi_tracks.10_58_2.trk', 'hydi-tractography/hydi_tracks.10_58_3.trk', 'hydi-tractography/hydi_tracks.10_58_4.trk', 'hydi-tractography/hydi_tracks.10_58_5.trk', 'hydi-tractography/hydi_tracks.10_58_6.trk', 'hydi-tractography/hydi_tracks.10_58_7.trk', 'hydi-tractography/hydi_tracks.11_58_0.trk', 'hydi-tractography/hydi_tracks.11_58_1.trk', 'hydi-tractography/hydi_tracks.11_58_2.trk', 'hydi-tractography/hydi_tracks.11_58_3.trk', 'hydi-tractography/hydi_tracks.11_58_4.trk', 'hydi-tractography/hydi_tracks.11_58_5.trk', 'hydi-tractography/hydi_tracks.11_58_6.trk', 'hydi-tractography/hydi_tracks.11_58_7.trk', 'hydi-tractography/hydi_tracks.12_58_0.trk', 'hydi-tractography/hydi_tracks.12_58_1.trk', 'hydi-tractography/hydi_tracks.12_58_2.trk', 'hydi-tractography/hydi_tracks.12_58_3.trk'],456634025703795,1381.848612709,True,67108864,[]
read_trk,<File-like object S3PrefetchFileSystem, hydi-tractography/hydi_tracks.12_58_3.trk>,458016879295242,1093.502219985,True,0,[]
read_prefetched,['vhs-bucket/hydi-header.trk', 'hydi-tractography/hydi_tracks.10_58_0.trk', 'hydi-tractography/hydi_tracks.10_58_1.trk', 'hydi-tractography/hydi_tracks.10_58_2.trk', 'hydi-tractography/hydi_tracks.10_58_3.trk', 'hydi-tractography/hydi_tracks.10_58_4.trk', 'hydi-tractography/hydi_tracks.10_58_5.trk', 'hydi-tractography/hydi_tracks.10_58_6.trk', 'hydi-tractography/hydi_tracks.10_58_7.trk', 'hydi-tractography/hydi_tracks.11_58_0.trk', 'hydi-tractography/hydi_tracks.11_58_1.trk', 'hydi-tractography/hydi_tracks.11_58_2.trk', 'hydi-tractography/hydi_tracks.11_58_3.trk', 'hydi-tractography/hydi_tracks.11_58_4.trk', 'hydi-tractography/hydi_tracks.11_58_5.trk', 'hydi-tractography/hydi_tracks.11_58_6.trk', 'hydi-tractography/hydi_tracks.11_58_7.trk', 'hydi-tractography/hydi_tracks.12_58_0.trk', 'hydi-tractography/hydi_tracks.12_58_1.trk', 'hydi-tractography/hydi_tracks.12_58_2.trk', 'hydi-tractography/hydi_tracks.12_58_3.trk'],458015874440098,1094.5105140340002,True,67108864,[('/dev/shm', 1024)]
read_trk,<File-like object S3PrefetchFileSystem, hydi-tractography/hydi_tracks.12_58_3.trk>,459111214145455,1074.502113493,True,0,[]
read_prefetched,['vhs-bucket/hydi-header.trk', 'hydi-tractography/hydi_tracks.10_58_0.trk', 'hydi-tractography/hydi_tracks.10_58_1.trk', 'hydi-tractography/hydi_tracks.10_58_2.trk', 'hydi-tractography/hydi_tracks.10_58_3.trk', 'hydi-tractography/hydi_tracks.10_58_4.trk', 'hydi-tractography/hydi_tracks.10_58_5.trk', 'hydi-tractography/hydi_tracks.10_58_6.trk', 'hydi-tractography/hydi_tracks.10_58_7.trk', 'hydi-tractography/hydi_tracks.11_58_0.trk', 'hydi-tractography/hydi_tracks.11_58_1.trk', 'hydi-tractography/hydi_tracks.11_58_2.trk', 'hydi-tractography/hydi_tracks.11_58_3.trk', 'hydi-tractography/hydi_tracks.11_58_4.trk', 'hydi-tractography/hydi_tracks.11_58_5.trk', 'hydi-tractography/hydi_tracks.11_58_6.trk', 'hydi-tractography/hydi_tracks.11_58_7.trk', 'hydi-tractography/hydi_tracks.12_58_0.trk', 'hydi-tractography/hydi_tracks.12_58_1.trk', 'hydi-tractography/hydi_tracks.12_58_2.trk', 'hydi-tractography/hydi_tracks.12_58_3.trk'],459110385106386,1075.3313837110002,True,67108864,[('/dev/shm', 1024)]
read_trk,<File-like object S3FileSystem, hydi-tractography/hydi_tracks.10_58_0.trk>,460185864777368,69.464067813,True,0,[]
read_trk,<File-like object S3FileSystem, hydi-tractography/hydi_tracks.10_58_1.trk>,460255332974706,68.94834850400001,True,0,[]
read_trk,<File-like object S3FileSystem, hydi-tractography/hydi_tracks.10_58_2.trk>,460324282675099,87.065200782,True,0,[]
read_trk,<File-like object S3FileSystem, hydi-tractography/hydi_tracks.10_58_3.trk>,460411349364678,57.409415700000004,True,0,[]
read_trk,<File-like object S3FileSystem, hydi-tractography/hydi_tracks.10_58_4.trk>,460468760260900,90.987067366,True,0,[]
read_trk,<File-like object S3FileSystem, hydi-tractography/hydi_tracks.10_58_5.trk>,460559748862142,72.99211044,True,0,[]
read_trk,<File-like object S3FileSystem, hydi-tractography/hydi_tracks.10_58_6.trk>,460632742408520,68.50841827100001,True,0,[]
read_trk,<File-like object S3FileSystem, hydi-tractography/hydi_tracks.10_58_7.trk>,460701252347631,83.41799563400001,True,0,[]
read_trk,<File-like object S3FileSystem, hydi-tractography/hydi_tracks.11_58_0.trk>,460784671812090,57.452964630000004,True,0,[]
read_trk,<File-like object S3FileSystem, hydi-tractography/hydi_tracks.11_58_1.trk>,460842126406112,87.27111860500001,True,0,[]
read_trk,<File-like object S3FileSystem, hydi-tractography/hydi_tracks.11_58_2.trk>,460929398643223,79.595898273,True,0,[]
read_trk,<File-like object S3FileSystem, hydi-tractography/hydi_tracks.11_58_3.trk>,461008996031120,59.459580923000004,True,0,[]
read_trk,<File-like object S3FileSystem, hydi-tractography/hydi_tracks.11_58_4.trk>,461068457004166,90.344883095,True,0,[]
read_trk,<File-like object S3FileSystem, hydi-tractography/hydi_tracks.11_58_5.trk>,461158803385819,69.659458994,True,0,[]
read_trk,<File-like object S3FileSystem, hydi-tractography/hydi_tracks.11_58_6.trk>,461228464423266,76.492035601,True,0,[]
read_trk,<File-like object S3FileSystem, hydi-tractography/hydi_tracks.11_58_7.trk>,461304957929013,83.59544387700001,True,0,[]
read_trk,<File-like object S3FileSystem, hydi-tractography/hydi_tracks.12_58_0.trk>,461388554767368,54.821010731,True,0,[]
read_trk,<File-like object S3FileSystem, hydi-tractography/hydi_tracks.12_58_1.trk>,461443377273885,88.476280687,True,0,[]
read_trk,<File-like object S3FileSystem, hydi-tractography/hydi_tracks.12_58_2.trk>,461531855001170,85.74648643600001,True,0,[]
read_trk,<File-like object S3FileSystem, hydi-tractography/hydi_tracks.12_58_3.trk>,461617602905087,58.142207601,True,0,[]
read_s3fs,['hydi-tractography/hydi_tracks.10_58_0.trk', 'hydi-tractography/hydi_tracks.10_58_1.trk', 'hydi-tractography/hydi_tracks.10_58_2.trk', 'hydi-tractography/hydi_tracks.10_58_3.trk', 'hydi-tractography/hydi_tracks.10_58_4.trk', 'hydi-tractography/hydi_tracks.10_58_5.trk', 'hydi-tractography/hydi_tracks.10_58_6.trk', 'hydi-tractography/hydi_tracks.10_58_7.trk', 'hydi-tractography/hydi_tracks.11_58_0.trk', 'hydi-tractography/hydi_tracks.11_58_1.trk', 'hydi-tractography/hydi_tracks.11_58_2.trk', 'hydi-tractography/hydi_tracks.11_58_3.trk', 'hydi-tractography/hydi_tracks.11_58_4.trk', 'hydi-tractography/hydi_tracks.11_58_5.trk', 'hydi-tractography/hydi_tracks.11_58_6.trk', 'hydi-tractography/hydi_tracks.11_58_7.trk', 'hydi-tractography/hydi_tracks.12_58_0.trk', 'hydi-tractography/hydi_tracks.12_58_1.trk', 'hydi-tractography/hydi_tracks.12_58_2.trk', 'hydi-tractography/hydi_tracks.12_58_3.trk'],460185716615434,1490.029191089,True,67108864,[]
read_trk,<File-like object S3FileSystem, hydi-tractography/hydi_tracks.10_58_0.trk>,461675915491772,66.084810124,True,0,[]
read_trk,<File-like object S3FileSystem, hydi-tractography/hydi_tracks.10_58_1.trk>,461742001750575,69.234731189,True,0,[]
read_trk,<File-like object S3FileSystem, hydi-tractography/hydi_tracks.10_58_2.trk>,461811237809153,84.309458334,True,0,[]
read_trk,<File-like object S3FileSystem, hydi-tractography/hydi_tracks.10_58_3.trk>,461895548758896,53.095933767000005,True,0,[]
read_trk,<File-like object S3FileSystem, hydi-tractography/hydi_tracks.10_58_4.trk>,461948646129883,90.986908447,True,0,[]
read_trk,<File-like object S3FileSystem, hydi-tractography/hydi_tracks.10_58_5.trk>,462039634618072,69.89963285200001,True,0,[]
read_trk,<File-like object S3FileSystem, hydi-tractography/hydi_tracks.10_58_6.trk>,462109535595923,65.861140394,True,0,[]
read_trk,<File-like object S3FileSystem, hydi-tractography/hydi_tracks.10_58_7.trk>,462175398278129,79.82715517400001,True,0,[]
read_trk,<File-like object S3FileSystem, hydi-tractography/hydi_tracks.11_58_0.trk>,462255226916220,57.543866377,True,0,[]
read_trk,<File-like object S3FileSystem, hydi-tractography/hydi_tracks.11_58_1.trk>,462312772385873,84.59304649900001,True,0,[]
read_trk,<File-like object S3FileSystem, hydi-tractography/hydi_tracks.11_58_2.trk>,462397366637720,74.39988067,True,0,[]
read_trk,<File-like object S3FileSystem, hydi-tractography/hydi_tracks.11_58_3.trk>,462471767943992,54.807168984,True,0,[]
read_trk,<File-like object S3FileSystem, hydi-tractography/hydi_tracks.11_58_4.trk>,462526576466321,81.87978369400001,True,0,[]
read_trk,<File-like object S3FileSystem, hydi-tractography/hydi_tracks.11_58_5.trk>,462608457649004,65.138450706,True,0,[]
read_trk,<File-like object S3FileSystem, hydi-tractography/hydi_tracks.11_58_6.trk>,462673597612131,71.704762804,True,0,[]
read_trk,<File-like object S3FileSystem, hydi-tractography/hydi_tracks.11_58_7.trk>,462745303859339,81.998577756,True,0,[]
read_trk,<File-like object S3FileSystem, hydi-tractography/hydi_tracks.12_58_0.trk>,462827303828562,52.467429921000004,True,0,[]
read_trk,<File-like object S3FileSystem, hydi-tractography/hydi_tracks.12_58_1.trk>,462879772742738,82.048807534,True,0,[]
read_trk,<File-like object S3FileSystem, hydi-tractography/hydi_tracks.12_58_2.trk>,462961822975247,76.413552835,True,0,[]
read_trk,<File-like object S3FileSystem, hydi-tractography/hydi_tracks.12_58_3.trk>,463038237987298,52.261573670000004,True,0,[]
read_s3fs,['hydi-tractography/hydi_tracks.10_58_0.trk', 'hydi-tractography/hydi_tracks.10_58_1.trk', 'hydi-tractography/hydi_tracks.10_58_2.trk', 'hydi-tractography/hydi_tracks.10_58_3.trk', 'hydi-tractography/hydi_tracks.10_58_4.trk', 'hydi-tractography/hydi_tracks.10_58_5.trk', 'hydi-tractography/hydi_tracks.10_58_6.trk', 'hydi-tractography/hydi_tracks.10_58_7.trk', 'hydi-tractography/hydi_tracks.11_58_0.trk', 'hydi-tractography/hydi_tracks.11_58_1.trk', 'hydi-tractography/hydi_tracks.11_58_2.trk', 'hydi-tractography/hydi_tracks.11_58_3.trk', 'hydi-tractography/hydi_tracks.11_58_4.trk', 'hydi-tractography/hydi_tracks.11_58_5.trk', 'hydi-tractography/hydi_tracks.11_58_6.trk', 'hydi-tractography/hydi_tracks.11_58_7.trk', 'hydi-tractography/hydi_tracks.12_58_0.trk', 'hydi-tractography/hydi_tracks.12_58_1.trk', 'hydi-tractography/hydi_tracks.12_58_2.trk', 'hydi-tractography/hydi_tracks.12_58_3.trk'],461675745953621,1414.754272335,True,67108864,[]
read_trk,<File-like object S3PrefetchFileSystem, hydi-tractography/hydi_tracks.12_58_3.trk>,463091280979453,1053.791016291,True,0,[]
read_prefetched,['vhs-bucket/hydi-header.trk', 'hydi-tractography/hydi_tracks.10_58_0.trk', 'hydi-tractography/hydi_tracks.10_58_1.trk', 'hydi-tractography/hydi_tracks.10_58_2.trk', 'hydi-tractography/hydi_tracks.10_58_3.trk', 'hydi-tractography/hydi_tracks.10_58_4.trk', 'hydi-tractography/hydi_tracks.10_58_5.trk', 'hydi-tractography/hydi_tracks.10_58_6.trk', 'hydi-tractography/hydi_tracks.10_58_7.trk', 'hydi-tractography/hydi_tracks.11_58_0.trk', 'hydi-tractography/hydi_tracks.11_58_1.trk', 'hydi-tractography/hydi_tracks.11_58_2.trk', 'hydi-tractography/hydi_tracks.11_58_3.trk', 'hydi-tractography/hydi_tracks.11_58_4.trk', 'hydi-tractography/hydi_tracks.11_58_5.trk', 'hydi-tractography/hydi_tracks.11_58_6.trk', 'hydi-tractography/hydi_tracks.11_58_7.trk', 'hydi-tractography/hydi_tracks.12_58_0.trk', 'hydi-tractography/hydi_tracks.12_58_1.trk', 'hydi-tractography/hydi_tracks.12_58_2.trk', 'hydi-tractography/hydi_tracks.12_58_3.trk'],463090500362129,1054.571876592,True,67108864,[('/dev/shm', 1024)]
read_trk,<File-like object S3FileSystem, hydi-tractography/hydi_tracks.10_58_0.trk>,464145231341772,65.754857222,True,0,[]
read_trk,<File-like object S3FileSystem, hydi-tractography/hydi_tracks.10_58_1.trk>,464210987611349,72.763347001,True,0,[]
read_trk,<File-like object S3FileSystem, hydi-tractography/hydi_tracks.10_58_2.trk>,464283752406929,84.889351401,True,0,[]
read_trk,<File-like object S3FileSystem, hydi-tractography/hydi_tracks.10_58_3.trk>,464368643093873,52.252224158000004,True,0,[]
read_trk,<File-like object S3FileSystem, hydi-tractography/hydi_tracks.10_58_4.trk>,464420896813054,103.75068737500001,True,0,[]
read_trk,<File-like object S3FileSystem, hydi-tractography/hydi_tracks.10_58_5.trk>,464524648888935,70.61408667100001,True,0,[]
read_trk,<File-like object S3FileSystem, hydi-tractography/hydi_tracks.10_58_6.trk>,464595264371046,61.660707102,True,0,[]
read_trk,<File-like object S3FileSystem, hydi-tractography/hydi_tracks.10_58_7.trk>,464656926440795,79.823345442,True,0,[]
read_trk,<File-like object S3FileSystem, hydi-tractography/hydi_tracks.11_58_0.trk>,464736751256369,54.063279633,True,0,[]
read_trk,<File-like object S3FileSystem, hydi-tractography/hydi_tracks.11_58_1.trk>,464790815999373,82.344690442,True,0,[]
read_trk,<File-like object S3FileSystem, hydi-tractography/hydi_tracks.11_58_2.trk>,464873161901404,76.175285425,True,0,[]
read_trk,<File-like object S3FileSystem, hydi-tractography/hydi_tracks.11_58_3.trk>,464949338535501,55.15212218600001,True,0,[]
read_trk,<File-like object S3FileSystem, hydi-tractography/hydi_tracks.11_58_4.trk>,465004492083529,85.66909094200001,True,0,[]
read_trk,<File-like object S3FileSystem, hydi-tractography/hydi_tracks.11_58_5.trk>,465090162486986,63.07394834,True,0,[]
read_trk,<File-like object S3FileSystem, hydi-tractography/hydi_tracks.11_58_6.trk>,465153237956727,69.671007817,True,0,[]
read_trk,<File-like object S3FileSystem, hydi-tractography/hydi_tracks.11_58_7.trk>,465222910378046,80.07895043,True,0,[]
read_trk,<File-like object S3FileSystem, hydi-tractography/hydi_tracks.12_58_0.trk>,465302990685303,51.786708932,True,0,[]
read_trk,<File-like object S3FileSystem, hydi-tractography/hydi_tracks.12_58_1.trk>,465354778874524,85.994738138,True,0,[]
read_trk,<File-like object S3FileSystem, hydi-tractography/hydi_tracks.12_58_2.trk>,465440774956758,82.595678421,True,0,[]
read_trk,<File-like object S3FileSystem, hydi-tractography/hydi_tracks.12_58_3.trk>,465523372001393,58.918960580000004,True,0,[]
read_s3fs,['hydi-tractography/hydi_tracks.10_58_0.trk', 'hydi-tractography/hydi_tracks.10_58_1.trk', 'hydi-tractography/hydi_tracks.10_58_2.trk', 'hydi-tractography/hydi_tracks.10_58_3.trk', 'hydi-tractography/hydi_tracks.10_58_4.trk', 'hydi-tractography/hydi_tracks.10_58_5.trk', 'hydi-tractography/hydi_tracks.10_58_6.trk', 'hydi-tractography/hydi_tracks.10_58_7.trk', 'hydi-tractography/hydi_tracks.11_58_0.trk', 'hydi-tractography/hydi_tracks.11_58_1.trk', 'hydi-tractography/hydi_tracks.11_58_2.trk', 'hydi-tractography/hydi_tracks.11_58_3.trk', 'hydi-tractography/hydi_tracks.11_58_4.trk', 'hydi-tractography/hydi_tracks.11_58_5.trk', 'hydi-tractography/hydi_tracks.11_58_6.trk', 'hydi-tractography/hydi_tracks.11_58_7.trk', 'hydi-tractography/hydi_tracks.12_58_0.trk', 'hydi-tractography/hydi_tracks.12_58_1.trk', 'hydi-tractography/hydi_tracks.12_58_2.trk', 'hydi-tractography/hydi_tracks.12_58_3.trk'],464145072381291,1437.219285825,True,67108864,[]
read_trk,<File-like object S3PrefetchFileSystem, hydi-tractography/hydi_tracks.12_58_3.trk>,465583093967266,1075.683649324,True,0,[]
read_prefetched,['vhs-bucket/hydi-header.trk', 'hydi-tractography/hydi_tracks.10_58_0.trk', 'hydi-tractography/hydi_tracks.10_58_1.trk', 'hydi-tractography/hydi_tracks.10_58_2.trk', 'hydi-tractography/hydi_tracks.10_58_3.trk', 'hydi-tractography/hydi_tracks.10_58_4.trk', 'hydi-tractography/hydi_tracks.10_58_5.trk', 'hydi-tractography/hydi_tracks.10_58_6.trk', 'hydi-tractography/hydi_tracks.10_58_7.trk', 'hydi-tractography/hydi_tracks.11_58_0.trk', 'hydi-tractography/hydi_tracks.11_58_1.trk', 'hydi-tractography/hydi_tracks.11_58_2.trk', 'hydi-tractography/hydi_tracks.11_58_3.trk', 'hydi-tractography/hydi_tracks.11_58_4.trk', 'hydi-tractography/hydi_tracks.11_58_5.trk', 'hydi-tractography/hydi_tracks.11_58_6.trk', 'hydi-tractography/hydi_tracks.11_58_7.trk', 'hydi-tractography/hydi_tracks.12_58_0.trk', 'hydi-tractography/hydi_tracks.12_58_1.trk', 'hydi-tractography/hydi_tracks.12_58_2.trk', 'hydi-tractography/hydi_tracks.12_58_3.trk'],465582291788282,1076.486147847,True,67108864,[('/dev/shm', 1024)]
read_trk,<File-like object S3PrefetchFileSystem, hydi-tractography/hydi_tracks.12_58_3.trk>,466659637704929,1063.0674577470002,True,0,[]
read_prefetched,['vhs-bucket/hydi-header.trk', 'hydi-tractography/hydi_tracks.10_58_0.trk', 'hydi-tractography/hydi_tracks.10_58_1.trk', 'hydi-tractography/hydi_tracks.10_58_2.trk', 'hydi-tractography/hydi_tracks.10_58_3.trk', 'hydi-tractography/hydi_tracks.10_58_4.trk', 'hydi-tractography/hydi_tracks.10_58_5.trk', 'hydi-tractography/hydi_tracks.10_58_6.trk', 'hydi-tractography/hydi_tracks.10_58_7.trk', 'hydi-tractography/hydi_tracks.11_58_0.trk', 'hydi-tractography/hydi_tracks.11_58_1.trk', 'hydi-tractography/hydi_tracks.11_58_2.trk', 'hydi-tractography/hydi_tracks.11_58_3.trk', 'hydi-tractography/hydi_tracks.11_58_4.trk', 'hydi-tractography/hydi_tracks.11_58_5.trk', 'hydi-tractography/hydi_tracks.11_58_6.trk', 'hydi-tractography/hydi_tracks.11_58_7.trk', 'hydi-tractography/hydi_tracks.12_58_0.trk', 'hydi-tractography/hydi_tracks.12_58_1.trk', 'hydi-tractography/hydi_tracks.12_58_2.trk', 'hydi-tractography/hydi_tracks.12_58_3.trk'],466658778099494,1063.927291591,True,67108864,[('/dev/shm', 1024)]
read_trk,<File-like object S3FileSystem, hydi-tractography/hydi_tracks.10_58_0.trk>,467722845979572,63.798090867000006,True,0,[]
read_trk,<File-like object S3FileSystem, hydi-tractography/hydi_tracks.10_58_1.trk>,467786650591724,64.228496402,True,0,[]
read_trk,<File-like object S3FileSystem, hydi-tractography/hydi_tracks.10_58_2.trk>,467850880446550,80.984553176,True,0,[]
read_trk,<File-like object S3FileSystem, hydi-tractography/hydi_tracks.10_58_3.trk>,467931866455151,52.153261948,True,0,[]
read_trk,<File-like object S3FileSystem, hydi-tractography/hydi_tracks.10_58_4.trk>,467984021221338,86.225326972,True,0,[]
read_trk,<File-like object S3FileSystem, hydi-tractography/hydi_tracks.10_58_5.trk>,468070248033211,65.71736832,True,0,[]
read_trk,<File-like object S3FileSystem, hydi-tractography/hydi_tracks.10_58_6.trk>,468135966817904,62.718427161,True,0,[]
read_trk,<File-like object S3FileSystem, hydi-tractography/hydi_tracks.10_58_7.trk>,468198686732383,77.130046596,True,0,[]
read_trk,<File-like object S3FileSystem, hydi-tractography/hydi_tracks.11_58_0.trk>,468275818310371,55.32829161,True,0,[]
read_trk,<File-like object S3FileSystem, hydi-tractography/hydi_tracks.11_58_1.trk>,468331148286173,80.31720860600001,True,0,[]
read_trk,<File-like object S3FileSystem, hydi-tractography/hydi_tracks.11_58_2.trk>,468411466657243,73.484722062,True,0,[]
read_trk,<File-like object S3FileSystem, hydi-tractography/hydi_tracks.11_58_3.trk>,468484952829204,53.978708893000004,True,0,[]
read_trk,<File-like object S3FileSystem, hydi-tractography/hydi_tracks.11_58_4.trk>,468538932987807,80.484904463,True,0,[]
read_trk,<File-like object S3FileSystem, hydi-tractography/hydi_tracks.11_58_5.trk>,468619419249090,61.524996763000004,True,0,[]
read_trk,<File-like object S3FileSystem, hydi-tractography/hydi_tracks.11_58_6.trk>,468680945807641,69.736757872,True,0,[]
read_trk,<File-like object S3FileSystem, hydi-tractography/hydi_tracks.11_58_7.trk>,468750684035520,77.79926450900001,True,0,[]
read_trk,<File-like object S3FileSystem, hydi-tractography/hydi_tracks.12_58_0.trk>,468828484746242,48.502965585000005,True,0,[]
read_trk,<File-like object S3FileSystem, hydi-tractography/hydi_tracks.12_58_1.trk>,468876989245175,80.414882434,True,0,[]
read_trk,<File-like object S3FileSystem, hydi-tractography/hydi_tracks.12_58_2.trk>,468957405620211,74.381230344,True,0,[]
read_trk,<File-like object S3FileSystem, hydi-tractography/hydi_tracks.12_58_3.trk>,469031788275971,51.733930518,True,0,[]
read_s3fs,['hydi-tractography/hydi_tracks.10_58_0.trk', 'hydi-tractography/hydi_tracks.10_58_1.trk', 'hydi-tractography/hydi_tracks.10_58_2.trk', 'hydi-tractography/hydi_tracks.10_58_3.trk', 'hydi-tractography/hydi_tracks.10_58_4.trk', 'hydi-tractography/hydi_tracks.10_58_5.trk', 'hydi-tractography/hydi_tracks.10_58_6.trk', 'hydi-tractography/hydi_tracks.10_58_7.trk', 'hydi-tractography/hydi_tracks.11_58_0.trk', 'hydi-tractography/hydi_tracks.11_58_1.trk', 'hydi-tractography/hydi_tracks.11_58_2.trk', 'hydi-tractography/hydi_tracks.11_58_3.trk', 'hydi-tractography/hydi_tracks.11_58_4.trk', 'hydi-tractography/hydi_tracks.11_58_5.trk', 'hydi-tractography/hydi_tracks.11_58_6.trk', 'hydi-tractography/hydi_tracks.11_58_7.trk', 'hydi-tractography/hydi_tracks.12_58_0.trk', 'hydi-tractography/hydi_tracks.12_58_1.trk', 'hydi-tractography/hydi_tracks.12_58_2.trk', 'hydi-tractography/hydi_tracks.12_58_3.trk'],467722705505113,1360.81740293,True,67108864,[]
