action,file,timestamp,runtime,lazy,blocksize,prefetch_storage
read_trk,<_io.BufferedReader name='/dev/shm/hydi_tracks.12_58_7.trk'>,98815081647592,15.324366063000001,False,0,[]
read_mem,/dev/shm/hydi_tracks.12_58_7.trk,98814878120220,15.52961374,False,0,[]
read_trk,<File-like object S3FileSystem, hydi-tractography/hydi_tracks.12_58_7.trk>,98830936022482,87.82471732900001,False,0,[]
read_s3fs,hydi-tractography/hydi_tracks.12_58_7.trk,98830407803437,88.353781522,False,67108864,[]
read_trk,<File-like object S3PrefetchFileSystem, hydi-tractography/hydi_tracks.12_58_7.trk>,98919223383794,53.011322386,False,0,[]
read_prefetched,hydi-tractography/hydi_tracks.12_58_7.trk,98918761668793,53.474682296000005,False,67108864,[('/dev/shm', 5242880)]
read_trk,<File-like object S3PrefetchFileSystem, hydi-tractography/hydi_tracks.12_58_7.trk>,98972540350507,52.472964103,False,0,[]
read_prefetched,hydi-tractography/hydi_tracks.12_58_7.trk,98972236461152,52.777225765000004,False,67108864,[('/dev/shm', 5242880)]
read_trk,<_io.BufferedReader name='/dev/shm/hydi_tracks.12_58_7.trk'>,99025270604093,15.541515681000002,False,0,[]
read_mem,/dev/shm/hydi_tracks.12_58_7.trk,99025013772296,15.79863304,False,0,[]
read_trk,<File-like object S3FileSystem, hydi-tractography/hydi_tracks.12_58_7.trk>,99041106104023,74.05360289100001,False,0,[]
read_s3fs,hydi-tractography/hydi_tracks.12_58_7.trk,99040812480170,74.348037368,False,67108864,[]
read_trk,<File-like object S3FileSystem, hydi-tractography/hydi_tracks.12_58_7.trk>,99115438949876,61.027710557000006,False,0,[]
read_s3fs,hydi-tractography/hydi_tracks.12_58_7.trk,99115160641762,61.30721202,False,67108864,[]
read_trk,<File-like object S3PrefetchFileSystem, hydi-tractography/hydi_tracks.12_58_7.trk>,99176834150021,52.289187046,False,0,[]
read_prefetched,hydi-tractography/hydi_tracks.12_58_7.trk,99176467950663,52.65569214200001,False,67108864,[('/dev/shm', 5242880)]
read_trk,<_io.BufferedReader name='/dev/shm/hydi_tracks.12_58_7.trk'>,99229358447870,15.376670599,False,0,[]
read_mem,/dev/shm/hydi_tracks.12_58_7.trk,99229123732491,15.611613476,False,0,[]
read_trk,<File-like object S3PrefetchFileSystem, hydi-tractography/hydi_tracks.12_58_7.trk>,99245101603673,53.386525619000004,False,0,[]
read_prefetched,hydi-tractography/hydi_tracks.12_58_7.trk,99244735456541,53.75298084200001,False,67108864,[('/dev/shm', 5242880)]
read_trk,<File-like object S3FileSystem, hydi-tractography/hydi_tracks.12_58_7.trk>,99298823693196,59.176731713,False,0,[]
read_s3fs,hydi-tractography/hydi_tracks.12_58_7.trk,99298488522283,59.513062548,False,67108864,[]
read_trk,<_io.BufferedReader name='/dev/shm/hydi_tracks.12_58_7.trk'>,99358293552817,15.318611645,False,0,[]
read_mem,/dev/shm/hydi_tracks.12_58_7.trk,99358001682793,15.610717774000001,False,0,[]
read_trk,<File-like object S3PrefetchFileSystem, hydi-tractography/hydi_tracks.12_58_7.trk>,99374004581826,52.622375474,False,0,[]
read_prefetched,hydi-tractography/hydi_tracks.12_58_7.trk,99373612519420,53.014778974,False,67108864,[('/dev/shm', 5242880)]
read_trk,<_io.BufferedReader name='/dev/shm/hydi_tracks.12_58_7.trk'>,99426927567117,15.625851437000001,False,0,[]
read_mem,/dev/shm/hydi_tracks.12_58_7.trk,99426627385948,15.926270727,False,0,[]
read_trk,<File-like object S3FileSystem, hydi-tractography/hydi_tracks.12_58_7.trk>,99442924060808,64.877870923,False,0,[]
read_s3fs,hydi-tractography/hydi_tracks.12_58_7.trk,99442553732015,65.24898085000001,False,67108864,[]
