action,file,timestamp,runtime,lazy,blocksize,prefetch_storage
read_s3fs,hydi-tractography/hydi_tracks.10_58_0.trk,205847339438525,68.04681883800001,False,33554432,
read_s3fs,hydi-tractography/hydi_tracks.10_58_1.trk,206900930199885,81.58036827100001,False,33554432,
read_s3fs,hydi-tractography/hydi_tracks.10_58_2.trk,207537029304160,92.845135557,False,33554432,
read_s3fs,hydi-tractography/hydi_tracks.10_58_3.trk,208919937725460,56.91084445600001,False,33554432,
read_s3fs,hydi-tractography/hydi_tracks.10_58_4.trk,209298036020629,102.676603641,False,33554432,
read_s3fs,hydi-tractography/hydi_tracks.10_58_5.trk,210431416964765,77.431317514,False,33554432,
read_s3fs,hydi-tractography/hydi_tracks.10_58_6.trk,211469868986200,68.00150833000001,False,33554432,
read_s3fs,hydi-tractography/hydi_tracks.10_58_7.trk,211964646617544,95.756789854,False,33554432,
read_s3fs,hydi-tractography/hydi_tracks.11_58_0.trk,213396481684985,69.680150923,False,33554432,
read_s3fs,hydi-tractography/hydi_tracks.11_58_1.trk,213859543828798,104.04893737200001,False,33554432,
segmentation_s3fs,"['hydi-tractography/hydi_tracks.10_58_0.trk', 'hydi-tractography/hydi_tracks.10_58_1.trk', 'hydi-tractography/hydi_tracks.10_58_2.trk', 'hydi-tractography/hydi_tracks.10_58_3.trk', 'hydi-tractography/hydi_tracks.10_58_4.trk', 'hydi-tractography/hydi_tracks.10_58_5.trk', 'hydi-tractography/hydi_tracks.10_58_6.trk', 'hydi-tractography/hydi_tracks.10_58_7.trk', 'hydi-tractography/hydi_tracks.11_58_0.trk', 'hydi-tractography/hydi_tracks.11_58_1.trk']",205795620172383,9039.484585574,False,33554432,"[]"
read_prefetch,"['vhs-bucket/hydi-header.trk', 'hydi-tractography/hydi_tracks.10_58_0.trk', 'hydi-tractography/hydi_tracks.10_58_1.trk', 'hydi-tractography/hydi_tracks.10_58_2.trk', 'hydi-tractography/hydi_tracks.10_58_3.trk', 'hydi-tractography/hydi_tracks.10_58_4.trk', 'hydi-tractography/hydi_tracks.10_58_5.trk', 'hydi-tractography/hydi_tracks.10_58_6.trk', 'hydi-tractography/hydi_tracks.10_58_7.trk', 'hydi-tractography/hydi_tracks.11_58_0.trk', 'hydi-tractography/hydi_tracks.11_58_1.trk']",214888017562111,448.34101634200005,False,33554432,"(('/dev/shm', 2048),)"
segmentation_prefetch,"['vhs-bucket/hydi-header.trk', 'hydi-tractography/hydi_tracks.10_58_0.trk', 'hydi-tractography/hydi_tracks.10_58_1.trk', 'hydi-tractography/hydi_tracks.10_58_2.trk', 'hydi-tractography/hydi_tracks.10_58_3.trk', 'hydi-tractography/hydi_tracks.10_58_4.trk', 'hydi-tractography/hydi_tracks.10_58_5.trk', 'hydi-tractography/hydi_tracks.10_58_6.trk', 'hydi-tractography/hydi_tracks.10_58_7.trk', 'hydi-tractography/hydi_tracks.11_58_0.trk', 'hydi-tractography/hydi_tracks.11_58_1.trk']",214836355141672,7857.3633216220005,False,33554432,"(('/dev/shm', 2048),)"
read_s3fs,hydi-tractography/hydi_tracks.10_58_0.trk,222745859559861,71.698212642,False,33554432,
read_s3fs,hydi-tractography/hydi_tracks.10_58_1.trk,223796654026377,75.17830022300001,False,33554432,
read_s3fs,hydi-tractography/hydi_tracks.10_58_2.trk,224426623539713,97.470696809,False,33554432,
read_s3fs,hydi-tractography/hydi_tracks.10_58_3.trk,225811106516667,53.756862342000005,False,33554432,
read_s3fs,hydi-tractography/hydi_tracks.10_58_4.trk,226184477945508,89.341915109,False,33554432,
read_s3fs,hydi-tractography/hydi_tracks.10_58_5.trk,227303293809307,78.866232102,False,33554432,
read_s3fs,hydi-tractography/hydi_tracks.10_58_6.trk,228343466546408,81.169784202,False,33554432,
read_s3fs,hydi-tractography/hydi_tracks.10_58_7.trk,228850636477477,97.93661532700001,False,33554432,
read_s3fs,hydi-tractography/hydi_tracks.11_58_0.trk,230283522324895,63.403473339,False,33554432,
read_s3fs,hydi-tractography/hydi_tracks.11_58_1.trk,230739941792221,106.626896747,False,33554432,
segmentation_s3fs,"['hydi-tractography/hydi_tracks.10_58_0.trk', 'hydi-tractography/hydi_tracks.10_58_1.trk', 'hydi-tractography/hydi_tracks.10_58_2.trk', 'hydi-tractography/hydi_tracks.10_58_3.trk', 'hydi-tractography/hydi_tracks.10_58_4.trk', 'hydi-tractography/hydi_tracks.10_58_5.trk', 'hydi-tractography/hydi_tracks.10_58_6.trk', 'hydi-tractography/hydi_tracks.10_58_7.trk', 'hydi-tractography/hydi_tracks.11_58_0.trk', 'hydi-tractography/hydi_tracks.11_58_1.trk']",222695019914400,9021.365376835001,False,33554432,"[]"
read_prefetch,"['vhs-bucket/hydi-header.trk', 'hydi-tractography/hydi_tracks.10_58_0.trk', 'hydi-tractography/hydi_tracks.10_58_1.trk', 'hydi-tractography/hydi_tracks.10_58_2.trk', 'hydi-tractography/hydi_tracks.10_58_3.trk', 'hydi-tractography/hydi_tracks.10_58_4.trk', 'hydi-tractography/hydi_tracks.10_58_5.trk', 'hydi-tractography/hydi_tracks.10_58_6.trk', 'hydi-tractography/hydi_tracks.10_58_7.trk', 'hydi-tractography/hydi_tracks.11_58_0.trk', 'hydi-tractography/hydi_tracks.11_58_1.trk']",231768347948695,538.8730278930001,False,33554432,"(('/dev/shm', 2048),)"
segmentation_prefetch,"['vhs-bucket/hydi-header.trk', 'hydi-tractography/hydi_tracks.10_58_0.trk', 'hydi-tractography/hydi_tracks.10_58_1.trk', 'hydi-tractography/hydi_tracks.10_58_2.trk', 'hydi-tractography/hydi_tracks.10_58_3.trk', 'hydi-tractography/hydi_tracks.10_58_4.trk', 'hydi-tractography/hydi_tracks.10_58_5.trk', 'hydi-tractography/hydi_tracks.10_58_6.trk', 'hydi-tractography/hydi_tracks.10_58_7.trk', 'hydi-tractography/hydi_tracks.11_58_0.trk', 'hydi-tractography/hydi_tracks.11_58_1.trk']",231717653989875,7960.272537387001,False,33554432,"(('/dev/shm', 2048),)"
read_s3fs,hydi-tractography/hydi_tracks.10_58_0.trk,239731091400844,75.58188758300001,False,33554432,
read_s3fs,hydi-tractography/hydi_tracks.10_58_1.trk,240786620177398,78.057573192,False,33554432,
read_s3fs,hydi-tractography/hydi_tracks.10_58_2.trk,241418939384948,94.16353159200001,False,33554432,
read_s3fs,hydi-tractography/hydi_tracks.10_58_3.trk,242796441421099,56.626707204000006,False,33554432,
read_s3fs,hydi-tractography/hydi_tracks.10_58_4.trk,243172771470187,94.77487256,False,33554432,
read_s3fs,hydi-tractography/hydi_tracks.10_58_5.trk,244295761837333,71.47701451600001,False,33554432,
read_s3fs,hydi-tractography/hydi_tracks.10_58_6.trk,245326224568615,75.19727564200001,False,33554432,
read_s3fs,hydi-tractography/hydi_tracks.10_58_7.trk,245827176362417,96.94529864900001,False,33554432,
read_s3fs,hydi-tractography/hydi_tracks.11_58_0.trk,247259263595029,57.761790096000006,False,33554432,
read_s3fs,hydi-tractography/hydi_tracks.11_58_1.trk,247709440093417,85.608068902,False,33554432,
segmentation_s3fs,"['hydi-tractography/hydi_tracks.10_58_0.trk', 'hydi-tractography/hydi_tracks.10_58_1.trk', 'hydi-tractography/hydi_tracks.10_58_2.trk', 'hydi-tractography/hydi_tracks.10_58_3.trk', 'hydi-tractography/hydi_tracks.10_58_4.trk', 'hydi-tractography/hydi_tracks.10_58_5.trk', 'hydi-tractography/hydi_tracks.10_58_6.trk', 'hydi-tractography/hydi_tracks.10_58_7.trk', 'hydi-tractography/hydi_tracks.11_58_0.trk', 'hydi-tractography/hydi_tracks.11_58_1.trk']",239679207654567,8986.028153058001,False,33554432,"[]"
read_prefetch,"['vhs-bucket/hydi-header.trk', 'hydi-tractography/hydi_tracks.10_58_0.trk', 'hydi-tractography/hydi_tracks.10_58_1.trk', 'hydi-tractography/hydi_tracks.10_58_2.trk', 'hydi-tractography/hydi_tracks.10_58_3.trk', 'hydi-tractography/hydi_tracks.10_58_4.trk', 'hydi-tractography/hydi_tracks.10_58_5.trk', 'hydi-tractography/hydi_tracks.10_58_6.trk', 'hydi-tractography/hydi_tracks.10_58_7.trk', 'hydi-tractography/hydi_tracks.11_58_0.trk', 'hydi-tractography/hydi_tracks.11_58_1.trk']",248718278058115,473.607680243,False,33554432,"(('/dev/shm', 2048),)"
segmentation_prefetch,"['vhs-bucket/hydi-header.trk', 'hydi-tractography/hydi_tracks.10_58_0.trk', 'hydi-tractography/hydi_tracks.10_58_1.trk', 'hydi-tractography/hydi_tracks.10_58_2.trk', 'hydi-tractography/hydi_tracks.10_58_3.trk', 'hydi-tractography/hydi_tracks.10_58_4.trk', 'hydi-tractography/hydi_tracks.10_58_5.trk', 'hydi-tractography/hydi_tracks.10_58_6.trk', 'hydi-tractography/hydi_tracks.10_58_7.trk', 'hydi-tractography/hydi_tracks.11_58_0.trk', 'hydi-tractography/hydi_tracks.11_58_1.trk']",248666499673528,7879.615019159,False,33554432,"(('/dev/shm', 2048),)"
read_s3fs,hydi-tractography/hydi_tracks.10_58_0.trk,256599256151855,71.26041531300001,False,33554432,
read_s3fs,hydi-tractography/hydi_tracks.10_58_1.trk,257649508111865,71.126369474,False,33554432,
read_s3fs,hydi-tractography/hydi_tracks.10_58_2.trk,258274540028137,85.296939128,False,33554432,
read_s3fs,hydi-tractography/hydi_tracks.10_58_3.trk,259643550346650,55.729921032,False,33554432,
read_s3fs,hydi-tractography/hydi_tracks.10_58_4.trk,260018855451448,101.26287403900001,False,33554432,
read_s3fs,hydi-tractography/hydi_tracks.10_58_5.trk,261144909670520,70.567967088,False,33554432,
read_s3fs,hydi-tractography/hydi_tracks.10_58_6.trk,262174375230292,63.799133814,False,33554432,
read_s3fs,hydi-tractography/hydi_tracks.10_58_7.trk,262664093233151,92.08363612500001,False,33554432,
read_s3fs,hydi-tractography/hydi_tracks.11_58_0.trk,264089683237380,59.070174697000006,False,33554432,
read_s3fs,hydi-tractography/hydi_tracks.11_58_1.trk,264541791726112,94.75692814300001,False,33554432,
segmentation_s3fs,"['hydi-tractography/hydi_tracks.10_58_0.trk', 'hydi-tractography/hydi_tracks.10_58_1.trk', 'hydi-tractography/hydi_tracks.10_58_2.trk', 'hydi-tractography/hydi_tracks.10_58_3.trk', 'hydi-tractography/hydi_tracks.10_58_4.trk', 'hydi-tractography/hydi_tracks.10_58_5.trk', 'hydi-tractography/hydi_tracks.10_58_6.trk', 'hydi-tractography/hydi_tracks.10_58_7.trk', 'hydi-tractography/hydi_tracks.11_58_0.trk', 'hydi-tractography/hydi_tracks.11_58_1.trk']",256547392793847,8956.830856196,False,33554432,"[]"
read_prefetch,"['vhs-bucket/hydi-header.trk', 'hydi-tractography/hydi_tracks.10_58_0.trk', 'hydi-tractography/hydi_tracks.10_58_1.trk', 'hydi-tractography/hydi_tracks.10_58_2.trk', 'hydi-tractography/hydi_tracks.10_58_3.trk', 'hydi-tractography/hydi_tracks.10_58_4.trk', 'hydi-tractography/hydi_tracks.10_58_5.trk', 'hydi-tractography/hydi_tracks.10_58_6.trk', 'hydi-tractography/hydi_tracks.10_58_7.trk', 'hydi-tractography/hydi_tracks.11_58_0.trk', 'hydi-tractography/hydi_tracks.11_58_1.trk']",265556502103540,426.176391023,False,33554432,"(('/dev/shm', 2048),)"
segmentation_prefetch,"['vhs-bucket/hydi-header.trk', 'hydi-tractography/hydi_tracks.10_58_0.trk', 'hydi-tractography/hydi_tracks.10_58_1.trk', 'hydi-tractography/hydi_tracks.10_58_2.trk', 'hydi-tractography/hydi_tracks.10_58_3.trk', 'hydi-tractography/hydi_tracks.10_58_4.trk', 'hydi-tractography/hydi_tracks.10_58_5.trk', 'hydi-tractography/hydi_tracks.10_58_6.trk', 'hydi-tractography/hydi_tracks.10_58_7.trk', 'hydi-tractography/hydi_tracks.11_58_0.trk', 'hydi-tractography/hydi_tracks.11_58_1.trk']",265505514179024,7834.814809771001,False,33554432,"(('/dev/shm', 2048),)"
read_s3fs,hydi-tractography/hydi_tracks.10_58_0.trk,273393835977018,68.99454171500001,False,33554432,
read_s3fs,hydi-tractography/hydi_tracks.10_58_1.trk,274443388153919,74.100200836,False,33554432,
read_s3fs,hydi-tractography/hydi_tracks.10_58_2.trk,275071002464238,87.456216235,False,33554432,
read_s3fs,hydi-tractography/hydi_tracks.10_58_3.trk,276445665735932,47.763229698,False,33554432,
read_s3fs,hydi-tractography/hydi_tracks.10_58_4.trk,276813065840306,92.49360607700001,False,33554432,
read_s3fs,hydi-tractography/hydi_tracks.10_58_5.trk,277938496580127,71.072950864,False,33554432,
read_s3fs,hydi-tractography/hydi_tracks.10_58_6.trk,278969300932478,63.222660182000006,False,33554432,
read_s3fs,hydi-tractography/hydi_tracks.10_58_7.trk,279459106749004,81.322381554,False,33554432,
read_s3fs,hydi-tractography/hydi_tracks.11_58_0.trk,280875994252858,52.40554125600001,False,33554432,
read_s3fs,hydi-tractography/hydi_tracks.11_58_1.trk,281321375963049,86.50323239800001,False,33554432,
segmentation_s3fs,"['hydi-tractography/hydi_tracks.10_58_0.trk', 'hydi-tractography/hydi_tracks.10_58_1.trk', 'hydi-tractography/hydi_tracks.10_58_2.trk', 'hydi-tractography/hydi_tracks.10_58_3.trk', 'hydi-tractography/hydi_tracks.10_58_4.trk', 'hydi-tractography/hydi_tracks.10_58_5.trk', 'hydi-tractography/hydi_tracks.10_58_6.trk', 'hydi-tractography/hydi_tracks.10_58_7.trk', 'hydi-tractography/hydi_tracks.11_58_0.trk', 'hydi-tractography/hydi_tracks.11_58_1.trk']",273341622984381,8935.644798182,False,33554432,"[]"
read_prefetch,"['vhs-bucket/hydi-header.trk', 'hydi-tractography/hydi_tracks.10_58_0.trk', 'hydi-tractography/hydi_tracks.10_58_1.trk', 'hydi-tractography/hydi_tracks.10_58_2.trk', 'hydi-tractography/hydi_tracks.10_58_3.trk', 'hydi-tractography/hydi_tracks.10_58_4.trk', 'hydi-tractography/hydi_tracks.10_58_5.trk', 'hydi-tractography/hydi_tracks.10_58_6.trk', 'hydi-tractography/hydi_tracks.10_58_7.trk', 'hydi-tractography/hydi_tracks.11_58_0.trk', 'hydi-tractography/hydi_tracks.11_58_1.trk']",282330005685503,422.95763745200003,False,33554432,"(('/dev/shm', 2048),)"
segmentation_prefetch,"['vhs-bucket/hydi-header.trk', 'hydi-tractography/hydi_tracks.10_58_0.trk', 'hydi-tractography/hydi_tracks.10_58_1.trk', 'hydi-tractography/hydi_tracks.10_58_2.trk', 'hydi-tractography/hydi_tracks.10_58_3.trk', 'hydi-tractography/hydi_tracks.10_58_4.trk', 'hydi-tractography/hydi_tracks.10_58_5.trk', 'hydi-tractography/hydi_tracks.10_58_6.trk', 'hydi-tractography/hydi_tracks.10_58_7.trk', 'hydi-tractography/hydi_tracks.11_58_0.trk', 'hydi-tractography/hydi_tracks.11_58_1.trk']",282278547919180,7837.065044732,False,33554432,"(('/dev/shm', 2048),)"
