action,file,timestamp,runtime,lazy,blocksize,prefetch_storage
read_s3fs,vhs-bucket/shards/hydi_tracks.10_58_0_0.trk,187023385107235,18.668408657,False,4194304,
read_s3fs,vhs-bucket/shards/hydi_tracks.10_58_0_1.trk,187431445321617,17.020866764,False,4194304,
read_s3fs,vhs-bucket/shards/hydi_tracks.10_58_0_2.trk,187691997983084,16.51653524,False,4194304,
read_s3fs,vhs-bucket/shards/hydi_tracks.10_58_0_3.trk,187923468741578,16.095190313,False,4194304,
read_s3fs,vhs-bucket/shards/hydi_tracks.10_58_0_4.trk,188120918779287,14.617389937,False,4194304,
read_s3fs,vhs-bucket/shards/hydi_tracks.10_58_0_5.trk,188282520425199,12.31614903,False,4194304,
read_s3fs,vhs-bucket/shards/hydi_tracks.10_58_0_6.trk,188436574816778,11.936872110000001,False,4194304,
read_s3fs,vhs-bucket/shards/hydi_tracks.10_58_0_7.trk,188582680045674,11.184268497000001,False,4194304,
read_s3fs,vhs-bucket/shards/hydi_tracks.10_58_0_8.trk,188703188768867,8.489936189,False,4194304,
segmentation_s3fs,"['vhs-bucket/shards/hydi_tracks.10_58_0_0.trk', 'vhs-bucket/shards/hydi_tracks.10_58_0_1.trk', 'vhs-bucket/shards/hydi_tracks.10_58_0_2.trk', 'vhs-bucket/shards/hydi_tracks.10_58_0_3.trk', 'vhs-bucket/shards/hydi_tracks.10_58_0_4.trk', 'vhs-bucket/shards/hydi_tracks.10_58_0_5.trk', 'vhs-bucket/shards/hydi_tracks.10_58_0_6.trk', 'vhs-bucket/shards/hydi_tracks.10_58_0_7.trk', 'vhs-bucket/shards/hydi_tracks.10_58_0_8.trk']",186971652039920,1825.3905455230001,False,4194304,"[]"
read_prefetch,"['vhs-bucket/shards/hydi_shard_header.trk', 'vhs-bucket/shards/hydi_tracks.10_58_0_0.trk', 'vhs-bucket/shards/hydi_tracks.10_58_0_1.trk', 'vhs-bucket/shards/hydi_tracks.10_58_0_2.trk', 'vhs-bucket/shards/hydi_tracks.10_58_0_3.trk', 'vhs-bucket/shards/hydi_tracks.10_58_0_4.trk', 'vhs-bucket/shards/hydi_tracks.10_58_0_5.trk', 'vhs-bucket/shards/hydi_tracks.10_58_0_6.trk', 'vhs-bucket/shards/hydi_tracks.10_58_0_7.trk', 'vhs-bucket/shards/hydi_tracks.10_58_0_8.trk']",188850123054184,77.021894546,False,4194304,"(('/dev/shm', 2048),)"
segmentation_prefetch,"['vhs-bucket/shards/hydi_shard_header.trk', 'vhs-bucket/shards/hydi_tracks.10_58_0_0.trk', 'vhs-bucket/shards/hydi_tracks.10_58_0_1.trk', 'vhs-bucket/shards/hydi_tracks.10_58_0_2.trk', 'vhs-bucket/shards/hydi_tracks.10_58_0_3.trk', 'vhs-bucket/shards/hydi_tracks.10_58_0_4.trk', 'vhs-bucket/shards/hydi_tracks.10_58_0_5.trk', 'vhs-bucket/shards/hydi_tracks.10_58_0_6.trk', 'vhs-bucket/shards/hydi_tracks.10_58_0_7.trk', 'vhs-bucket/shards/hydi_tracks.10_58_0_8.trk']",188798290639435,1108.000589646,False,4194304,"(('/dev/shm', 2048),)"
read_s3fs,vhs-bucket/shards/hydi_tracks.10_58_0_0.trk,189959046792487,16.059472449,False,4194304,
read_s3fs,vhs-bucket/shards/hydi_tracks.10_58_0_1.trk,190363520490339,15.827948379,False,4194304,
read_s3fs,vhs-bucket/shards/hydi_tracks.10_58_0_2.trk,190621123805825,16.784767112,False,4194304,
read_s3fs,vhs-bucket/shards/hydi_tracks.10_58_0_3.trk,190852656976959,14.456678499,False,4194304,
read_s3fs,vhs-bucket/shards/hydi_tracks.10_58_0_4.trk,191048761173618,13.938327495000001,False,4194304,
read_s3fs,vhs-bucket/shards/hydi_tracks.10_58_0_5.trk,191209691200004,11.381905490000001,False,4194304,
read_s3fs,vhs-bucket/shards/hydi_tracks.10_58_0_6.trk,191362398836400,11.841115427,False,4194304,
read_s3fs,vhs-bucket/shards/hydi_tracks.10_58_0_7.trk,191508243764294,9.813772599,False,4194304,
read_s3fs,vhs-bucket/shards/hydi_tracks.10_58_0_8.trk,191627455028247,8.846669649,False,4194304,
segmentation_s3fs,"['vhs-bucket/shards/hydi_tracks.10_58_0_0.trk', 'vhs-bucket/shards/hydi_tracks.10_58_0_1.trk', 'vhs-bucket/shards/hydi_tracks.10_58_0_2.trk', 'vhs-bucket/shards/hydi_tracks.10_58_0_3.trk', 'vhs-bucket/shards/hydi_tracks.10_58_0_4.trk', 'vhs-bucket/shards/hydi_tracks.10_58_0_5.trk', 'vhs-bucket/shards/hydi_tracks.10_58_0_6.trk', 'vhs-bucket/shards/hydi_tracks.10_58_0_7.trk', 'vhs-bucket/shards/hydi_tracks.10_58_0_8.trk']",189907549595773,1814.1982011090001,False,4194304,"[]"
read_prefetch,"['vhs-bucket/shards/hydi_shard_header.trk', 'vhs-bucket/shards/hydi_tracks.10_58_0_0.trk', 'vhs-bucket/shards/hydi_tracks.10_58_0_1.trk', 'vhs-bucket/shards/hydi_tracks.10_58_0_2.trk', 'vhs-bucket/shards/hydi_tracks.10_58_0_3.trk', 'vhs-bucket/shards/hydi_tracks.10_58_0_4.trk', 'vhs-bucket/shards/hydi_tracks.10_58_0_5.trk', 'vhs-bucket/shards/hydi_tracks.10_58_0_6.trk', 'vhs-bucket/shards/hydi_tracks.10_58_0_7.trk', 'vhs-bucket/shards/hydi_tracks.10_58_0_8.trk']",191773840082435,77.421629087,False,4194304,"(('/dev/shm', 2048),)"
segmentation_prefetch,"['vhs-bucket/shards/hydi_shard_header.trk', 'vhs-bucket/shards/hydi_tracks.10_58_0_0.trk', 'vhs-bucket/shards/hydi_tracks.10_58_0_1.trk', 'vhs-bucket/shards/hydi_tracks.10_58_0_2.trk', 'vhs-bucket/shards/hydi_tracks.10_58_0_3.trk', 'vhs-bucket/shards/hydi_tracks.10_58_0_4.trk', 'vhs-bucket/shards/hydi_tracks.10_58_0_5.trk', 'vhs-bucket/shards/hydi_tracks.10_58_0_6.trk', 'vhs-bucket/shards/hydi_tracks.10_58_0_7.trk', 'vhs-bucket/shards/hydi_tracks.10_58_0_8.trk']",191722980952623,1107.7455537780002,False,4194304,"(('/dev/shm', 2048),)"
read_s3fs,vhs-bucket/shards/hydi_tracks.10_58_0_0.trk,192883325727602,15.791587316000001,False,4194304,
read_s3fs,vhs-bucket/shards/hydi_tracks.10_58_0_1.trk,193287801716425,16.252636889,False,4194304,
read_s3fs,vhs-bucket/shards/hydi_tracks.10_58_0_2.trk,193545960556974,14.355219233000001,False,4194304,
read_s3fs,vhs-bucket/shards/hydi_tracks.10_58_0_3.trk,193775654448165,14.395994165000001,False,4194304,
read_s3fs,vhs-bucket/shards/hydi_tracks.10_58_0_4.trk,193971702446841,13.174475228,False,4194304,
read_s3fs,vhs-bucket/shards/hydi_tracks.10_58_0_5.trk,194132069112178,14.314320877,False,4194304,
read_s3fs,vhs-bucket/shards/hydi_tracks.10_58_0_6.trk,194287965654602,11.757856234,False,4194304,
read_s3fs,vhs-bucket/shards/hydi_tracks.10_58_0_7.trk,194433583097239,9.933775038,False,4194304,
read_s3fs,vhs-bucket/shards/hydi_tracks.10_58_0_8.trk,194552622893520,8.128003269,False,4194304,
segmentation_s3fs,"['vhs-bucket/shards/hydi_tracks.10_58_0_0.trk', 'vhs-bucket/shards/hydi_tracks.10_58_0_1.trk', 'vhs-bucket/shards/hydi_tracks.10_58_0_2.trk', 'vhs-bucket/shards/hydi_tracks.10_58_0_3.trk', 'vhs-bucket/shards/hydi_tracks.10_58_0_4.trk', 'vhs-bucket/shards/hydi_tracks.10_58_0_5.trk', 'vhs-bucket/shards/hydi_tracks.10_58_0_6.trk', 'vhs-bucket/shards/hydi_tracks.10_58_0_7.trk', 'vhs-bucket/shards/hydi_tracks.10_58_0_8.trk']",192831974538160,1814.3678878160001,False,4194304,"[]"
read_prefetch,"['vhs-bucket/shards/hydi_shard_header.trk', 'vhs-bucket/shards/hydi_tracks.10_58_0_0.trk', 'vhs-bucket/shards/hydi_tracks.10_58_0_1.trk', 'vhs-bucket/shards/hydi_tracks.10_58_0_2.trk', 'vhs-bucket/shards/hydi_tracks.10_58_0_3.trk', 'vhs-bucket/shards/hydi_tracks.10_58_0_4.trk', 'vhs-bucket/shards/hydi_tracks.10_58_0_5.trk', 'vhs-bucket/shards/hydi_tracks.10_58_0_6.trk', 'vhs-bucket/shards/hydi_tracks.10_58_0_7.trk', 'vhs-bucket/shards/hydi_tracks.10_58_0_8.trk']",194699126773647,70.036671692,False,4194304,"(('/dev/shm', 2048),)"
segmentation_prefetch,"['vhs-bucket/shards/hydi_shard_header.trk', 'vhs-bucket/shards/hydi_tracks.10_58_0_0.trk', 'vhs-bucket/shards/hydi_tracks.10_58_0_1.trk', 'vhs-bucket/shards/hydi_tracks.10_58_0_2.trk', 'vhs-bucket/shards/hydi_tracks.10_58_0_3.trk', 'vhs-bucket/shards/hydi_tracks.10_58_0_4.trk', 'vhs-bucket/shards/hydi_tracks.10_58_0_5.trk', 'vhs-bucket/shards/hydi_tracks.10_58_0_6.trk', 'vhs-bucket/shards/hydi_tracks.10_58_0_7.trk', 'vhs-bucket/shards/hydi_tracks.10_58_0_8.trk']",194647588178324,1099.393051327,False,4194304,"(('/dev/shm', 2048),)"
read_s3fs,vhs-bucket/shards/hydi_tracks.10_58_0_0.trk,195799096443223,15.544772105000002,False,4194304,
read_s3fs,vhs-bucket/shards/hydi_tracks.10_58_0_1.trk,196202304462745,15.710442650000001,False,4194304,
read_s3fs,vhs-bucket/shards/hydi_tracks.10_58_0_2.trk,196459934895362,14.113392512,False,4194304,
read_s3fs,vhs-bucket/shards/hydi_tracks.10_58_0_3.trk,196688866079945,13.706051587000001,False,4194304,
read_s3fs,vhs-bucket/shards/hydi_tracks.10_58_0_4.trk,196884721351397,11.466319936000001,False,4194304,
read_s3fs,vhs-bucket/shards/hydi_tracks.10_58_0_5.trk,197043437546551,11.242500506,False,4194304,
read_s3fs,vhs-bucket/shards/hydi_tracks.10_58_0_6.trk,197196528614119,9.040309009000001,False,4194304,
read_s3fs,vhs-bucket/shards/hydi_tracks.10_58_0_7.trk,197339700763584,8.976895269,False,4194304,
read_s3fs,vhs-bucket/shards/hydi_tracks.10_58_0_8.trk,197457718521852,7.585618149,False,4194304,
segmentation_s3fs,"['vhs-bucket/shards/hydi_tracks.10_58_0_0.trk', 'vhs-bucket/shards/hydi_tracks.10_58_0_1.trk', 'vhs-bucket/shards/hydi_tracks.10_58_0_2.trk', 'vhs-bucket/shards/hydi_tracks.10_58_0_3.trk', 'vhs-bucket/shards/hydi_tracks.10_58_0_4.trk', 'vhs-bucket/shards/hydi_tracks.10_58_0_5.trk', 'vhs-bucket/shards/hydi_tracks.10_58_0_6.trk', 'vhs-bucket/shards/hydi_tracks.10_58_0_7.trk', 'vhs-bucket/shards/hydi_tracks.10_58_0_8.trk']",195748209769729,1802.4930351280002,False,4194304,"[]"
read_prefetch,"['vhs-bucket/shards/hydi_shard_header.trk', 'vhs-bucket/shards/hydi_tracks.10_58_0_0.trk', 'vhs-bucket/shards/hydi_tracks.10_58_0_1.trk', 'vhs-bucket/shards/hydi_tracks.10_58_0_2.trk', 'vhs-bucket/shards/hydi_tracks.10_58_0_3.trk', 'vhs-bucket/shards/hydi_tracks.10_58_0_4.trk', 'vhs-bucket/shards/hydi_tracks.10_58_0_5.trk', 'vhs-bucket/shards/hydi_tracks.10_58_0_6.trk', 'vhs-bucket/shards/hydi_tracks.10_58_0_7.trk', 'vhs-bucket/shards/hydi_tracks.10_58_0_8.trk']",197603550133589,72.19236184500001,False,4194304,"(('/dev/shm', 2048),)"
segmentation_prefetch,"['vhs-bucket/shards/hydi_shard_header.trk', 'vhs-bucket/shards/hydi_tracks.10_58_0_0.trk', 'vhs-bucket/shards/hydi_tracks.10_58_0_1.trk', 'vhs-bucket/shards/hydi_tracks.10_58_0_2.trk', 'vhs-bucket/shards/hydi_tracks.10_58_0_3.trk', 'vhs-bucket/shards/hydi_tracks.10_58_0_4.trk', 'vhs-bucket/shards/hydi_tracks.10_58_0_5.trk', 'vhs-bucket/shards/hydi_tracks.10_58_0_6.trk', 'vhs-bucket/shards/hydi_tracks.10_58_0_7.trk', 'vhs-bucket/shards/hydi_tracks.10_58_0_8.trk']",197551951755127,1102.5964489520002,False,4194304,"(('/dev/shm', 2048),)"
read_s3fs,vhs-bucket/shards/hydi_tracks.10_58_0_0.trk,198706947446510,13.984668012,False,4194304,
read_s3fs,vhs-bucket/shards/hydi_tracks.10_58_0_1.trk,199108929752533,14.607711008,False,4194304,
read_s3fs,vhs-bucket/shards/hydi_tracks.10_58_0_2.trk,199365240505908,14.033402679000002,False,4194304,
read_s3fs,vhs-bucket/shards/hydi_tracks.10_58_0_3.trk,199594121554826,14.011383392,False,4194304,
read_s3fs,vhs-bucket/shards/hydi_tracks.10_58_0_4.trk,199789449144907,12.140616105000001,False,4194304,
read_s3fs,vhs-bucket/shards/hydi_tracks.10_58_0_5.trk,199948606352732,10.04584298,False,4194304,
read_s3fs,vhs-bucket/shards/hydi_tracks.10_58_0_6.trk,200100186813313,9.993719344,False,4194304,
read_s3fs,vhs-bucket/shards/hydi_tracks.10_58_0_7.trk,200244474180404,8.380517861000001,False,4194304,
read_s3fs,vhs-bucket/shards/hydi_tracks.10_58_0_8.trk,200362073990268,6.905229889,False,4194304,
segmentation_s3fs,"['vhs-bucket/shards/hydi_tracks.10_58_0_0.trk', 'vhs-bucket/shards/hydi_tracks.10_58_0_1.trk', 'vhs-bucket/shards/hydi_tracks.10_58_0_2.trk', 'vhs-bucket/shards/hydi_tracks.10_58_0_3.trk', 'vhs-bucket/shards/hydi_tracks.10_58_0_4.trk', 'vhs-bucket/shards/hydi_tracks.10_58_0_5.trk', 'vhs-bucket/shards/hydi_tracks.10_58_0_6.trk', 'vhs-bucket/shards/hydi_tracks.10_58_0_7.trk', 'vhs-bucket/shards/hydi_tracks.10_58_0_8.trk']",198655791836504,1798.8033120750001,False,4194304,"[]"
read_prefetch,"['vhs-bucket/shards/hydi_shard_header.trk', 'vhs-bucket/shards/hydi_tracks.10_58_0_0.trk', 'vhs-bucket/shards/hydi_tracks.10_58_0_1.trk', 'vhs-bucket/shards/hydi_tracks.10_58_0_2.trk', 'vhs-bucket/shards/hydi_tracks.10_58_0_3.trk', 'vhs-bucket/shards/hydi_tracks.10_58_0_4.trk', 'vhs-bucket/shards/hydi_tracks.10_58_0_5.trk', 'vhs-bucket/shards/hydi_tracks.10_58_0_6.trk', 'vhs-bucket/shards/hydi_tracks.10_58_0_7.trk', 'vhs-bucket/shards/hydi_tracks.10_58_0_8.trk']",200506715045140,61.586970796,False,4194304,"(('/dev/shm', 2048),)"
segmentation_prefetch,"['vhs-bucket/shards/hydi_shard_header.trk', 'vhs-bucket/shards/hydi_tracks.10_58_0_0.trk', 'vhs-bucket/shards/hydi_tracks.10_58_0_1.trk', 'vhs-bucket/shards/hydi_tracks.10_58_0_2.trk', 'vhs-bucket/shards/hydi_tracks.10_58_0_3.trk', 'vhs-bucket/shards/hydi_tracks.10_58_0_4.trk', 'vhs-bucket/shards/hydi_tracks.10_58_0_5.trk', 'vhs-bucket/shards/hydi_tracks.10_58_0_6.trk', 'vhs-bucket/shards/hydi_tracks.10_58_0_7.trk', 'vhs-bucket/shards/hydi_tracks.10_58_0_8.trk']",200455848026851,1090.367736749,False,4194304,"(('/dev/shm', 2048),)"
