action,file,timestamp,runtime,lazy,blocksize,prefetch_storage
read_prefetch_nib,"['vhs-bucket/hydi-header.trk', 'hydi-tractography/hydi_tracks.10_58_0.trk']",31396900647287,43.257620921000004,False,67108864,"[('/dev/shm', 1024)]"
read_mem_nib,"['/dev/shm/hydi_tracks.10_58_0.trk']",31454634094430,13.246762814,False,0,"[]"
read_s3fs_bytes,"['hydi-tractography/hydi_tracks.10_58_0.trk']",31468409999825,12.022320654000001,False,67108864,"[]"
read_mem_bytes,"['/dev/shm/hydi_tracks.10_58_0.trk']",31492918269061,0.47650719700000005,False,0,"[]"
read_prefetch_bytes,"['vhs-bucket/hydi-header.trk', 'hydi-tractography/hydi_tracks.10_58_0.trk']",31493970737998,15.896053938000001,False,67108864,"[('/dev/shm', 1024)]"
read_s3fs_nib,"['hydi-tractography/hydi_tracks.10_58_0.trk']",31510328688119,42.543924811000004,False,67108864,"[]"
read_prefetch_bytes,"['vhs-bucket/hydi-header.trk', 'hydi-tractography/hydi_tracks.10_58_0.trk', 'hydi-tractography/hydi_tracks.10_58_1.trk']",31553338809290,41.187933468000004,False,67108864,"[('/dev/shm', 1024)]"
read_s3fs_nib,"['hydi-tractography/hydi_tracks.10_58_0.trk', 'hydi-tractography/hydi_tracks.10_58_1.trk']",31595003123365,92.46625839900001,False,67108864,"[]"
read_prefetch_nib,"['vhs-bucket/hydi-header.trk', 'hydi-tractography/hydi_tracks.10_58_0.trk', 'hydi-tractography/hydi_tracks.10_58_1.trk']",31687931745951,87.00305741700001,False,67108864,"[('/dev/shm', 1024)]"
read_mem_nib,"['/dev/shm/hydi_tracks.10_58_0.trk', '/dev/shm/hydi_tracks.10_58_1.trk']",31794909694429,27.638407009,False,0,"[]"
read_s3fs_bytes,"['hydi-tractography/hydi_tracks.10_58_0.trk', 'hydi-tractography/hydi_tracks.10_58_1.trk']",31823181228662,24.124531835000003,False,67108864,"[]"
read_mem_bytes,"['/dev/shm/hydi_tracks.10_58_0.trk', '/dev/shm/hydi_tracks.10_58_1.trk']",31867151613579,0.9705559890000001,False,0,"[]"
read_mem_bytes,"['/dev/shm/hydi_tracks.10_58_0.trk', '/dev/shm/hydi_tracks.10_58_1.trk', '/dev/shm/hydi_tracks.10_58_2.trk']",31902761302738,1.61102119,False,0,"[]"
read_s3fs_nib,"['hydi-tractography/hydi_tracks.10_58_0.trk', 'hydi-tractography/hydi_tracks.10_58_1.trk', 'hydi-tractography/hydi_tracks.10_58_2.trk']",31905069383313,147.45398484700002,False,67108864,"[]"
read_prefetch_nib,"['vhs-bucket/hydi-header.trk', 'hydi-tractography/hydi_tracks.10_58_0.trk', 'hydi-tractography/hydi_tracks.10_58_1.trk', 'hydi-tractography/hydi_tracks.10_58_2.trk']",32052882096493,129.61958258200002,False,67108864,"[('/dev/shm', 1024)]"
read_prefetch_bytes,"['vhs-bucket/hydi-header.trk', 'hydi-tractography/hydi_tracks.10_58_0.trk', 'hydi-tractography/hydi_tracks.10_58_1.trk', 'hydi-tractography/hydi_tracks.10_58_2.trk']",32182863437243,82.35601422900001,False,67108864,"[('/dev/shm', 1024)]"
read_mem_nib,"['/dev/shm/hydi_tracks.10_58_0.trk', '/dev/shm/hydi_tracks.10_58_1.trk', '/dev/shm/hydi_tracks.10_58_2.trk']",32297364538418,41.004487211000004,False,0,"[]"
read_s3fs_bytes,"['hydi-tractography/hydi_tracks.10_58_0.trk', 'hydi-tractography/hydi_tracks.10_58_1.trk', 'hydi-tractography/hydi_tracks.10_58_2.trk']",32339081454311,40.726271265,False,67108864,"[]"
read_s3fs_bytes,"['hydi-tractography/hydi_tracks.10_58_0.trk', 'hydi-tractography/hydi_tracks.10_58_1.trk', 'hydi-tractography/hydi_tracks.10_58_2.trk', 'hydi-tractography/hydi_tracks.10_58_3.trk']",32380171500643,52.905271174000006,False,67108864,"[]"
read_mem_bytes,"['/dev/shm/hydi_tracks.10_58_0.trk', '/dev/shm/hydi_tracks.10_58_1.trk', '/dev/shm/hydi_tracks.10_58_2.trk', '/dev/shm/hydi_tracks.10_58_3.trk']",32472273700920,1.987759926,False,0,"[]"
read_prefetch_nib,"['vhs-bucket/hydi-header.trk', 'hydi-tractography/hydi_tracks.10_58_0.trk', 'hydi-tractography/hydi_tracks.10_58_1.trk', 'hydi-tractography/hydi_tracks.10_58_2.trk', 'hydi-tractography/hydi_tracks.10_58_3.trk']",32475004930289,169.10622766900002,False,67108864,"[('/dev/shm', 1024)]"
read_mem_nib,"['/dev/shm/hydi_tracks.10_58_0.trk', '/dev/shm/hydi_tracks.10_58_1.trk', '/dev/shm/hydi_tracks.10_58_2.trk', '/dev/shm/hydi_tracks.10_58_3.trk']",32683598071305,54.236253889000004,False,0,"[]"
read_s3fs_nib,"['hydi-tractography/hydi_tracks.10_58_0.trk', 'hydi-tractography/hydi_tracks.10_58_1.trk', 'hydi-tractography/hydi_tracks.10_58_2.trk', 'hydi-tractography/hydi_tracks.10_58_3.trk']",32738565743658,175.88890471500002,False,67108864,"[]"
read_prefetch_bytes,"['vhs-bucket/hydi-header.trk', 'hydi-tractography/hydi_tracks.10_58_0.trk', 'hydi-tractography/hydi_tracks.10_58_1.trk', 'hydi-tractography/hydi_tracks.10_58_2.trk', 'hydi-tractography/hydi_tracks.10_58_3.trk']",32914753646010,112.93044871400001,False,67108864,"[('/dev/shm', 1024)]"
read_prefetch_nib,"['vhs-bucket/hydi-header.trk', 'hydi-tractography/hydi_tracks.10_58_0.trk', 'hydi-tractography/hydi_tracks.10_58_1.trk', 'hydi-tractography/hydi_tracks.10_58_2.trk', 'hydi-tractography/hydi_tracks.10_58_3.trk', 'hydi-tractography/hydi_tracks.10_58_4.trk']",33027985824068,216.797624742,False,67108864,"[('/dev/shm', 1024)]"
read_mem_bytes,"['/dev/shm/hydi_tracks.10_58_0.trk', '/dev/shm/hydi_tracks.10_58_1.trk', '/dev/shm/hydi_tracks.10_58_2.trk', '/dev/shm/hydi_tracks.10_58_3.trk', '/dev/shm/hydi_tracks.10_58_4.trk']",33297789862885,2.7053987630000003,False,0,"[]"
read_prefetch_bytes,"['vhs-bucket/hydi-header.trk', 'hydi-tractography/hydi_tracks.10_58_0.trk', 'hydi-tractography/hydi_tracks.10_58_1.trk', 'hydi-tractography/hydi_tracks.10_58_2.trk', 'hydi-tractography/hydi_tracks.10_58_3.trk', 'hydi-tractography/hydi_tracks.10_58_4.trk']",33301304798153,188.435127926,False,67108864,"[('/dev/shm', 1024)]"
read_s3fs_nib,"['hydi-tractography/hydi_tracks.10_58_0.trk', 'hydi-tractography/hydi_tracks.10_58_1.trk', 'hydi-tractography/hydi_tracks.10_58_2.trk', 'hydi-tractography/hydi_tracks.10_58_3.trk', 'hydi-tractography/hydi_tracks.10_58_4.trk']",33489899953638,251.01896486700002,False,67108864,"[]"
read_mem_nib,"['/dev/shm/hydi_tracks.10_58_0.trk', '/dev/shm/hydi_tracks.10_58_1.trk', '/dev/shm/hydi_tracks.10_58_2.trk', '/dev/shm/hydi_tracks.10_58_3.trk', '/dev/shm/hydi_tracks.10_58_4.trk']",33794776683042,68.857881644,False,0,"[]"
read_s3fs_bytes,"['hydi-tractography/hydi_tracks.10_58_0.trk', 'hydi-tractography/hydi_tracks.10_58_1.trk', 'hydi-tractography/hydi_tracks.10_58_2.trk', 'hydi-tractography/hydi_tracks.10_58_3.trk', 'hydi-tractography/hydi_tracks.10_58_4.trk']",33864416118370,65.510523276,False,67108864,"[]"
read_s3fs_nib,"['hydi-tractography/hydi_tracks.10_58_0.trk']",33930173382415,43.584892254,False,67108864,"[]"
read_mem_bytes,"['/dev/shm/hydi_tracks.10_58_0.trk']",33986092265471,0.49136671600000004,False,0,"[]"
read_mem_nib,"['/dev/shm/hydi_tracks.10_58_0.trk']",33998772632184,13.475968299000002,False,0,"[]"
read_prefetch_bytes,"['vhs-bucket/hydi-header.trk', 'hydi-tractography/hydi_tracks.10_58_0.trk']",34012602195099,16.251041084,False,67108864,"[('/dev/shm', 1024)]"
read_prefetch_nib,"['vhs-bucket/hydi-header.trk', 'hydi-tractography/hydi_tracks.10_58_0.trk']",34029118207776,42.044714533000004,False,67108864,"[('/dev/shm', 1024)]"
read_s3fs_bytes,"['hydi-tractography/hydi_tracks.10_58_0.trk']",34071407955489,12.094103058,False,67108864,"[]"
read_mem_nib,"['/dev/shm/hydi_tracks.10_58_0.trk', '/dev/shm/hydi_tracks.10_58_1.trk']",34103104986163,27.368759072000003,False,0,"[]"
read_mem_bytes,"['/dev/shm/hydi_tracks.10_58_0.trk', '/dev/shm/hydi_tracks.10_58_1.trk']",34150995828725,1.0179247790000001,False,0,"[]"
read_prefetch_nib,"['vhs-bucket/hydi-header.trk', 'hydi-tractography/hydi_tracks.10_58_0.trk', 'hydi-tractography/hydi_tracks.10_58_1.trk']",34152472993023,86.65421937100001,False,67108864,"[('/dev/shm', 1024)]"
read_s3fs_nib,"['hydi-tractography/hydi_tracks.10_58_0.trk', 'hydi-tractography/hydi_tracks.10_58_1.trk']",34239317707642,85.929182505,False,67108864,"[]"
read_prefetch_bytes,"['vhs-bucket/hydi-header.trk', 'hydi-tractography/hydi_tracks.10_58_0.trk', 'hydi-tractography/hydi_tracks.10_58_1.trk']",34325502762122,40.04870195,False,67108864,"[('/dev/shm', 1024)]"
read_s3fs_bytes,"['hydi-tractography/hydi_tracks.10_58_0.trk', 'hydi-tractography/hydi_tracks.10_58_1.trk']",34365809811394,23.944214405,False,67108864,"[]"
read_mem_nib,"['/dev/shm/hydi_tracks.10_58_0.trk', '/dev/shm/hydi_tracks.10_58_1.trk', '/dev/shm/hydi_tracks.10_58_2.trk']",34425590408859,41.451535275000005,False,0,"[]"
read_prefetch_bytes,"['vhs-bucket/hydi-header.trk', 'hydi-tractography/hydi_tracks.10_58_0.trk', 'hydi-tractography/hydi_tracks.10_58_1.trk', 'hydi-tractography/hydi_tracks.10_58_2.trk']",34467611903440,82.24657844400001,False,67108864,"[('/dev/shm', 1024)]"
read_mem_bytes,"['/dev/shm/hydi_tracks.10_58_0.trk', '/dev/shm/hydi_tracks.10_58_1.trk', '/dev/shm/hydi_tracks.10_58_2.trk']",34581797304554,1.67017901,False,0,"[]"
read_s3fs_bytes,"['hydi-tractography/hydi_tracks.10_58_0.trk', 'hydi-tractography/hydi_tracks.10_58_1.trk', 'hydi-tractography/hydi_tracks.10_58_2.trk']",34584053960960,40.452202064000005,False,67108864,"[]"
read_s3fs_nib,"['hydi-tractography/hydi_tracks.10_58_0.trk', 'hydi-tractography/hydi_tracks.10_58_1.trk', 'hydi-tractography/hydi_tracks.10_58_2.trk']",34624762940741,137.17043966600002,False,67108864,"[]"
read_prefetch_nib,"['vhs-bucket/hydi-header.trk', 'hydi-tractography/hydi_tracks.10_58_0.trk', 'hydi-tractography/hydi_tracks.10_58_1.trk', 'hydi-tractography/hydi_tracks.10_58_2.trk']",34762180546207,129.793494435,False,67108864,"[('/dev/shm', 1024)]"
read_mem_nib,"['/dev/shm/hydi_tracks.10_58_0.trk', '/dev/shm/hydi_tracks.10_58_1.trk', '/dev/shm/hydi_tracks.10_58_2.trk', '/dev/shm/hydi_tracks.10_58_3.trk']",34931220195703,54.605671481,False,0,"[]"
read_s3fs_bytes,"['hydi-tractography/hydi_tracks.10_58_0.trk', 'hydi-tractography/hydi_tracks.10_58_1.trk', 'hydi-tractography/hydi_tracks.10_58_2.trk', 'hydi-tractography/hydi_tracks.10_58_3.trk']",34986470562811,51.586089235,False,67108864,"[]"
read_prefetch_bytes,"['vhs-bucket/hydi-header.trk', 'hydi-tractography/hydi_tracks.10_58_0.trk', 'hydi-tractography/hydi_tracks.10_58_1.trk', 'hydi-tractography/hydi_tracks.10_58_2.trk', 'hydi-tractography/hydi_tracks.10_58_3.trk']",35038333170737,113.197168254,False,67108864,"[('/dev/shm', 1024)]"
read_s3fs_nib,"['hydi-tractography/hydi_tracks.10_58_0.trk', 'hydi-tractography/hydi_tracks.10_58_1.trk', 'hydi-tractography/hydi_tracks.10_58_2.trk', 'hydi-tractography/hydi_tracks.10_58_3.trk']",35151785496593,177.493774449,False,67108864,"[]"
read_prefetch_nib,"['vhs-bucket/hydi-header.trk', 'hydi-tractography/hydi_tracks.10_58_0.trk', 'hydi-tractography/hydi_tracks.10_58_1.trk', 'hydi-tractography/hydi_tracks.10_58_2.trk', 'hydi-tractography/hydi_tracks.10_58_3.trk']",35329522105311,168.67417953900002,False,67108864,"[('/dev/shm', 1024)]"
read_mem_bytes,"['/dev/shm/hydi_tracks.10_58_0.trk', '/dev/shm/hydi_tracks.10_58_1.trk', '/dev/shm/hydi_tracks.10_58_2.trk', '/dev/shm/hydi_tracks.10_58_3.trk']",35537230200451,1.9723379470000002,False,0,"[]"
read_prefetch_nib,"['vhs-bucket/hydi-header.trk', 'hydi-tractography/hydi_tracks.10_58_0.trk', 'hydi-tractography/hydi_tracks.10_58_1.trk', 'hydi-tractography/hydi_tracks.10_58_2.trk', 'hydi-tractography/hydi_tracks.10_58_3.trk', 'hydi-tractography/hydi_tracks.10_58_4.trk']",35539866892498,216.943819404,False,67108864,"[('/dev/shm', 1024)]"
read_s3fs_nib,"['hydi-tractography/hydi_tracks.10_58_0.trk', 'hydi-tractography/hydi_tracks.10_58_1.trk', 'hydi-tractography/hydi_tracks.10_58_2.trk', 'hydi-tractography/hydi_tracks.10_58_3.trk', 'hydi-tractography/hydi_tracks.10_58_4.trk']",35757058837519,243.46685955400002,False,67108864,"[]"
read_mem_bytes,"['/dev/shm/hydi_tracks.10_58_0.trk', '/dev/shm/hydi_tracks.10_58_1.trk', '/dev/shm/hydi_tracks.10_58_2.trk', '/dev/shm/hydi_tracks.10_58_3.trk', '/dev/shm/hydi_tracks.10_58_4.trk']",36053718132819,2.6637994910000002,False,0,"[]"
read_mem_nib,"['/dev/shm/hydi_tracks.10_58_0.trk', '/dev/shm/hydi_tracks.10_58_1.trk', '/dev/shm/hydi_tracks.10_58_2.trk', '/dev/shm/hydi_tracks.10_58_3.trk', '/dev/shm/hydi_tracks.10_58_4.trk']",36111143340032,69.227516803,False,0,"[]"
read_s3fs_bytes,"['hydi-tractography/hydi_tracks.10_58_0.trk', 'hydi-tractography/hydi_tracks.10_58_1.trk', 'hydi-tractography/hydi_tracks.10_58_2.trk', 'hydi-tractography/hydi_tracks.10_58_3.trk', 'hydi-tractography/hydi_tracks.10_58_4.trk']",36181193675544,67.35715016,False,67108864,"[]"
read_prefetch_bytes,"['vhs-bucket/hydi-header.trk', 'hydi-tractography/hydi_tracks.10_58_0.trk', 'hydi-tractography/hydi_tracks.10_58_1.trk', 'hydi-tractography/hydi_tracks.10_58_2.trk', 'hydi-tractography/hydi_tracks.10_58_3.trk', 'hydi-tractography/hydi_tracks.10_58_4.trk']",36248794194348,192.78234660400003,False,67108864,"[('/dev/shm', 1024)]"
read_mem_bytes,"['/dev/shm/hydi_tracks.10_58_0.trk']",36453676124524,0.49124704700000005,False,0,"[]"
read_s3fs_nib,"['hydi-tractography/hydi_tracks.10_58_0.trk']",36454514559144,42.917381556,False,67108864,"[]"
read_prefetch_bytes,"['vhs-bucket/hydi-header.trk', 'hydi-tractography/hydi_tracks.10_58_0.trk']",36497696239253,16.25794945,False,67108864,"[('/dev/shm', 1024)]"
read_mem_nib,"['/dev/shm/hydi_tracks.10_58_0.trk']",36526006312619,13.557995765000001,False,0,"[]"
read_prefetch_nib,"['vhs-bucket/hydi-header.trk', 'hydi-tractography/hydi_tracks.10_58_0.trk']",36539911509414,42.711614471000004,False,67108864,"[('/dev/shm', 1024)]"
read_s3fs_bytes,"['hydi-tractography/hydi_tracks.10_58_0.trk']",36582871866720,11.983110844,False,67108864,"[]"
read_s3fs_nib,"['hydi-tractography/hydi_tracks.10_58_0.trk', 'hydi-tractography/hydi_tracks.10_58_1.trk']",36595119527401,90.174946352,False,67108864,"[]"
read_prefetch_bytes,"['vhs-bucket/hydi-header.trk', 'hydi-tractography/hydi_tracks.10_58_0.trk', 'hydi-tractography/hydi_tracks.10_58_1.trk']",36685538510433,41.08868309,False,67108864,"[('/dev/shm', 1024)]"
read_s3fs_bytes,"['hydi-tractography/hydi_tracks.10_58_0.trk', 'hydi-tractography/hydi_tracks.10_58_1.trk']",36726901921192,23.954678654000002,False,67108864,"[]"
read_prefetch_nib,"['vhs-bucket/hydi-header.trk', 'hydi-tractography/hydi_tracks.10_58_0.trk', 'hydi-tractography/hydi_tracks.10_58_1.trk']",36751108731912,86.034426767,False,67108864,"[('/dev/shm', 1024)]"
read_mem_bytes,"['/dev/shm/hydi_tracks.10_58_0.trk', '/dev/shm/hydi_tracks.10_58_1.trk']",36857727190818,0.990815396,False,0,"[]"
read_mem_nib,"['/dev/shm/hydi_tracks.10_58_0.trk', '/dev/shm/hydi_tracks.10_58_1.trk']",36879687897243,27.592266097000003,False,0,"[]"
read_s3fs_bytes,"['hydi-tractography/hydi_tracks.10_58_0.trk', 'hydi-tractography/hydi_tracks.10_58_1.trk', 'hydi-tractography/hydi_tracks.10_58_2.trk']",36907735182720,45.594494076000004,False,67108864,"[]"
read_mem_nib,"['/dev/shm/hydi_tracks.10_58_0.trk', '/dev/shm/hydi_tracks.10_58_1.trk', '/dev/shm/hydi_tracks.10_58_2.trk']",36990602043540,41.727203471,False,0,"[]"
read_prefetch_nib,"['vhs-bucket/hydi-header.trk', 'hydi-tractography/hydi_tracks.10_58_0.trk', 'hydi-tractography/hydi_tracks.10_58_1.trk', 'hydi-tractography/hydi_tracks.10_58_2.trk']",37032915111745,130.165103154,False,67108864,"[('/dev/shm', 1024)]"
read_mem_bytes,"['/dev/shm/hydi_tracks.10_58_0.trk', '/dev/shm/hydi_tracks.10_58_1.trk', '/dev/shm/hydi_tracks.10_58_2.trk']",37195206326114,1.6416749350000002,False,0,"[]"
read_s3fs_nib,"['hydi-tractography/hydi_tracks.10_58_0.trk', 'hydi-tractography/hydi_tracks.10_58_1.trk', 'hydi-tractography/hydi_tracks.10_58_2.trk']",37197422384277,137.755883815,False,67108864,"[]"
read_prefetch_bytes,"['vhs-bucket/hydi-header.trk', 'hydi-tractography/hydi_tracks.10_58_0.trk', 'hydi-tractography/hydi_tracks.10_58_1.trk', 'hydi-tractography/hydi_tracks.10_58_2.trk']",37335389576101,86.028815534,False,67108864,"[('/dev/shm', 1024)]"
read_prefetch_bytes,"['vhs-bucket/hydi-header.trk', 'hydi-tractography/hydi_tracks.10_58_0.trk', 'hydi-tractography/hydi_tracks.10_58_1.trk', 'hydi-tractography/hydi_tracks.10_58_2.trk', 'hydi-tractography/hydi_tracks.10_58_3.trk']",37421655121247,115.561321308,False,67108864,"[('/dev/shm', 1024)]"
read_s3fs_nib,"['hydi-tractography/hydi_tracks.10_58_0.trk', 'hydi-tractography/hydi_tracks.10_58_1.trk', 'hydi-tractography/hydi_tracks.10_58_2.trk', 'hydi-tractography/hydi_tracks.10_58_3.trk']",37537464591189,184.05895178400002,False,67108864,"[]"
read_mem_nib,"['/dev/shm/hydi_tracks.10_58_0.trk', '/dev/shm/hydi_tracks.10_58_1.trk', '/dev/shm/hydi_tracks.10_58_2.trk', '/dev/shm/hydi_tracks.10_58_3.trk']",37766629298225,54.575503104000006,False,0,"[]"
read_prefetch_nib,"['vhs-bucket/hydi-header.trk', 'hydi-tractography/hydi_tracks.10_58_0.trk', 'hydi-tractography/hydi_tracks.10_58_1.trk', 'hydi-tractography/hydi_tracks.10_58_2.trk', 'hydi-tractography/hydi_tracks.10_58_3.trk']",37821825354382,169.935605689,False,67108864,"[('/dev/shm', 1024)]"
read_mem_bytes,"['/dev/shm/hydi_tracks.10_58_0.trk', '/dev/shm/hydi_tracks.10_58_1.trk', '/dev/shm/hydi_tracks.10_58_2.trk', '/dev/shm/hydi_tracks.10_58_3.trk']",38031266751304,1.970456054,False,0,"[]"
read_s3fs_bytes,"['hydi-tractography/hydi_tracks.10_58_0.trk', 'hydi-tractography/hydi_tracks.10_58_1.trk', 'hydi-tractography/hydi_tracks.10_58_2.trk', 'hydi-tractography/hydi_tracks.10_58_3.trk']",38033914085958,48.280829639000004,False,67108864,"[]"
read_prefetch_nib,"['vhs-bucket/hydi-header.trk', 'hydi-tractography/hydi_tracks.10_58_0.trk', 'hydi-tractography/hydi_tracks.10_58_1.trk', 'hydi-tractography/hydi_tracks.10_58_2.trk', 'hydi-tractography/hydi_tracks.10_58_3.trk', 'hydi-tractography/hydi_tracks.10_58_4.trk']",38082441835580,216.779654507,False,67108864,"[('/dev/shm', 1024)]"
read_mem_nib,"['/dev/shm/hydi_tracks.10_58_0.trk', '/dev/shm/hydi_tracks.10_58_1.trk', '/dev/shm/hydi_tracks.10_58_2.trk', '/dev/shm/hydi_tracks.10_58_3.trk', '/dev/shm/hydi_tracks.10_58_4.trk']",38352265346464,69.726985338,False,0,"[]"
read_s3fs_bytes,"['hydi-tractography/hydi_tracks.10_58_0.trk', 'hydi-tractography/hydi_tracks.10_58_1.trk', 'hydi-tractography/hydi_tracks.10_58_2.trk', 'hydi-tractography/hydi_tracks.10_58_3.trk', 'hydi-tractography/hydi_tracks.10_58_4.trk']",38422794174208,67.494754277,False,67108864,"[]"
read_prefetch_bytes,"['vhs-bucket/hydi-header.trk', 'hydi-tractography/hydi_tracks.10_58_0.trk', 'hydi-tractography/hydi_tracks.10_58_1.trk', 'hydi-tractography/hydi_tracks.10_58_2.trk', 'hydi-tractography/hydi_tracks.10_58_3.trk', 'hydi-tractography/hydi_tracks.10_58_4.trk']",38490537949607,187.199274051,False,67108864,"[('/dev/shm', 1024)]"
read_s3fs_nib,"['hydi-tractography/hydi_tracks.10_58_0.trk', 'hydi-tractography/hydi_tracks.10_58_1.trk', 'hydi-tractography/hydi_tracks.10_58_2.trk', 'hydi-tractography/hydi_tracks.10_58_3.trk', 'hydi-tractography/hydi_tracks.10_58_4.trk']",38677989677100,231.171093745,False,67108864,"[]"
read_mem_bytes,"['/dev/shm/hydi_tracks.10_58_0.trk', '/dev/shm/hydi_tracks.10_58_1.trk', '/dev/shm/hydi_tracks.10_58_2.trk', '/dev/shm/hydi_tracks.10_58_3.trk', '/dev/shm/hydi_tracks.10_58_4.trk']",38962366395030,2.7179109560000003,False,0,"[]"
read_mem_bytes,"['/dev/shm/hydi_tracks.10_58_0.trk']",38977844469503,0.49716098300000006,False,0,"[]"
read_prefetch_nib,"['vhs-bucket/hydi-header.trk', 'hydi-tractography/hydi_tracks.10_58_0.trk']",38978671850383,42.596189439,False,67108864,"[('/dev/shm', 1024)]"
read_mem_nib,"['/dev/shm/hydi_tracks.10_58_0.trk']",39033292443540,13.489292999000002,False,0,"[]"
read_s3fs_bytes,"['hydi-tractography/hydi_tracks.10_58_0.trk']",39047104909463,12.233129096,False,67108864,"[]"
read_prefetch_bytes,"['vhs-bucket/hydi-header.trk', 'hydi-tractography/hydi_tracks.10_58_0.trk']",39059575856740,16.647402211,False,67108864,"[('/dev/shm', 1024)]"
read_s3fs_nib,"['hydi-tractography/hydi_tracks.10_58_0.trk']",39076452185916,42.974560532000005,False,67108864,"[]"
read_s3fs_bytes,"['hydi-tractography/hydi_tracks.10_58_0.trk', 'hydi-tractography/hydi_tracks.10_58_1.trk']",39119663782124,24.134044550000002,False,67108864,"[]"
read_mem_nib,"['/dev/shm/hydi_tracks.10_58_0.trk', '/dev/shm/hydi_tracks.10_58_1.trk']",39163290726881,27.594904375000002,False,0,"[]"
read_prefetch_nib,"['vhs-bucket/hydi-header.trk', 'hydi-tractography/hydi_tracks.10_58_0.trk', 'hydi-tractography/hydi_tracks.10_58_1.trk']",39191317859338,86.51450466200001,False,67108864,"[('/dev/shm', 1024)]"
read_s3fs_nib,"['hydi-tractography/hydi_tracks.10_58_0.trk', 'hydi-tractography/hydi_tracks.10_58_1.trk']",39278050166820,86.123065252,False,67108864,"[]"
read_mem_bytes,"['/dev/shm/hydi_tracks.10_58_0.trk', '/dev/shm/hydi_tracks.10_58_1.trk']",39385202822360,1.0167577780000001,False,0,"[]"
read_prefetch_bytes,"['vhs-bucket/hydi-header.trk', 'hydi-tractography/hydi_tracks.10_58_0.trk', 'hydi-tractography/hydi_tracks.10_58_1.trk']",39386654663764,42.558032547,False,67108864,"[('/dev/shm', 1024)]"
read_s3fs_nib,"['hydi-tractography/hydi_tracks.10_58_0.trk', 'hydi-tractography/hydi_tracks.10_58_1.trk', 'hydi-tractography/hydi_tracks.10_58_2.trk']",39429446967643,147.061683312,False,67108864,"[]"
read_mem_nib,"['/dev/shm/hydi_tracks.10_58_0.trk', '/dev/shm/hydi_tracks.10_58_1.trk', '/dev/shm/hydi_tracks.10_58_2.trk']",39609014158150,41.668670617000004,False,0,"[]"
read_prefetch_nib,"['vhs-bucket/hydi-header.trk', 'hydi-tractography/hydi_tracks.10_58_0.trk', 'hydi-tractography/hydi_tracks.10_58_1.trk', 'hydi-tractography/hydi_tracks.10_58_2.trk']",39651161822870,130.268351521,False,67108864,"[('/dev/shm', 1024)]"
read_mem_bytes,"['/dev/shm/hydi_tracks.10_58_0.trk', '/dev/shm/hydi_tracks.10_58_1.trk', '/dev/shm/hydi_tracks.10_58_2.trk']",39813930308128,1.635345075,False,0,"[]"
read_prefetch_bytes,"['vhs-bucket/hydi-header.trk', 'hydi-tractography/hydi_tracks.10_58_0.trk', 'hydi-tractography/hydi_tracks.10_58_1.trk', 'hydi-tractography/hydi_tracks.10_58_2.trk']",39816130718888,83.805130328,False,67108864,"[('/dev/shm', 1024)]"
read_s3fs_bytes,"['hydi-tractography/hydi_tracks.10_58_0.trk', 'hydi-tractography/hydi_tracks.10_58_1.trk', 'hydi-tractography/hydi_tracks.10_58_2.trk']",39900158731085,39.597958033000005,False,67108864,"[]"
read_prefetch_nib,"['vhs-bucket/hydi-header.trk', 'hydi-tractography/hydi_tracks.10_58_0.trk', 'hydi-tractography/hydi_tracks.10_58_1.trk', 'hydi-tractography/hydi_tracks.10_58_2.trk', 'hydi-tractography/hydi_tracks.10_58_3.trk']",39939990456702,169.021421925,False,67108864,"[('/dev/shm', 1024)]"
read_prefetch_bytes,"['vhs-bucket/hydi-header.trk', 'hydi-tractography/hydi_tracks.10_58_0.trk', 'hydi-tractography/hydi_tracks.10_58_1.trk', 'hydi-tractography/hydi_tracks.10_58_2.trk', 'hydi-tractography/hydi_tracks.10_58_3.trk']",40109251424361,113.13243914600001,False,67108864,"[('/dev/shm', 1024)]"
read_mem_bytes,"['/dev/shm/hydi_tracks.10_58_0.trk', '/dev/shm/hydi_tracks.10_58_1.trk', '/dev/shm/hydi_tracks.10_58_2.trk', '/dev/shm/hydi_tracks.10_58_3.trk']",40261322903149,1.9706744760000001,False,0,"[]"
read_s3fs_bytes,"['hydi-tractography/hydi_tracks.10_58_0.trk', 'hydi-tractography/hydi_tracks.10_58_1.trk', 'hydi-tractography/hydi_tracks.10_58_2.trk', 'hydi-tractography/hydi_tracks.10_58_3.trk']",40263928550548,48.809271868,False,67108864,"[]"
read_mem_nib,"['/dev/shm/hydi_tracks.10_58_0.trk', '/dev/shm/hydi_tracks.10_58_1.trk', '/dev/shm/hydi_tracks.10_58_2.trk', '/dev/shm/hydi_tracks.10_58_3.trk']",40352554222932,54.21991911200001,False,0,"[]"
read_s3fs_nib,"['hydi-tractography/hydi_tracks.10_58_0.trk', 'hydi-tractography/hydi_tracks.10_58_1.trk', 'hydi-tractography/hydi_tracks.10_58_2.trk', 'hydi-tractography/hydi_tracks.10_58_3.trk']",40407414269028,173.817154627,False,67108864,"[]"
read_s3fs_nib,"['hydi-tractography/hydi_tracks.10_58_0.trk', 'hydi-tractography/hydi_tracks.10_58_1.trk', 'hydi-tractography/hydi_tracks.10_58_2.trk', 'hydi-tractography/hydi_tracks.10_58_3.trk', 'hydi-tractography/hydi_tracks.10_58_4.trk']",40581474745820,242.20046358500002,False,67108864,"[]"
read_mem_bytes,"['/dev/shm/hydi_tracks.10_58_0.trk', '/dev/shm/hydi_tracks.10_58_1.trk', '/dev/shm/hydi_tracks.10_58_2.trk', '/dev/shm/hydi_tracks.10_58_3.trk', '/dev/shm/hydi_tracks.10_58_4.trk']",40876490615628,2.670852006,False,0,"[]"
read_mem_nib,"['/dev/shm/hydi_tracks.10_58_0.trk', '/dev/shm/hydi_tracks.10_58_1.trk', '/dev/shm/hydi_tracks.10_58_2.trk', '/dev/shm/hydi_tracks.10_58_3.trk', '/dev/shm/hydi_tracks.10_58_4.trk']",40934313941559,68.985540408,False,0,"[]"
read_prefetch_nib,"['vhs-bucket/hydi-header.trk', 'hydi-tractography/hydi_tracks.10_58_0.trk', 'hydi-tractography/hydi_tracks.10_58_1.trk', 'hydi-tractography/hydi_tracks.10_58_2.trk', 'hydi-tractography/hydi_tracks.10_58_3.trk', 'hydi-tractography/hydi_tracks.10_58_4.trk']",41004079327309,215.65606115900002,False,67108864,"[('/dev/shm', 1024)]"
read_prefetch_bytes,"['vhs-bucket/hydi-header.trk', 'hydi-tractography/hydi_tracks.10_58_0.trk', 'hydi-tractography/hydi_tracks.10_58_1.trk', 'hydi-tractography/hydi_tracks.10_58_2.trk', 'hydi-tractography/hydi_tracks.10_58_3.trk', 'hydi-tractography/hydi_tracks.10_58_4.trk']",41219952424849,188.12358910400002,False,67108864,"[('/dev/shm', 1024)]"
read_s3fs_bytes,"['hydi-tractography/hydi_tracks.10_58_0.trk', 'hydi-tractography/hydi_tracks.10_58_1.trk', 'hydi-tractography/hydi_tracks.10_58_2.trk', 'hydi-tractography/hydi_tracks.10_58_3.trk', 'hydi-tractography/hydi_tracks.10_58_4.trk']",41408293378540,66.109953817,False,67108864,"[]"
read_s3fs_bytes,"['hydi-tractography/hydi_tracks.10_58_0.trk']",41474577091569,12.544111589,False,67108864,"[]"
read_prefetch_nib,"['vhs-bucket/hydi-header.trk', 'hydi-tractography/hydi_tracks.10_58_0.trk']",41487352826138,42.457363979,False,67108864,"[('/dev/shm', 1024)]"
read_mem_nib,"['/dev/shm/hydi_tracks.10_58_0.trk']",41542032206570,13.486605151000001,False,0,"[]"
read_s3fs_nib,"['hydi-tractography/hydi_tracks.10_58_0.trk']",41555850818517,43.146582983,False,67108864,"[]"
read_mem_bytes,"['/dev/shm/hydi_tracks.10_58_0.trk']",41611023932915,0.49468669200000004,False,0,"[]"
read_prefetch_bytes,"['vhs-bucket/hydi-header.trk', 'hydi-tractography/hydi_tracks.10_58_0.trk']",41611855749920,16.272718718,False,67108864,"[('/dev/shm', 1024)]"
read_s3fs_nib,"['hydi-tractography/hydi_tracks.10_58_0.trk', 'hydi-tractography/hydi_tracks.10_58_1.trk']",41628363173885,87.609771267,False,67108864,"[]"
read_mem_bytes,"['/dev/shm/hydi_tracks.10_58_0.trk', '/dev/shm/hydi_tracks.10_58_1.trk']",41735568533340,0.9947971780000001,False,0,"[]"
read_mem_nib,"['/dev/shm/hydi_tracks.10_58_0.trk', '/dev/shm/hydi_tracks.10_58_1.trk']",41756326277802,27.543856303000002,False,0,"[]"
read_prefetch_nib,"['vhs-bucket/hydi-header.trk', 'hydi-tractography/hydi_tracks.10_58_0.trk', 'hydi-tractography/hydi_tracks.10_58_1.trk']",41784306885321,85.967541745,False,67108864,"[('/dev/shm', 1024)]"
read_prefetch_bytes,"['vhs-bucket/hydi-header.trk', 'hydi-tractography/hydi_tracks.10_58_0.trk', 'hydi-tractography/hydi_tracks.10_58_1.trk']",41870507903594,39.067991493,False,67108864,"[('/dev/shm', 1024)]"
read_s3fs_bytes,"['hydi-tractography/hydi_tracks.10_58_0.trk', 'hydi-tractography/hydi_tracks.10_58_1.trk']",41909818362761,23.940344054,False,67108864,"[]"
read_prefetch_bytes,"['vhs-bucket/hydi-header.trk', 'hydi-tractography/hydi_tracks.10_58_0.trk', 'hydi-tractography/hydi_tracks.10_58_1.trk', 'hydi-tractography/hydi_tracks.10_58_2.trk']",41933995579673,85.11953783700001,False,67108864,"[('/dev/shm', 1024)]"
read_prefetch_nib,"['vhs-bucket/hydi-header.trk', 'hydi-tractography/hydi_tracks.10_58_0.trk', 'hydi-tractography/hydi_tracks.10_58_1.trk', 'hydi-tractography/hydi_tracks.10_58_2.trk']",42019363448996,130.832027454,False,67108864,"[('/dev/shm', 1024)]"
read_s3fs_nib,"['hydi-tractography/hydi_tracks.10_58_0.trk', 'hydi-tractography/hydi_tracks.10_58_1.trk', 'hydi-tractography/hydi_tracks.10_58_2.trk']",42150428170514,139.07482659800002,False,67108864,"[]"
read_s3fs_bytes,"['hydi-tractography/hydi_tracks.10_58_0.trk', 'hydi-tractography/hydi_tracks.10_58_1.trk', 'hydi-tractography/hydi_tracks.10_58_2.trk']",42289729149227,40.307648109000006,False,67108864,"[]"
read_mem_bytes,"['/dev/shm/hydi_tracks.10_58_0.trk', '/dev/shm/hydi_tracks.10_58_1.trk', '/dev/shm/hydi_tracks.10_58_2.trk']",42362451092588,1.634532689,False,0,"[]"
read_mem_nib,"['/dev/shm/hydi_tracks.10_58_0.trk', '/dev/shm/hydi_tracks.10_58_1.trk', '/dev/shm/hydi_tracks.10_58_2.trk']",42396989573406,41.467812358,False,0,"[]"
read_s3fs_bytes,"['hydi-tractography/hydi_tracks.10_58_0.trk', 'hydi-tractography/hydi_tracks.10_58_1.trk', 'hydi-tractography/hydi_tracks.10_58_2.trk', 'hydi-tractography/hydi_tracks.10_58_3.trk']",42439007608492,51.572082280000004,False,67108864,"[]"
read_s3fs_nib,"['hydi-tractography/hydi_tracks.10_58_0.trk', 'hydi-tractography/hydi_tracks.10_58_1.trk', 'hydi-tractography/hydi_tracks.10_58_2.trk', 'hydi-tractography/hydi_tracks.10_58_3.trk']",42490823508687,175.710176968,False,67108864,"[]"
read_prefetch_nib,"['vhs-bucket/hydi-header.trk', 'hydi-tractography/hydi_tracks.10_58_0.trk', 'hydi-tractography/hydi_tracks.10_58_1.trk', 'hydi-tractography/hydi_tracks.10_58_2.trk', 'hydi-tractography/hydi_tracks.10_58_3.trk']",42666764476100,168.04347423200002,False,67108864,"[('/dev/shm', 1024)]"
read_mem_bytes,"['/dev/shm/hydi_tracks.10_58_0.trk', '/dev/shm/hydi_tracks.10_58_1.trk', '/dev/shm/hydi_tracks.10_58_2.trk', '/dev/shm/hydi_tracks.10_58_3.trk']",42874008668586,1.996861683,False,0,"[]"
read_prefetch_bytes,"['vhs-bucket/hydi-header.trk', 'hydi-tractography/hydi_tracks.10_58_0.trk', 'hydi-tractography/hydi_tracks.10_58_1.trk', 'hydi-tractography/hydi_tracks.10_58_2.trk', 'hydi-tractography/hydi_tracks.10_58_3.trk']",42876647889534,113.68123209900001,False,67108864,"[('/dev/shm', 1024)]"
read_mem_nib,"['/dev/shm/hydi_tracks.10_58_0.trk', '/dev/shm/hydi_tracks.10_58_1.trk', '/dev/shm/hydi_tracks.10_58_2.trk', '/dev/shm/hydi_tracks.10_58_3.trk']",43029944886555,54.570309745,False,0,"[]"
read_prefetch_bytes,"['vhs-bucket/hydi-header.trk', 'hydi-tractography/hydi_tracks.10_58_0.trk', 'hydi-tractography/hydi_tracks.10_58_1.trk', 'hydi-tractography/hydi_tracks.10_58_2.trk', 'hydi-tractography/hydi_tracks.10_58_3.trk', 'hydi-tractography/hydi_tracks.10_58_4.trk']",43085098352763,186.431042767,False,67108864,"[('/dev/shm', 1024)]"
read_s3fs_nib,"['hydi-tractography/hydi_tracks.10_58_0.trk', 'hydi-tractography/hydi_tracks.10_58_1.trk', 'hydi-tractography/hydi_tracks.10_58_2.trk', 'hydi-tractography/hydi_tracks.10_58_3.trk', 'hydi-tractography/hydi_tracks.10_58_4.trk']",43271681678677,256.145789332,False,67108864,"[]"
read_prefetch_nib,"['vhs-bucket/hydi-header.trk', 'hydi-tractography/hydi_tracks.10_58_0.trk', 'hydi-tractography/hydi_tracks.10_58_1.trk', 'hydi-tractography/hydi_tracks.10_58_2.trk', 'hydi-tractography/hydi_tracks.10_58_3.trk', 'hydi-tractography/hydi_tracks.10_58_4.trk']",43528040527127,214.520270277,False,67108864,"[('/dev/shm', 1024)]"
read_mem_nib,"['/dev/shm/hydi_tracks.10_58_0.trk', '/dev/shm/hydi_tracks.10_58_1.trk', '/dev/shm/hydi_tracks.10_58_2.trk', '/dev/shm/hydi_tracks.10_58_3.trk', '/dev/shm/hydi_tracks.10_58_4.trk']",43796479269007,69.168044222,False,0,"[]"
read_mem_bytes,"['/dev/shm/hydi_tracks.10_58_0.trk', '/dev/shm/hydi_tracks.10_58_1.trk', '/dev/shm/hydi_tracks.10_58_2.trk', '/dev/shm/hydi_tracks.10_58_3.trk', '/dev/shm/hydi_tracks.10_58_4.trk']",43919279861680,2.689474929,False,0,"[]"
read_s3fs_bytes,"['hydi-tractography/hydi_tracks.10_58_0.trk', 'hydi-tractography/hydi_tracks.10_58_1.trk', 'hydi-tractography/hydi_tracks.10_58_2.trk', 'hydi-tractography/hydi_tracks.10_58_3.trk', 'hydi-tractography/hydi_tracks.10_58_4.trk']",43922750660060,65.881806564,False,67108864,"[]"
