action,file,timestamp,runtime,lazy,blocksize,prefetch_storage
read_trk,"<File-like object S3PrefetchFileSystem, hydi-tractography/hydi_tracks.12_58_7.trk>",375749166325614,61.57384011800001,False,0,"[]"
read_prefetched,hydi-tractography/hydi_tracks.12_58_7.trk,375748604088744,62.138864259,False,67108864,"[('/dev/shm', 5242880)]"
read_trk,"<_io.BufferedReader name='/dev/shm/hydi_tracks.12_58_7.trk'>",375811004100484,16.189377109000002,False,0,"[]"
read_mem,/dev/shm/hydi_tracks.12_58_7.trk,375810743039672,16.451461407,False,0,"[]"
read_trk,"<File-like object S3FileSystem, hydi-tractography/hydi_tracks.12_58_7.trk>",375827502197054,94.63892990400001,False,0,"[]"
read_s3fs,hydi-tractography/hydi_tracks.12_58_7.trk,375827194571058,94.948266934,False,67108864,"[]"
read_trk,"<_io.BufferedReader name='/dev/shm/hydi_tracks.12_58_7.trk'>",375922416231219,16.386730201000002,False,0,"[]"
read_mem,/dev/shm/hydi_tracks.12_58_7.trk,375922142943516,16.661139984000002,False,0,"[]"
read_trk,"<File-like object S3FileSystem, hydi-tractography/hydi_tracks.12_58_7.trk>",375939111326350,75.54731519100001,False,0,"[]"
read_s3fs,hydi-tractography/hydi_tracks.12_58_7.trk,375938804162739,75.85621902700001,False,67108864,"[]"
read_trk,"<File-like object S3PrefetchFileSystem, hydi-tractography/hydi_tracks.12_58_7.trk>",376015004803296,53.632582529000004,False,0,"[]"
read_prefetched,hydi-tractography/hydi_tracks.12_58_7.trk,376014660469599,53.978672460000006,False,67108864,"[('/dev/shm', 5242880)]"
read_trk,"<File-like object S3PrefetchFileSystem, hydi-tractography/hydi_tracks.12_58_7.trk>",376069018200011,51.889272661,False,0,"[]"
read_prefetched,hydi-tractography/hydi_tracks.12_58_7.trk,376068639257280,52.270259120000006,False,67108864,"[('/dev/shm', 5242880)]"
read_trk,"<File-like object S3FileSystem, hydi-tractography/hydi_tracks.12_58_7.trk>",376121190108343,64.204033936,False,0,"[]"
read_s3fs,hydi-tractography/hydi_tracks.12_58_7.trk,376120909602944,64.487004415,False,67108864,"[]"
read_trk,"<_io.BufferedReader name='/dev/shm/hydi_tracks.12_58_7.trk'>",376185701926359,16.040386762,False,0,"[]"
read_mem,/dev/shm/hydi_tracks.12_58_7.trk,376185396686219,16.347621199000002,False,0,"[]"
read_trk,"<File-like object S3PrefetchFileSystem, hydi-tractography/hydi_tracks.12_58_7.trk>",376202121350342,52.048693319,False,0,"[]"
read_prefetched,hydi-tractography/hydi_tracks.12_58_7.trk,376201744413949,52.426729895,False,67108864,"[('/dev/shm', 5242880)]"
read_trk,"<_io.BufferedReader name='/dev/shm/hydi_tracks.12_58_7.trk'>",376254500544528,16.373826343,False,0,"[]"
read_mem,/dev/shm/hydi_tracks.12_58_7.trk,376254171245849,16.704203947,False,0,"[]"
read_trk,"<File-like object S3FileSystem, hydi-tractography/hydi_tracks.12_58_7.trk>",376271172486512,61.225350067,False,0,"[]"
read_s3fs,hydi-tractography/hydi_tracks.12_58_7.trk,376270875526150,61.52379165000001,False,67108864,"[]"
read_trk,"<File-like object S3FileSystem, hydi-tractography/hydi_tracks.12_58_7.trk>",376332704403529,72.66747020700001,False,0,"[]"
read_s3fs,hydi-tractography/hydi_tracks.12_58_7.trk,376332399434008,72.97399478,False,67108864,"[]"
read_trk,"<_io.BufferedReader name='/dev/shm/hydi_tracks.12_58_7.trk'>",376405702827386,16.178531972000002,False,0,"[]"
read_mem,/dev/shm/hydi_tracks.12_58_7.trk,376405373512705,16.509774171,False,0,"[]"
read_trk,"<File-like object S3PrefetchFileSystem, hydi-tractography/hydi_tracks.12_58_7.trk>",376422270933648,52.680798958000004,False,0,"[]"
read_prefetched,hydi-tractography/hydi_tracks.12_58_7.trk,376421883359351,53.069891751,False,67108864,"[('/dev/shm', 5242880)]"
read_trk,"<File-like object S3FileSystem, hydi-tractography/hydi_tracks.12_58_7.trk>",376475294084022,61.295818213000004,False,0,"[]"
read_s3fs,hydi-tractography/hydi_tracks.12_58_7.trk,376474953367303,61.638316598,False,67108864,"[]"
read_trk,"<File-like object S3PrefetchFileSystem, hydi-tractography/hydi_tracks.12_58_7.trk>",376536949093012,52.290139228,False,0,"[]"
read_prefetched,hydi-tractography/hydi_tracks.12_58_7.trk,376536591765331,52.648966708,False,67108864,"[('/dev/shm', 5242880)]"
read_trk,"<_io.BufferedReader name='/dev/shm/hydi_tracks.12_58_7.trk'>",376589551312228,16.11448438,False,0,"[]"
read_mem,/dev/shm/hydi_tracks.12_58_7.trk,376589240821303,16.426435136000002,False,0,"[]"
read_trk,"<_io.BufferedReader name='/dev/shm/hydi_tracks.12_58_7.trk'>",376605973388597,16.354542708,False,0,"[]"
read_mem,/dev/shm/hydi_tracks.12_58_7.trk,376605667364531,16.661523783,False,0,"[]"
read_trk,"<File-like object S3PrefetchFileSystem, hydi-tractography/hydi_tracks.12_58_7.trk>",376622738064118,52.759188077000005,False,0,"[]"
read_prefetched,hydi-tractography/hydi_tracks.12_58_7.trk,376622328962093,53.169374180000005,False,67108864,"[('/dev/shm', 5242880)]"
read_trk,"<File-like object S3FileSystem, hydi-tractography/hydi_tracks.12_58_7.trk>",376675843058110,61.783720925000004,False,0,"[]"
read_s3fs,hydi-tractography/hydi_tracks.12_58_7.trk,376675498418683,62.130000358000004,False,67108864,"[]"
read_trk,"<_io.BufferedReader name='/dev/shm/hydi_tracks.12_58_7.trk'>",376737936072559,16.328394652,False,0,"[]"
read_mem,/dev/shm/hydi_tracks.12_58_7.trk,376737628534175,16.637108094000002,False,0,"[]"
read_trk,"<File-like object S3FileSystem, hydi-tractography/hydi_tracks.12_58_7.trk>",376754627640013,63.015497106000005,False,0,"[]"
read_s3fs,hydi-tractography/hydi_tracks.12_58_7.trk,376754265715766,63.37951494400001,False,67108864,"[]"
read_trk,"<File-like object S3PrefetchFileSystem, hydi-tractography/hydi_tracks.12_58_7.trk>",376817998989326,51.969887784,False,0,"[]"
read_prefetched,hydi-tractography/hydi_tracks.12_58_7.trk,376817645320756,52.325403464000004,False,67108864,"[('/dev/shm', 5242880)]"
read_trk,"<_io.BufferedReader name='/dev/shm/hydi_tracks.12_58_7.trk'>",376870272901469,16.031073853000002,False,0,"[]"
read_mem,/dev/shm/hydi_tracks.12_58_7.trk,376869970842828,16.334615865,False,0,"[]"
read_trk,"<File-like object S3FileSystem, hydi-tractography/hydi_tracks.12_58_7.trk>",376886650144293,59.725698934,False,0,"[]"
read_s3fs,hydi-tractography/hydi_tracks.12_58_7.trk,376886305530731,60.07220885700001,False,67108864,"[]"
read_trk,"<File-like object S3PrefetchFileSystem, hydi-tractography/hydi_tracks.12_58_7.trk>",376946733179674,52.720791233,False,0,"[]"
read_prefetched,hydi-tractography/hydi_tracks.12_58_7.trk,376946377828187,53.077612665000004,False,67108864,"[('/dev/shm', 5242880)]"
read_trk,"<File-like object S3PrefetchFileSystem, hydi-tractography/hydi_tracks.12_58_7.trk>",376999820443776,52.424631517,False,0,"[]"
read_prefetched,hydi-tractography/hydi_tracks.12_58_7.trk,376999455549767,52.790633535000005,False,67108864,"[('/dev/shm', 5242880)]"
read_trk,"<File-like object S3FileSystem, hydi-tractography/hydi_tracks.12_58_7.trk>",377052582253137,61.252356875000004,False,0,"[]"
read_s3fs,hydi-tractography/hydi_tracks.12_58_7.trk,377052246268387,61.590094343000004,False,67108864,"[]"
read_trk,"<_io.BufferedReader name='/dev/shm/hydi_tracks.12_58_7.trk'>",377114163922430,16.148857635000002,False,0,"[]"
read_mem,/dev/shm/hydi_tracks.12_58_7.trk,377113836446948,16.477414888000002,False,0,"[]"
read_trk,"<_io.BufferedReader name='/dev/shm/hydi_tracks.12_58_7.trk'>",377130552964413,16.146813918,False,0,"[]"
read_mem,/dev/shm/hydi_tracks.12_58_7.trk,377130313964548,16.386841433,False,0,"[]"
read_trk,"<File-like object S3FileSystem, hydi-tractography/hydi_tracks.12_58_7.trk>",377147044590800,71.123672087,False,0,"[]"
read_s3fs,hydi-tractography/hydi_tracks.12_58_7.trk,377146700880962,71.46905520300001,False,67108864,"[]"
read_trk,"<File-like object S3PrefetchFileSystem, hydi-tractography/hydi_tracks.12_58_7.trk>",377218549037405,53.695661346,False,0,"[]"
read_prefetched,hydi-tractography/hydi_tracks.12_58_7.trk,377218170024481,54.075969594,False,67108864,"[('/dev/shm', 5242880)]"
read_trk,"<_io.BufferedReader name='/dev/shm/hydi_tracks.12_58_7.trk'>",377272548644478,16.344400514,False,0,"[]"
read_mem,/dev/shm/hydi_tracks.12_58_7.trk,377272246141497,16.648845315000003,False,0,"[]"
read_trk,"<File-like object S3FileSystem, hydi-tractography/hydi_tracks.12_58_7.trk>",377289232673037,63.06724714400001,False,0,"[]"
read_s3fs,hydi-tractography/hydi_tracks.12_58_7.trk,377288895079635,63.406428672000004,False,67108864,"[]"
read_trk,"<File-like object S3PrefetchFileSystem, hydi-tractography/hydi_tracks.12_58_7.trk>",377352657925382,53.190601441000005,False,0,"[]"
read_prefetched,hydi-tractography/hydi_tracks.12_58_7.trk,377352301593831,53.548210593,False,67108864,"[('/dev/shm', 5242880)]"
read_trk,"<File-like object S3PrefetchFileSystem, hydi-tractography/hydi_tracks.12_58_7.trk>",377406207820450,53.094383263000005,False,0,"[]"
read_prefetched,hydi-tractography/hydi_tracks.12_58_7.trk,377405849916415,53.453505005000004,False,67108864,"[('/dev/shm', 5242880)]"
read_trk,"<_io.BufferedReader name='/dev/shm/hydi_tracks.12_58_7.trk'>",377459613168395,16.432257663,False,0,"[]"
read_mem,/dev/shm/hydi_tracks.12_58_7.trk,377459303506368,16.742954398000002,False,0,"[]"
read_trk,"<File-like object S3FileSystem, hydi-tractography/hydi_tracks.12_58_7.trk>",377476413968291,60.952657917,False,0,"[]"
read_s3fs,hydi-tractography/hydi_tracks.12_58_7.trk,377476046534363,61.321777578,False,67108864,"[]"
read_trk,"<File-like object S3PrefetchFileSystem, hydi-tractography/hydi_tracks.12_58_7.trk>",377537733469841,52.93249221000001,False,0,"[]"
read_prefetched,hydi-tractography/hydi_tracks.12_58_7.trk,377537368432864,53.298609508000006,False,67108864,"[('/dev/shm', 5242880)]"
read_trk,"<_io.BufferedReader name='/dev/shm/hydi_tracks.12_58_7.trk'>",377590972807433,16.343093965,False,0,"[]"
read_mem,/dev/shm/hydi_tracks.12_58_7.trk,377590667152792,16.650168004,False,0,"[]"
read_trk,"<File-like object S3FileSystem, hydi-tractography/hydi_tracks.12_58_7.trk>",377607666484386,61.22693116200001,False,0,"[]"
read_s3fs,hydi-tractography/hydi_tracks.12_58_7.trk,377607317397554,61.578139674000006,False,67108864,"[]"
read_trk,"<File-like object S3FileSystem, hydi-tractography/hydi_tracks.12_58_7.trk>",377669245866701,60.682278619,False,0,"[]"
read_s3fs,hydi-tractography/hydi_tracks.12_58_7.trk,377668895653753,61.034202558000004,False,67108864,"[]"
read_trk,"<_io.BufferedReader name='/dev/shm/hydi_tracks.12_58_7.trk'>",377730237087087,16.291934351000002,False,0,"[]"
read_mem,/dev/shm/hydi_tracks.12_58_7.trk,377729929939676,16.600761459,False,0,"[]"
read_trk,"<File-like object S3PrefetchFileSystem, hydi-tractography/hydi_tracks.12_58_7.trk>",377746899391804,52.918489043,False,0,"[]"
read_prefetched,hydi-tractography/hydi_tracks.12_58_7.trk,377746530776285,53.288445131,False,67108864,"[('/dev/shm', 5242880)]"
read_trk,"<File-like object S3FileSystem, hydi-tractography/hydi_tracks.12_58_7.trk>",377800173346623,62.487217611000005,False,0,"[]"
read_s3fs,hydi-tractography/hydi_tracks.12_58_7.trk,377799819337490,62.842961336,False,67108864,"[]"
read_trk,"<_io.BufferedReader name='/dev/shm/hydi_tracks.12_58_7.trk'>",377862959181105,16.243037568000002,False,0,"[]"
read_mem,/dev/shm/hydi_tracks.12_58_7.trk,377862662382320,16.540929136000003,False,0,"[]"
read_trk,"<File-like object S3PrefetchFileSystem, hydi-tractography/hydi_tracks.12_58_7.trk>",377879566772194,52.213852999000004,False,0,"[]"
read_prefetched,hydi-tractography/hydi_tracks.12_58_7.trk,377879203386449,52.579234283000005,False,67108864,"[('/dev/shm', 5242880)]"
read_trk,"<_io.BufferedReader name='/dev/shm/hydi_tracks.12_58_7.trk'>",377932091990539,16.086362543,False,0,"[]"
read_mem,/dev/shm/hydi_tracks.12_58_7.trk,377931782731305,16.396739,False,0,"[]"
read_trk,"<File-like object S3FileSystem, hydi-tractography/hydi_tracks.12_58_7.trk>",377948519437075,61.80796788400001,False,0,"[]"
read_s3fs,hydi-tractography/hydi_tracks.12_58_7.trk,377948179542402,62.149574989,False,67108864,"[]"
read_trk,"<File-like object S3PrefetchFileSystem, hydi-tractography/hydi_tracks.12_58_7.trk>",378010694025282,52.296816675,False,0,"[]"
read_prefetched,hydi-tractography/hydi_tracks.12_58_7.trk,378010329205003,52.662713219000004,False,67108864,"[('/dev/shm', 5242880)]"
read_trk,"<_io.BufferedReader name='/dev/shm/hydi_tracks.12_58_7.trk'>",378063310663943,16.124575460000003,False,0,"[]"
read_mem,/dev/shm/hydi_tracks.12_58_7.trk,378062992033697,16.445001429,False,0,"[]"
read_trk,"<File-like object S3FileSystem, hydi-tractography/hydi_tracks.12_58_7.trk>",378079732298862,61.20969457300001,False,0,"[]"
read_s3fs,hydi-tractography/hydi_tracks.12_58_7.trk,378079437112599,61.506617243,False,67108864,"[]"
read_trk,"<File-like object S3PrefetchFileSystem, hydi-tractography/hydi_tracks.12_58_7.trk>",378141335043217,52.819047566,False,0,"[]"
read_prefetched,hydi-tractography/hydi_tracks.12_58_7.trk,378140943816928,53.211531694,False,67108864,"[('/dev/shm', 5242880)]"
read_trk,"<_io.BufferedReader name='/dev/shm/hydi_tracks.12_58_7.trk'>",378194465469316,16.321959729,False,0,"[]"
read_mem,/dev/shm/hydi_tracks.12_58_7.trk,378194155460601,16.632970947,False,0,"[]"
read_trk,"<File-like object S3FileSystem, hydi-tractography/hydi_tracks.12_58_7.trk>",378211129526927,59.92894492200001,False,0,"[]"
read_s3fs,hydi-tractography/hydi_tracks.12_58_7.trk,378210788502626,60.271385893,False,67108864,"[]"
read_trk,"<File-like object S3PrefetchFileSystem, hydi-tractography/hydi_tracks.12_58_7.trk>",378271432492408,52.072738484000006,False,0,"[]"
read_prefetched,hydi-tractography/hydi_tracks.12_58_7.trk,378271059970134,52.446371961000004,False,67108864,"[('/dev/shm', 5242880)]"
read_trk,"<_io.BufferedReader name='/dev/shm/hydi_tracks.12_58_7.trk'>",378323808205448,16.347107613000002,False,0,"[]"
read_mem,/dev/shm/hydi_tracks.12_58_7.trk,378323506451884,16.650215182,False,0,"[]"
read_trk,"<File-like object S3PrefetchFileSystem, hydi-tractography/hydi_tracks.12_58_7.trk>",378340522530055,52.11636605,False,0,"[]"
read_prefetched,hydi-tractography/hydi_tracks.12_58_7.trk,378340156748439,52.483321717,False,67108864,"[('/dev/shm', 5242880)]"
read_trk,"<File-like object S3FileSystem, hydi-tractography/hydi_tracks.12_58_7.trk>",378392991012104,62.72598861,False,0,"[]"
read_s3fs,hydi-tractography/hydi_tracks.12_58_7.trk,378392640160324,63.078304248,False,67108864,"[]"
