action,file,timestamp,runtime,lazy,blocksize,prefetch_storage
read_trk,<File-like object S3FileSystem, hydi-tractography/hydi_tracks.11_58_7.trk>,454176054558194,68.680262684,True,0,[]
read_trk,<File-like object S3FileSystem, hydi-tractography/hydi_tracks.12_58_0.trk>,454244740963807,49.302710202,True,0,[]
read_trk,<File-like object S3FileSystem, hydi-tractography/hydi_tracks.12_58_1.trk>,454294045330645,76.56881852000001,True,0,[]
read_trk,<File-like object S3FileSystem, hydi-tractography/hydi_tracks.12_58_2.trk>,454370615660940,81.437239905,True,0,[]
read_s3fs,['hydi-tractography/hydi_tracks.11_58_7.trk', 'hydi-tractography/hydi_tracks.12_58_0.trk', 'hydi-tractography/hydi_tracks.12_58_1.trk', 'hydi-tractography/hydi_tracks.12_58_2.trk'],454175919154330,276.134419195,True,67108864,[]
read_trk,<File-like object S3PrefetchFileSystem, hydi-tractography/hydi_tracks.12_58_2.trk>,454452743086107,226.575940965,True,0,[]
read_prefetched,['vhs-bucket/hydi-header.trk', 'hydi-tractography/hydi_tracks.11_58_7.trk', 'hydi-tractography/hydi_tracks.12_58_0.trk', 'hydi-tractography/hydi_tracks.12_58_1.trk', 'hydi-tractography/hydi_tracks.12_58_2.trk'],454452053692588,227.26556805200002,True,67108864,[('/dev/shm', 1024)]
read_trk,<File-like object S3FileSystem, hydi-tractography/hydi_tracks.11_58_7.trk>,454679518267012,65.140989608,True,0,[]
read_trk,<File-like object S3FileSystem, hydi-tractography/hydi_tracks.12_58_0.trk>,454744660682963,45.58204681,True,0,[]
read_trk,<File-like object S3FileSystem, hydi-tractography/hydi_tracks.12_58_1.trk>,454790244209561,70.356348381,True,0,[]
read_trk,<File-like object S3FileSystem, hydi-tractography/hydi_tracks.12_58_2.trk>,454860601845274,64.72354951300001,True,0,[]
read_s3fs,['hydi-tractography/hydi_tracks.11_58_7.trk', 'hydi-tractography/hydi_tracks.12_58_0.trk', 'hydi-tractography/hydi_tracks.12_58_1.trk', 'hydi-tractography/hydi_tracks.12_58_2.trk'],454679319381671,246.00661401500003,True,67108864,[]
read_trk,<File-like object S3PrefetchFileSystem, hydi-tractography/hydi_tracks.12_58_2.trk>,454925719746452,231.259432172,True,0,[]
read_prefetched,['vhs-bucket/hydi-header.trk', 'hydi-tractography/hydi_tracks.11_58_7.trk', 'hydi-tractography/hydi_tracks.12_58_0.trk', 'hydi-tractography/hydi_tracks.12_58_1.trk', 'hydi-tractography/hydi_tracks.12_58_2.trk'],454925326132346,231.65326771800002,True,67108864,[('/dev/shm', 1024)]
read_trk,<File-like object S3FileSystem, hydi-tractography/hydi_tracks.11_58_7.trk>,455157181274330,63.444612702,True,0,[]
read_trk,<File-like object S3FileSystem, hydi-tractography/hydi_tracks.12_58_0.trk>,455220627307001,43.795375985,True,0,[]
read_trk,<File-like object S3FileSystem, hydi-tractography/hydi_tracks.12_58_1.trk>,455264424221674,66.69751988,True,0,[]
read_trk,<File-like object S3FileSystem, hydi-tractography/hydi_tracks.12_58_2.trk>,455331123233641,60.738560218,True,0,[]
read_s3fs,['hydi-tractography/hydi_tracks.11_58_7.trk', 'hydi-tractography/hydi_tracks.12_58_0.trk', 'hydi-tractography/hydi_tracks.12_58_1.trk', 'hydi-tractography/hydi_tracks.12_58_2.trk'],455156979528744,234.88294316800003,True,67108864,[]
read_trk,<File-like object S3PrefetchFileSystem, hydi-tractography/hydi_tracks.12_58_2.trk>,455392253665155,233.83099051200003,True,0,[]
read_prefetched,['vhs-bucket/hydi-header.trk', 'hydi-tractography/hydi_tracks.11_58_7.trk', 'hydi-tractography/hydi_tracks.12_58_0.trk', 'hydi-tractography/hydi_tracks.12_58_1.trk', 'hydi-tractography/hydi_tracks.12_58_2.trk'],455391862583936,234.22228664300002,True,67108864,[('/dev/shm', 1024)]
read_trk,<File-like object S3FileSystem, hydi-tractography/hydi_tracks.11_58_7.trk>,455626240824352,65.06813384,True,0,[]
read_trk,<File-like object S3FileSystem, hydi-tractography/hydi_tracks.12_58_0.trk>,455691314956386,42.155476139,True,0,[]
read_trk,<File-like object S3FileSystem, hydi-tractography/hydi_tracks.12_58_1.trk>,455733472023239,65.80600643400001,True,0,[]
read_trk,<File-like object S3FileSystem, hydi-tractography/hydi_tracks.12_58_2.trk>,455799279392117,63.391589159000006,True,0,[]
read_s3fs,['hydi-tractography/hydi_tracks.11_58_7.trk', 'hydi-tractography/hydi_tracks.12_58_0.trk', 'hydi-tractography/hydi_tracks.12_58_1.trk', 'hydi-tractography/hydi_tracks.12_58_2.trk'],455626084997935,236.58659870600002,True,67108864,[]
read_trk,<File-like object S3PrefetchFileSystem, hydi-tractography/hydi_tracks.12_58_2.trk>,455863078555981,231.730570094,True,0,[]
read_prefetched,['vhs-bucket/hydi-header.trk', 'hydi-tractography/hydi_tracks.11_58_7.trk', 'hydi-tractography/hydi_tracks.12_58_0.trk', 'hydi-tractography/hydi_tracks.12_58_1.trk', 'hydi-tractography/hydi_tracks.12_58_2.trk'],455862671725941,232.13761775,True,67108864,[('/dev/shm', 1024)]
read_trk,<File-like object S3FileSystem, hydi-tractography/hydi_tracks.11_58_7.trk>,456094994637796,62.588922836,True,0,[]
read_trk,<File-like object S3FileSystem, hydi-tractography/hydi_tracks.12_58_0.trk>,456157584989343,43.6205493,True,0,[]
read_trk,<File-like object S3FileSystem, hydi-tractography/hydi_tracks.12_58_1.trk>,456201207187216,66.539732617,True,0,[]
read_trk,<File-like object S3FileSystem, hydi-tractography/hydi_tracks.12_58_2.trk>,456267748364361,61.000060335,True,0,[]
read_s3fs,['hydi-tractography/hydi_tracks.11_58_7.trk', 'hydi-tractography/hydi_tracks.12_58_0.trk', 'hydi-tractography/hydi_tracks.12_58_1.trk', 'hydi-tractography/hydi_tracks.12_58_2.trk'],456094809471745,233.939628942,True,67108864,[]
read_trk,<File-like object S3PrefetchFileSystem, hydi-tractography/hydi_tracks.12_58_2.trk>,456329119358788,230.924440118,True,0,[]
read_prefetched,['vhs-bucket/hydi-header.trk', 'hydi-tractography/hydi_tracks.11_58_7.trk', 'hydi-tractography/hydi_tracks.12_58_0.trk', 'hydi-tractography/hydi_tracks.12_58_1.trk', 'hydi-tractography/hydi_tracks.12_58_2.trk'],456328749216100,231.294814204,True,67108864,[('/dev/shm', 1024)]
